Cache History Analysis Report
================================================================================

Pull Request: #2800
Title: V inner formal integral
Author: Rodot-
State: closed
Created: 2024-08-15T14:49:06Z

Cache Statistics:
  Total Events: 0
  Cache Hits: 0
  Cache Misses: 0
  Hit Rate: 0.0%

Cache Events (chronological order):
--------------------------------------------------------------------------------

Pull Request: #2872
Title: Logger Widget Panel
Author: atharva-2001
State: open
Created: 2024-11-11T09:07:27Z

Cache Statistics:
  Total Events: 132
  Cache Hits: 0
  Cache Misses: 132
  Hit Rate: 0.0%

Cache Events (chronological order):
  [2025-01-17_13-15-25] MISS: 2_not continuum ubuntu-latest.txt
    Key: Linux-lfs-da2b5f2a10e913c6b13843a5855aea2bb20264b467d915063c23fa8ba1af31fb-v1
  [2025-01-17_13-15-25] MISS: 1_ continuum macos-latest.txt
    Key: macOS-lfs-da2b5f2a10e913c6b13843a5855aea2bb20264b467d915063c23fa8ba1af31fb-v1
  [2025-01-17_13-15-25] MISS: 0_not continuum macos-latest.txt
    Key: macOS-lfs-da2b5f2a10e913c6b13843a5855aea2bb20264b467d915063c23fa8ba1af31fb-v1
  [2025-01-17_13-15-25] MISS: 3_ continuum ubuntu-latest.txt
    Key: Linux-lfs-da2b5f2a10e913c6b13843a5855aea2bb20264b467d915063c23fa8ba1af31fb-v1
  [2025-01-17_13-15-25] MISS: not continuum macos-latest/3_Setup LFS.txt
    Key: macOS-lfs-da2b5f2a10e913c6b13843a5855aea2bb20264b467d915063c23fa8ba1af31fb-v1
  [2025-01-17_13-15-25] MISS: not continuum ubuntu-latest/3_Setup LFS.txt
    Key: Linux-lfs-da2b5f2a10e913c6b13843a5855aea2bb20264b467d915063c23fa8ba1af31fb-v1
  [2025-01-17_13-15-25] MISS: continuum macos-latest/3_Setup LFS.txt
    Key: macOS-lfs-da2b5f2a10e913c6b13843a5855aea2bb20264b467d915063c23fa8ba1af31fb-v1
  [2025-01-17_13-15-25] MISS: continuum ubuntu-latest/3_Setup LFS.txt
    Key: Linux-lfs-da2b5f2a10e913c6b13843a5855aea2bb20264b467d915063c23fa8ba1af31fb-v1
  [2025-01-17_13-16-19] MISS: 2_not continuum ubuntu-latest.txt
    Key: Linux-lfs-da2b5f2a10e913c6b13843a5855aea2bb20264b467d915063c23fa8ba1af31fb-v1
  [2025-01-17_13-16-19] MISS: 1_ continuum macos-latest.txt
    Key: macOS-lfs-da2b5f2a10e913c6b13843a5855aea2bb20264b467d915063c23fa8ba1af31fb-v1
  [2025-01-17_13-16-19] MISS: 0_not continuum macos-latest.txt
    Key: macOS-lfs-da2b5f2a10e913c6b13843a5855aea2bb20264b467d915063c23fa8ba1af31fb-v1
  [2025-01-17_13-16-19] MISS: 3_ continuum ubuntu-latest.txt
    Key: Linux-lfs-da2b5f2a10e913c6b13843a5855aea2bb20264b467d915063c23fa8ba1af31fb-v1
  [2025-01-17_13-16-19] MISS: not continuum macos-latest/3_Setup LFS.txt
    Key: macOS-lfs-da2b5f2a10e913c6b13843a5855aea2bb20264b467d915063c23fa8ba1af31fb-v1
  [2025-01-17_13-16-19] MISS: not continuum ubuntu-latest/3_Setup LFS.txt
    Key: Linux-lfs-da2b5f2a10e913c6b13843a5855aea2bb20264b467d915063c23fa8ba1af31fb-v1
  [2025-01-17_13-16-19] MISS: continuum macos-latest/3_Setup LFS.txt
    Key: macOS-lfs-da2b5f2a10e913c6b13843a5855aea2bb20264b467d915063c23fa8ba1af31fb-v1
  [2025-01-17_13-16-19] MISS: continuum ubuntu-latest/3_Setup LFS.txt
    Key: Linux-lfs-da2b5f2a10e913c6b13843a5855aea2bb20264b467d915063c23fa8ba1af31fb-v1
  [2025-01-17_13-28-28] MISS: 2_not continuum ubuntu-latest.txt
    Key: Linux-lfs-da2b5f2a10e913c6b13843a5855aea2bb20264b467d915063c23fa8ba1af31fb-v1
  [2025-01-17_13-28-28] MISS: 1_ continuum macos-latest.txt
    Key: macOS-lfs-da2b5f2a10e913c6b13843a5855aea2bb20264b467d915063c23fa8ba1af31fb-v1
  [2025-01-17_13-28-28] MISS: 0_not continuum macos-latest.txt
    Key: macOS-lfs-da2b5f2a10e913c6b13843a5855aea2bb20264b467d915063c23fa8ba1af31fb-v1
  [2025-01-17_13-28-28] MISS: 3_ continuum ubuntu-latest.txt
    Key: Linux-lfs-da2b5f2a10e913c6b13843a5855aea2bb20264b467d915063c23fa8ba1af31fb-v1
  [2025-01-17_13-28-28] MISS: not continuum macos-latest/3_Setup LFS.txt
    Key: macOS-lfs-da2b5f2a10e913c6b13843a5855aea2bb20264b467d915063c23fa8ba1af31fb-v1
  [2025-01-17_13-28-28] MISS: not continuum ubuntu-latest/3_Setup LFS.txt
    Key: Linux-lfs-da2b5f2a10e913c6b13843a5855aea2bb20264b467d915063c23fa8ba1af31fb-v1
  [2025-01-17_13-28-28] MISS: continuum macos-latest/3_Setup LFS.txt
    Key: macOS-lfs-da2b5f2a10e913c6b13843a5855aea2bb20264b467d915063c23fa8ba1af31fb-v1
  [2025-01-17_13-28-28] MISS: continuum ubuntu-latest/3_Setup LFS.txt
    Key: Linux-lfs-da2b5f2a10e913c6b13843a5855aea2bb20264b467d915063c23fa8ba1af31fb-v1
  [2025-01-20_13-41-20] MISS: 2_not continuum ubuntu-latest.txt
    Key: Linux-lfs-da2b5f2a10e913c6b13843a5855aea2bb20264b467d915063c23fa8ba1af31fb-v1
  [2025-01-20_13-41-20] MISS: 1_ continuum macos-latest.txt
    Key: macOS-lfs-da2b5f2a10e913c6b13843a5855aea2bb20264b467d915063c23fa8ba1af31fb-v1
  [2025-01-20_13-41-20] MISS: 0_not continuum macos-latest.txt
    Key: macOS-lfs-da2b5f2a10e913c6b13843a5855aea2bb20264b467d915063c23fa8ba1af31fb-v1
  [2025-01-20_13-41-20] MISS: 3_ continuum ubuntu-latest.txt
    Key: Linux-lfs-da2b5f2a10e913c6b13843a5855aea2bb20264b467d915063c23fa8ba1af31fb-v1
  [2025-01-20_13-41-20] MISS: not continuum macos-latest/3_Setup LFS.txt
    Key: macOS-lfs-da2b5f2a10e913c6b13843a5855aea2bb20264b467d915063c23fa8ba1af31fb-v1
  [2025-01-20_13-41-20] MISS: not continuum ubuntu-latest/3_Setup LFS.txt
    Key: Linux-lfs-da2b5f2a10e913c6b13843a5855aea2bb20264b467d915063c23fa8ba1af31fb-v1
  [2025-01-20_13-41-20] MISS: continuum macos-latest/3_Setup LFS.txt
    Key: macOS-lfs-da2b5f2a10e913c6b13843a5855aea2bb20264b467d915063c23fa8ba1af31fb-v1
  [2025-01-20_13-41-20] MISS: continuum ubuntu-latest/3_Setup LFS.txt
    Key: Linux-lfs-da2b5f2a10e913c6b13843a5855aea2bb20264b467d915063c23fa8ba1af31fb-v1
  [2025-01-20_13-50-28] MISS: 2_not continuum ubuntu-latest.txt
    Key: Linux-lfs-da2b5f2a10e913c6b13843a5855aea2bb20264b467d915063c23fa8ba1af31fb-v1
  [2025-01-20_13-50-28] MISS: 1_ continuum macos-latest.txt
    Key: macOS-lfs-da2b5f2a10e913c6b13843a5855aea2bb20264b467d915063c23fa8ba1af31fb-v1
  [2025-01-20_13-50-28] MISS: 0_not continuum macos-latest.txt
    Key: macOS-lfs-da2b5f2a10e913c6b13843a5855aea2bb20264b467d915063c23fa8ba1af31fb-v1
  [2025-01-20_13-50-28] MISS: 3_ continuum ubuntu-latest.txt
    Key: Linux-lfs-da2b5f2a10e913c6b13843a5855aea2bb20264b467d915063c23fa8ba1af31fb-v1
  [2025-01-20_13-50-28] MISS: not continuum macos-latest/3_Setup LFS.txt
    Key: macOS-lfs-da2b5f2a10e913c6b13843a5855aea2bb20264b467d915063c23fa8ba1af31fb-v1
  [2025-01-20_13-50-28] MISS: not continuum ubuntu-latest/3_Setup LFS.txt
    Key: Linux-lfs-da2b5f2a10e913c6b13843a5855aea2bb20264b467d915063c23fa8ba1af31fb-v1
  [2025-01-20_13-50-28] MISS: continuum macos-latest/3_Setup LFS.txt
    Key: macOS-lfs-da2b5f2a10e913c6b13843a5855aea2bb20264b467d915063c23fa8ba1af31fb-v1
  [2025-01-20_13-50-28] MISS: continuum ubuntu-latest/3_Setup LFS.txt
    Key: Linux-lfs-da2b5f2a10e913c6b13843a5855aea2bb20264b467d915063c23fa8ba1af31fb-v1
  [2025-01-20_14-06-51] MISS: 2_not continuum ubuntu-latest.txt
    Key: Linux-lfs-da2b5f2a10e913c6b13843a5855aea2bb20264b467d915063c23fa8ba1af31fb-v1
  [2025-01-20_14-06-51] MISS: 1_ continuum macos-latest.txt
    Key: macOS-lfs-da2b5f2a10e913c6b13843a5855aea2bb20264b467d915063c23fa8ba1af31fb-v1
  [2025-01-20_14-06-51] MISS: 0_not continuum macos-latest.txt
    Key: macOS-lfs-da2b5f2a10e913c6b13843a5855aea2bb20264b467d915063c23fa8ba1af31fb-v1
  [2025-01-20_14-06-51] MISS: 3_ continuum ubuntu-latest.txt
    Key: Linux-lfs-da2b5f2a10e913c6b13843a5855aea2bb20264b467d915063c23fa8ba1af31fb-v1
  [2025-01-20_14-06-51] MISS: not continuum macos-latest/3_Setup LFS.txt
    Key: macOS-lfs-da2b5f2a10e913c6b13843a5855aea2bb20264b467d915063c23fa8ba1af31fb-v1
  [2025-01-20_14-06-51] MISS: not continuum ubuntu-latest/3_Setup LFS.txt
    Key: Linux-lfs-da2b5f2a10e913c6b13843a5855aea2bb20264b467d915063c23fa8ba1af31fb-v1
  [2025-01-20_14-06-51] MISS: continuum macos-latest/3_Setup LFS.txt
    Key: macOS-lfs-da2b5f2a10e913c6b13843a5855aea2bb20264b467d915063c23fa8ba1af31fb-v1
  [2025-01-20_14-06-51] MISS: continuum ubuntu-latest/3_Setup LFS.txt
    Key: Linux-lfs-da2b5f2a10e913c6b13843a5855aea2bb20264b467d915063c23fa8ba1af31fb-v1
  [2025-01-20_14-40-18] MISS: 2_not continuum ubuntu-latest.txt
    Key: Linux-lfs-da2b5f2a10e913c6b13843a5855aea2bb20264b467d915063c23fa8ba1af31fb-v1
  [2025-01-20_14-40-18] MISS: 1_ continuum macos-latest.txt
    Key: macOS-lfs-da2b5f2a10e913c6b13843a5855aea2bb20264b467d915063c23fa8ba1af31fb-v1
  [2025-01-20_14-40-18] MISS: 0_not continuum macos-latest.txt
    Key: macOS-lfs-da2b5f2a10e913c6b13843a5855aea2bb20264b467d915063c23fa8ba1af31fb-v1
  [2025-01-20_14-40-18] MISS: 3_ continuum ubuntu-latest.txt
    Key: Linux-lfs-da2b5f2a10e913c6b13843a5855aea2bb20264b467d915063c23fa8ba1af31fb-v1
  [2025-01-20_14-40-18] MISS: not continuum macos-latest/3_Setup LFS.txt
    Key: macOS-lfs-da2b5f2a10e913c6b13843a5855aea2bb20264b467d915063c23fa8ba1af31fb-v1
  [2025-01-20_14-40-18] MISS: not continuum ubuntu-latest/3_Setup LFS.txt
    Key: Linux-lfs-da2b5f2a10e913c6b13843a5855aea2bb20264b467d915063c23fa8ba1af31fb-v1
  [2025-01-20_14-40-18] MISS: continuum macos-latest/3_Setup LFS.txt
    Key: macOS-lfs-da2b5f2a10e913c6b13843a5855aea2bb20264b467d915063c23fa8ba1af31fb-v1
  [2025-01-20_14-40-18] MISS: continuum ubuntu-latest/3_Setup LFS.txt
    Key: Linux-lfs-da2b5f2a10e913c6b13843a5855aea2bb20264b467d915063c23fa8ba1af31fb-v1
  [2025-01-20_14-52-42] MISS: 2_not continuum ubuntu-latest.txt
    Key: Linux-lfs-da2b5f2a10e913c6b13843a5855aea2bb20264b467d915063c23fa8ba1af31fb-v1
  [2025-01-20_14-52-42] MISS: 1_ continuum macos-latest.txt
    Key: macOS-lfs-da2b5f2a10e913c6b13843a5855aea2bb20264b467d915063c23fa8ba1af31fb-v1
  [2025-01-20_14-52-42] MISS: 0_not continuum macos-latest.txt
    Key: macOS-lfs-da2b5f2a10e913c6b13843a5855aea2bb20264b467d915063c23fa8ba1af31fb-v1
  [2025-01-20_14-52-42] MISS: 3_ continuum ubuntu-latest.txt
    Key: Linux-lfs-da2b5f2a10e913c6b13843a5855aea2bb20264b467d915063c23fa8ba1af31fb-v1
  [2025-01-20_14-52-42] MISS: not continuum macos-latest/3_Setup LFS.txt
    Key: macOS-lfs-da2b5f2a10e913c6b13843a5855aea2bb20264b467d915063c23fa8ba1af31fb-v1
  [2025-01-20_14-52-42] MISS: not continuum ubuntu-latest/3_Setup LFS.txt
    Key: Linux-lfs-da2b5f2a10e913c6b13843a5855aea2bb20264b467d915063c23fa8ba1af31fb-v1
  [2025-01-20_14-52-42] MISS: continuum macos-latest/3_Setup LFS.txt
    Key: macOS-lfs-da2b5f2a10e913c6b13843a5855aea2bb20264b467d915063c23fa8ba1af31fb-v1
  [2025-01-20_14-52-42] MISS: continuum ubuntu-latest/3_Setup LFS.txt
    Key: Linux-lfs-da2b5f2a10e913c6b13843a5855aea2bb20264b467d915063c23fa8ba1af31fb-v1
  [2025-01-21_10-10-42] MISS: 2_not continuum ubuntu-latest.txt
    Key: Linux-lfs-da2b5f2a10e913c6b13843a5855aea2bb20264b467d915063c23fa8ba1af31fb-v1
  [2025-01-21_10-10-42] MISS: 1_ continuum macos-latest.txt
    Key: macOS-lfs-da2b5f2a10e913c6b13843a5855aea2bb20264b467d915063c23fa8ba1af31fb-v1
  [2025-01-21_10-10-42] MISS: 0_not continuum macos-latest.txt
    Key: macOS-lfs-da2b5f2a10e913c6b13843a5855aea2bb20264b467d915063c23fa8ba1af31fb-v1
  [2025-01-21_10-10-42] MISS: 3_ continuum ubuntu-latest.txt
    Key: Linux-lfs-da2b5f2a10e913c6b13843a5855aea2bb20264b467d915063c23fa8ba1af31fb-v1
  [2025-01-21_10-10-42] MISS: not continuum macos-latest/3_Setup LFS.txt
    Key: macOS-lfs-da2b5f2a10e913c6b13843a5855aea2bb20264b467d915063c23fa8ba1af31fb-v1
  [2025-01-21_10-10-42] MISS: not continuum ubuntu-latest/3_Setup LFS.txt
    Key: Linux-lfs-da2b5f2a10e913c6b13843a5855aea2bb20264b467d915063c23fa8ba1af31fb-v1
  [2025-01-21_10-10-42] MISS: continuum macos-latest/3_Setup LFS.txt
    Key: macOS-lfs-da2b5f2a10e913c6b13843a5855aea2bb20264b467d915063c23fa8ba1af31fb-v1
  [2025-01-21_10-10-42] MISS: continuum ubuntu-latest/3_Setup LFS.txt
    Key: Linux-lfs-da2b5f2a10e913c6b13843a5855aea2bb20264b467d915063c23fa8ba1af31fb-v1
  [2025-01-21_10-33-56] MISS: 2_not continuum ubuntu-latest.txt
    Key: Linux-lfs-da2b5f2a10e913c6b13843a5855aea2bb20264b467d915063c23fa8ba1af31fb-v1
  [2025-01-21_10-33-56] MISS: 1_ continuum macos-latest.txt
    Key: macOS-lfs-da2b5f2a10e913c6b13843a5855aea2bb20264b467d915063c23fa8ba1af31fb-v1
  [2025-01-21_10-33-56] MISS: 0_not continuum macos-latest.txt
    Key: macOS-lfs-da2b5f2a10e913c6b13843a5855aea2bb20264b467d915063c23fa8ba1af31fb-v1
  [2025-01-21_10-33-56] MISS: 3_ continuum ubuntu-latest.txt
    Key: Linux-lfs-da2b5f2a10e913c6b13843a5855aea2bb20264b467d915063c23fa8ba1af31fb-v1
  [2025-01-21_10-33-56] MISS: not continuum macos-latest/3_Setup LFS.txt
    Key: macOS-lfs-da2b5f2a10e913c6b13843a5855aea2bb20264b467d915063c23fa8ba1af31fb-v1
  [2025-01-21_10-33-56] MISS: not continuum ubuntu-latest/3_Setup LFS.txt
    Key: Linux-lfs-da2b5f2a10e913c6b13843a5855aea2bb20264b467d915063c23fa8ba1af31fb-v1
  [2025-01-21_10-33-56] MISS: continuum macos-latest/3_Setup LFS.txt
    Key: macOS-lfs-da2b5f2a10e913c6b13843a5855aea2bb20264b467d915063c23fa8ba1af31fb-v1
  [2025-01-21_10-33-56] MISS: continuum ubuntu-latest/3_Setup LFS.txt
    Key: Linux-lfs-da2b5f2a10e913c6b13843a5855aea2bb20264b467d915063c23fa8ba1af31fb-v1
  [2025-01-21_10-51-03] MISS: 2_not continuum ubuntu-latest.txt
    Key: Linux-lfs-da2b5f2a10e913c6b13843a5855aea2bb20264b467d915063c23fa8ba1af31fb-v1
  [2025-01-21_10-51-03] MISS: 1_ continuum macos-latest.txt
    Key: macOS-lfs-da2b5f2a10e913c6b13843a5855aea2bb20264b467d915063c23fa8ba1af31fb-v1
  [2025-01-21_10-51-03] MISS: 0_not continuum macos-latest.txt
    Key: macOS-lfs-da2b5f2a10e913c6b13843a5855aea2bb20264b467d915063c23fa8ba1af31fb-v1
  [2025-01-21_10-51-03] MISS: 3_ continuum ubuntu-latest.txt
    Key: Linux-lfs-da2b5f2a10e913c6b13843a5855aea2bb20264b467d915063c23fa8ba1af31fb-v1
  [2025-01-21_10-51-03] MISS: not continuum macos-latest/3_Setup LFS.txt
    Key: macOS-lfs-da2b5f2a10e913c6b13843a5855aea2bb20264b467d915063c23fa8ba1af31fb-v1
  [2025-01-21_10-51-03] MISS: not continuum ubuntu-latest/3_Setup LFS.txt
    Key: Linux-lfs-da2b5f2a10e913c6b13843a5855aea2bb20264b467d915063c23fa8ba1af31fb-v1
  [2025-01-21_10-51-03] MISS: continuum macos-latest/3_Setup LFS.txt
    Key: macOS-lfs-da2b5f2a10e913c6b13843a5855aea2bb20264b467d915063c23fa8ba1af31fb-v1
  [2025-01-21_10-51-03] MISS: continuum ubuntu-latest/3_Setup LFS.txt
    Key: Linux-lfs-da2b5f2a10e913c6b13843a5855aea2bb20264b467d915063c23fa8ba1af31fb-v1
  [2025-01-21_10-51-55] MISS: 2_not continuum ubuntu-latest.txt
    Key: Linux-lfs-da2b5f2a10e913c6b13843a5855aea2bb20264b467d915063c23fa8ba1af31fb-v1
  [2025-01-21_10-51-55] MISS: 1_ continuum macos-latest.txt
    Key: macOS-lfs-da2b5f2a10e913c6b13843a5855aea2bb20264b467d915063c23fa8ba1af31fb-v1
  [2025-01-21_10-51-55] MISS: 0_not continuum macos-latest.txt
    Key: macOS-lfs-da2b5f2a10e913c6b13843a5855aea2bb20264b467d915063c23fa8ba1af31fb-v1
  [2025-01-21_10-51-55] MISS: 3_ continuum ubuntu-latest.txt
    Key: Linux-lfs-da2b5f2a10e913c6b13843a5855aea2bb20264b467d915063c23fa8ba1af31fb-v1
  [2025-01-21_10-51-55] MISS: not continuum macos-latest/3_Setup LFS.txt
    Key: macOS-lfs-da2b5f2a10e913c6b13843a5855aea2bb20264b467d915063c23fa8ba1af31fb-v1
  [2025-01-21_10-51-55] MISS: not continuum ubuntu-latest/3_Setup LFS.txt
    Key: Linux-lfs-da2b5f2a10e913c6b13843a5855aea2bb20264b467d915063c23fa8ba1af31fb-v1
  [2025-01-21_10-51-55] MISS: continuum macos-latest/3_Setup LFS.txt
    Key: macOS-lfs-da2b5f2a10e913c6b13843a5855aea2bb20264b467d915063c23fa8ba1af31fb-v1
  [2025-01-21_10-51-55] MISS: continuum ubuntu-latest/3_Setup LFS.txt
    Key: Linux-lfs-da2b5f2a10e913c6b13843a5855aea2bb20264b467d915063c23fa8ba1af31fb-v1
  [2025-01-21_10-57-51] MISS: 2_not continuum ubuntu-latest.txt
    Key: Linux-lfs-da2b5f2a10e913c6b13843a5855aea2bb20264b467d915063c23fa8ba1af31fb-v1
  [2025-01-21_10-57-51] MISS: 1_ continuum macos-latest.txt
    Key: macOS-lfs-da2b5f2a10e913c6b13843a5855aea2bb20264b467d915063c23fa8ba1af31fb-v1
  [2025-01-21_10-57-51] MISS: 0_not continuum macos-latest.txt
    Key: macOS-lfs-da2b5f2a10e913c6b13843a5855aea2bb20264b467d915063c23fa8ba1af31fb-v1
  [2025-01-21_10-57-51] MISS: 3_ continuum ubuntu-latest.txt
    Key: Linux-lfs-da2b5f2a10e913c6b13843a5855aea2bb20264b467d915063c23fa8ba1af31fb-v1
  [2025-01-21_10-57-51] MISS: not continuum macos-latest/4_Setup LFS.txt
    Key: macOS-lfs-da2b5f2a10e913c6b13843a5855aea2bb20264b467d915063c23fa8ba1af31fb-v1
  [2025-01-21_10-57-51] MISS: not continuum ubuntu-latest/4_Setup LFS.txt
    Key: Linux-lfs-da2b5f2a10e913c6b13843a5855aea2bb20264b467d915063c23fa8ba1af31fb-v1
  [2025-01-21_10-57-51] MISS: continuum macos-latest/4_Setup LFS.txt
    Key: macOS-lfs-da2b5f2a10e913c6b13843a5855aea2bb20264b467d915063c23fa8ba1af31fb-v1
  [2025-01-21_10-57-51] MISS: continuum ubuntu-latest/4_Setup LFS.txt
    Key: Linux-lfs-da2b5f2a10e913c6b13843a5855aea2bb20264b467d915063c23fa8ba1af31fb-v1
  [2025-01-21_11-36-56] MISS: 2_not continuum ubuntu-latest.txt
    Key: Linux-lfs-da2b5f2a10e913c6b13843a5855aea2bb20264b467d915063c23fa8ba1af31fb-v1
  [2025-01-21_11-36-56] MISS: 3_ continuum ubuntu-latest.txt
    Key: Linux-lfs-da2b5f2a10e913c6b13843a5855aea2bb20264b467d915063c23fa8ba1af31fb-v1
  [2025-01-21_11-36-56] MISS: not continuum ubuntu-latest/4_Setup LFS.txt
    Key: Linux-lfs-da2b5f2a10e913c6b13843a5855aea2bb20264b467d915063c23fa8ba1af31fb-v1
  [2025-01-21_11-36-56] MISS: continuum ubuntu-latest/4_Setup LFS.txt
    Key: Linux-lfs-da2b5f2a10e913c6b13843a5855aea2bb20264b467d915063c23fa8ba1af31fb-v1
  [2025-01-21_14-04-44] MISS: 2_not continuum ubuntu-latest.txt
    Key: Linux-lfs-da2b5f2a10e913c6b13843a5855aea2bb20264b467d915063c23fa8ba1af31fb-v1
  [2025-01-21_14-04-44] MISS: 1_ continuum macos-latest.txt
    Key: macOS-lfs-da2b5f2a10e913c6b13843a5855aea2bb20264b467d915063c23fa8ba1af31fb-v1
  [2025-01-21_14-04-44] MISS: 0_not continuum macos-latest.txt
    Key: macOS-lfs-da2b5f2a10e913c6b13843a5855aea2bb20264b467d915063c23fa8ba1af31fb-v1
  [2025-01-21_14-04-44] MISS: 3_ continuum ubuntu-latest.txt
    Key: Linux-lfs-da2b5f2a10e913c6b13843a5855aea2bb20264b467d915063c23fa8ba1af31fb-v1
  [2025-01-21_14-04-44] MISS: not continuum macos-latest/4_Setup LFS.txt
    Key: macOS-lfs-da2b5f2a10e913c6b13843a5855aea2bb20264b467d915063c23fa8ba1af31fb-v1
  [2025-01-21_14-04-44] MISS: not continuum ubuntu-latest/4_Setup LFS.txt
    Key: Linux-lfs-da2b5f2a10e913c6b13843a5855aea2bb20264b467d915063c23fa8ba1af31fb-v1
  [2025-01-21_14-04-44] MISS: continuum macos-latest/4_Setup LFS.txt
    Key: macOS-lfs-da2b5f2a10e913c6b13843a5855aea2bb20264b467d915063c23fa8ba1af31fb-v1
  [2025-01-21_14-04-44] MISS: continuum ubuntu-latest/4_Setup LFS.txt
    Key: Linux-lfs-da2b5f2a10e913c6b13843a5855aea2bb20264b467d915063c23fa8ba1af31fb-v1
  [2025-01-21_14-12-29] MISS: 2_not continuum ubuntu-latest.txt
    Key: Linux-lfs-da2b5f2a10e913c6b13843a5855aea2bb20264b467d915063c23fa8ba1af31fb-v1
  [2025-01-21_14-12-29] MISS: 1_ continuum macos-latest.txt
    Key: macOS-lfs-da2b5f2a10e913c6b13843a5855aea2bb20264b467d915063c23fa8ba1af31fb-v1
  [2025-01-21_14-12-29] MISS: 0_not continuum macos-latest.txt
    Key: macOS-lfs-da2b5f2a10e913c6b13843a5855aea2bb20264b467d915063c23fa8ba1af31fb-v1
  [2025-01-21_14-12-29] MISS: 3_ continuum ubuntu-latest.txt
    Key: Linux-lfs-da2b5f2a10e913c6b13843a5855aea2bb20264b467d915063c23fa8ba1af31fb-v1
  [2025-01-21_14-12-29] MISS: not continuum macos-latest/4_Setup LFS.txt
    Key: macOS-lfs-da2b5f2a10e913c6b13843a5855aea2bb20264b467d915063c23fa8ba1af31fb-v1
  [2025-01-21_14-12-29] MISS: not continuum ubuntu-latest/4_Setup LFS.txt
    Key: Linux-lfs-da2b5f2a10e913c6b13843a5855aea2bb20264b467d915063c23fa8ba1af31fb-v1
  [2025-01-21_14-12-29] MISS: continuum macos-latest/4_Setup LFS.txt
    Key: macOS-lfs-da2b5f2a10e913c6b13843a5855aea2bb20264b467d915063c23fa8ba1af31fb-v1
  [2025-01-21_14-12-29] MISS: continuum ubuntu-latest/4_Setup LFS.txt
    Key: Linux-lfs-da2b5f2a10e913c6b13843a5855aea2bb20264b467d915063c23fa8ba1af31fb-v1
  [2025-01-21_14-36-15] MISS: 2_not continuum ubuntu-latest.txt
    Key: Linux-lfs-da2b5f2a10e913c6b13843a5855aea2bb20264b467d915063c23fa8ba1af31fb-v1
  [2025-01-21_14-36-15] MISS: 1_ continuum macos-latest.txt
    Key: macOS-lfs-da2b5f2a10e913c6b13843a5855aea2bb20264b467d915063c23fa8ba1af31fb-v1
  [2025-01-21_14-36-15] MISS: 0_not continuum macos-latest.txt
    Key: macOS-lfs-da2b5f2a10e913c6b13843a5855aea2bb20264b467d915063c23fa8ba1af31fb-v1
  [2025-01-21_14-36-15] MISS: 3_ continuum ubuntu-latest.txt
    Key: Linux-lfs-da2b5f2a10e913c6b13843a5855aea2bb20264b467d915063c23fa8ba1af31fb-v1
  [2025-01-21_14-36-15] MISS: not continuum macos-latest/4_Setup LFS.txt
    Key: macOS-lfs-da2b5f2a10e913c6b13843a5855aea2bb20264b467d915063c23fa8ba1af31fb-v1
  [2025-01-21_14-36-15] MISS: not continuum ubuntu-latest/4_Setup LFS.txt
    Key: Linux-lfs-da2b5f2a10e913c6b13843a5855aea2bb20264b467d915063c23fa8ba1af31fb-v1
  [2025-01-21_14-36-15] MISS: continuum macos-latest/4_Setup LFS.txt
    Key: macOS-lfs-da2b5f2a10e913c6b13843a5855aea2bb20264b467d915063c23fa8ba1af31fb-v1
  [2025-01-21_14-36-15] MISS: continuum ubuntu-latest/4_Setup LFS.txt
    Key: Linux-lfs-da2b5f2a10e913c6b13843a5855aea2bb20264b467d915063c23fa8ba1af31fb-v1
--------------------------------------------------------------------------------

Pull Request: #2876
Title: Gammaray opacity documentation
Author: CePowers
State: open
Created: 2024-11-12T14:13:04Z

Cache Statistics:
  Total Events: 4
  Cache Hits: 4
  Cache Misses: 0
  Hit Rate: 100.0%

Cache Events (chronological order):
  [2025-02-11_02-10-55] HIT: 0_test-cache  lfs-cache.txt
    Key: tardis-regression-full-data-21f9fa4b6817cc69b9fae3598144724da7828e276a73bd17f47a2a49d9af090a-tardis-sn/tardis-regression-data-v1
  [2025-02-11_02-10-55] HIT: test-cache  lfs-cache/4_Test cache availability.txt
    Key: tardis-regression-full-data-21f9fa4b6817cc69b9fae3598144724da7828e276a73bd17f47a2a49d9af090a-tardis-sn/tardis-regression-data-v1
  [2025-02-18_16-50-10] HIT: 0_test-cache  lfs-cache.txt
    Key: tardis-regression-full-data-c8ff2bbb6048b3f24d3f52a1e85b013ad47e52c369a6ce4cfdeff528b659b86f-tardis-sn/tardis-regression-data-v1
  [2025-02-18_16-50-10] HIT: test-cache  lfs-cache/4_Test cache availability.txt
    Key: tardis-regression-full-data-c8ff2bbb6048b3f24d3f52a1e85b013ad47e52c369a6ce4cfdeff528b659b86f-tardis-sn/tardis-regression-data-v1
--------------------------------------------------------------------------------

Pull Request: #2896
Title: Implementation of refactored rates in plasma
Author: andrewfullard
State: open
Created: 2024-12-03T20:51:10Z

Cache Statistics:
  Total Events: 0
  Cache Hits: 0
  Cache Misses: 0
  Hit Rate: 0.0%

Cache Events (chronological order):
--------------------------------------------------------------------------------

Pull Request: #2897
Title: Ionization rates
Author: andrewfullard
State: closed
Created: 2024-12-03T21:08:22Z

Cache Statistics:
  Total Events: 0
  Cache Hits: 0
  Cache Misses: 0
  Hit Rate: 0.0%

Cache Events (chronological order):
--------------------------------------------------------------------------------

Pull Request: #2907
Title: Add missing init.py file in opacitites module
Author: KasukabeDefenceForce
State: closed
Created: 2024-12-20T10:05:41Z

Cache Statistics:
  Total Events: 0
  Cache Hits: 0
  Cache Misses: 0
  Hit Rate: 0.0%

Cache Events (chronological order):
--------------------------------------------------------------------------------

Pull Request: #2911
Title: Optimized fast_array_util.py through vectorization 
Author: DarkMatterCompiler
State: closed
Created: 2024-12-22T19:03:14Z

Cache Statistics:
  Total Events: 0
  Cache Hits: 0
  Cache Misses: 0
  Hit Rate: 0.0%

Cache Events (chronological order):
--------------------------------------------------------------------------------

Pull Request: #2914
Title: fixe: #2757
Author: Bhavin-umatiya
State: closed
Created: 2024-12-23T11:34:07Z

Cache Statistics:
  Total Events: 0
  Cache Hits: 0
  Cache Misses: 0
  Hit Rate: 0.0%

Cache Events (chronological order):
--------------------------------------------------------------------------------

Pull Request: #2915
Title: Post-release 2024.12.29
Author: tardis-bot
State: closed
Created: 2024-12-29T01:07:13Z

Cache Statistics:
  Total Events: 0
  Cache Hits: 0
  Cache Misses: 0
  Hit Rate: 0.0%

Cache Events (chronological order):
--------------------------------------------------------------------------------

Pull Request: #2921
Title: config: remove configwritermixin class
Author: karthik11135
State: open
Created: 2025-01-03T12:23:06Z

Cache Statistics:
  Total Events: 8
  Cache Hits: 0
  Cache Misses: 8
  Hit Rate: 0.0%

Cache Events (chronological order):
  [2025-01-21_16-55-30] MISS: 2_not continuum ubuntu-latest.txt
    Key: Linux-lfs-21f9fa4b6817cc69b9fae3598144724da7828e276a73bd17f47a2a49d9af090a-v1
  [2025-01-21_16-55-30] MISS: 1_ continuum macos-latest.txt
    Key: macOS-lfs-21f9fa4b6817cc69b9fae3598144724da7828e276a73bd17f47a2a49d9af090a-v1
  [2025-01-21_16-55-30] MISS: 0_not continuum macos-latest.txt
    Key: macOS-lfs-21f9fa4b6817cc69b9fae3598144724da7828e276a73bd17f47a2a49d9af090a-v1
  [2025-01-21_16-55-30] MISS: 3_ continuum ubuntu-latest.txt
    Key: Linux-lfs-21f9fa4b6817cc69b9fae3598144724da7828e276a73bd17f47a2a49d9af090a-v1
  [2025-01-21_16-55-30] MISS: not continuum macos-latest/3_Setup LFS.txt
    Key: macOS-lfs-21f9fa4b6817cc69b9fae3598144724da7828e276a73bd17f47a2a49d9af090a-v1
  [2025-01-21_16-55-30] MISS: not continuum ubuntu-latest/3_Setup LFS.txt
    Key: Linux-lfs-21f9fa4b6817cc69b9fae3598144724da7828e276a73bd17f47a2a49d9af090a-v1
  [2025-01-21_16-55-30] MISS: continuum macos-latest/3_Setup LFS.txt
    Key: macOS-lfs-21f9fa4b6817cc69b9fae3598144724da7828e276a73bd17f47a2a49d9af090a-v1
  [2025-01-21_16-55-30] MISS: continuum ubuntu-latest/3_Setup LFS.txt
    Key: Linux-lfs-21f9fa4b6817cc69b9fae3598144724da7828e276a73bd17f47a2a49d9af090a-v1
--------------------------------------------------------------------------------

Pull Request: #2922
Title: Fixed data download link mentioned under Quickstart for TARDIS
Author: Sonu0305
State: closed
Created: 2025-01-04T10:54:35Z

Cache Statistics:
  Total Events: 0
  Cache Hits: 0
  Cache Misses: 0
  Hit Rate: 0.0%

Cache Events (chronological order):
--------------------------------------------------------------------------------

Pull Request: #2923
Title: Moves non-physical input check outsode I/O module
Author: Sonu0305
State: closed
Created: 2025-01-04T19:39:11Z

Cache Statistics:
  Total Events: 0
  Cache Hits: 0
  Cache Misses: 0
  Hit Rate: 0.0%

Cache Events (chronological order):
--------------------------------------------------------------------------------

Pull Request: #2924
Title: Post-release 2025.01.05
Author: tardis-bot
State: closed
Created: 2025-01-05T01:07:01Z

Cache Statistics:
  Total Events: 0
  Cache Hits: 0
  Cache Misses: 0
  Hit Rate: 0.0%

Cache Events (chronological order):
--------------------------------------------------------------------------------

Pull Request: #2925
Title: give tag in git cliff command
Author: KasukabeDefenceForce
State: closed
Created: 2025-01-06T14:34:15Z

Cache Statistics:
  Total Events: 0
  Cache Hits: 0
  Cache Misses: 0
  Hit Rate: 0.0%

Cache Events (chronological order):
--------------------------------------------------------------------------------

Pull Request: #2926
Title: tests: config validator is now tested properly
Author: karthik11135
State: open
Created: 2025-01-06T18:51:44Z

Cache Statistics:
  Total Events: 8
  Cache Hits: 0
  Cache Misses: 8
  Hit Rate: 0.0%

Cache Events (chronological order):
  [2025-01-23_04-48-18] MISS: 2_not continuum ubuntu-latest.txt
    Key: Linux-lfs-21f9fa4b6817cc69b9fae3598144724da7828e276a73bd17f47a2a49d9af090a-v1
  [2025-01-23_04-48-18] MISS: 1_ continuum macos-latest.txt
    Key: macOS-lfs-21f9fa4b6817cc69b9fae3598144724da7828e276a73bd17f47a2a49d9af090a-v1
  [2025-01-23_04-48-18] MISS: 0_not continuum macos-latest.txt
    Key: macOS-lfs-21f9fa4b6817cc69b9fae3598144724da7828e276a73bd17f47a2a49d9af090a-v1
  [2025-01-23_04-48-18] MISS: 3_ continuum ubuntu-latest.txt
    Key: Linux-lfs-21f9fa4b6817cc69b9fae3598144724da7828e276a73bd17f47a2a49d9af090a-v1
  [2025-01-23_04-48-18] MISS: not continuum macos-latest/3_Setup LFS.txt
    Key: macOS-lfs-21f9fa4b6817cc69b9fae3598144724da7828e276a73bd17f47a2a49d9af090a-v1
  [2025-01-23_04-48-18] MISS: not continuum ubuntu-latest/3_Setup LFS.txt
    Key: Linux-lfs-21f9fa4b6817cc69b9fae3598144724da7828e276a73bd17f47a2a49d9af090a-v1
  [2025-01-23_04-48-18] MISS: continuum macos-latest/3_Setup LFS.txt
    Key: macOS-lfs-21f9fa4b6817cc69b9fae3598144724da7828e276a73bd17f47a2a49d9af090a-v1
  [2025-01-23_04-48-18] MISS: continuum ubuntu-latest/3_Setup LFS.txt
    Key: Linux-lfs-21f9fa4b6817cc69b9fae3598144724da7828e276a73bd17f47a2a49d9af090a-v1
--------------------------------------------------------------------------------

Pull Request: #2928
Title: Move and Rename SDECData to VisualizationData
Author: KasukabeDefenceForce
State: open
Created: 2025-01-07T11:22:13Z

Cache Statistics:
  Total Events: 2
  Cache Hits: 2
  Cache Misses: 0
  Hit Rate: 100.0%

Cache Events (chronological order):
  [2025-01-31_14-05-43] HIT: 0_test-cache  lfs-cache.txt
    Key: tardis-regression-full-data-21f9fa4b6817cc69b9fae3598144724da7828e276a73bd17f47a2a49d9af090a-tardis-sn/tardis-regression-data-v1
  [2025-01-31_14-05-43] HIT: test-cache  lfs-cache/4_Test cache availability.txt
    Key: tardis-regression-full-data-21f9fa4b6817cc69b9fae3598144724da7828e276a73bd17f47a2a49d9af090a-tardis-sn/tardis-regression-data-v1
--------------------------------------------------------------------------------

Pull Request: #2929
Title: Remove sdec plotter class from liv plot class.
Author: KasukabeDefenceForce
State: open
Created: 2025-01-08T15:35:42Z

Cache Statistics:
  Total Events: 0
  Cache Hits: 0
  Cache Misses: 0
  Hit Rate: 0.0%

Cache Events (chronological order):
--------------------------------------------------------------------------------

Pull Request: #2931
Title: rename tau to tau event
Author: karthik11135
State: open
Created: 2025-01-09T16:49:08Z

Cache Statistics:
  Total Events: 4
  Cache Hits: 4
  Cache Misses: 0
  Hit Rate: 100.0%

Cache Events (chronological order):
  [2025-01-28_04-01-32] HIT: 0_test-cache  lfs-cache.txt
    Key: tardis-regression-full-data-21f9fa4b6817cc69b9fae3598144724da7828e276a73bd17f47a2a49d9af090a-tardis-sn/tardis-regression-data-v1
  [2025-01-28_04-01-32] HIT: test-cache  lfs-cache/4_Test cache availability.txt
    Key: tardis-regression-full-data-21f9fa4b6817cc69b9fae3598144724da7828e276a73bd17f47a2a49d9af090a-tardis-sn/tardis-regression-data-v1
  [2025-02-18_11-02-23] HIT: 0_test-cache  lfs-cache.txt
    Key: tardis-regression-full-data-21f9fa4b6817cc69b9fae3598144724da7828e276a73bd17f47a2a49d9af090a-tardis-sn/tardis-regression-data-v1
  [2025-02-18_11-02-23] HIT: test-cache  lfs-cache/4_Test cache availability.txt
    Key: tardis-regression-full-data-21f9fa4b6817cc69b9fae3598144724da7828e276a73bd17f47a2a49d9af090a-tardis-sn/tardis-regression-data-v1
--------------------------------------------------------------------------------

Pull Request: #2932
Title: opacity_state_to_numba -> to_numba and moved to as a method of class OpacityState
Author: Sonu0305
State: closed
Created: 2025-01-09T18:16:12Z

Cache Statistics:
  Total Events: 0
  Cache Hits: 0
  Cache Misses: 0
  Hit Rate: 0.0%

Cache Events (chronological order):
--------------------------------------------------------------------------------

Pull Request: #2933
Title: [TODO] Resolves the chained assignment in level_populations.py
Author: Sonu0305
State: closed
Created: 2025-01-10T10:49:58Z

Cache Statistics:
  Total Events: 0
  Cache Hits: 0
  Cache Misses: 0
  Hit Rate: 0.0%

Cache Events (chronological order):
--------------------------------------------------------------------------------

Pull Request: #2934
Title: Numpy v2 upgrade PR 1
Author: atharva-2001
State: closed
Created: 2025-01-10T11:36:53Z

Cache Statistics:
  Total Events: 8
  Cache Hits: 0
  Cache Misses: 8
  Hit Rate: 0.0%

Cache Events (chronological order):
  [2025-01-17_11-17-34] MISS: 2_not continuum ubuntu-latest.txt
    Key: Linux-lfs-da2b5f2a10e913c6b13843a5855aea2bb20264b467d915063c23fa8ba1af31fb-v1
  [2025-01-17_11-17-34] MISS: 1_ continuum macos-latest.txt
    Key: macOS-lfs-da2b5f2a10e913c6b13843a5855aea2bb20264b467d915063c23fa8ba1af31fb-v1
  [2025-01-17_11-17-34] MISS: 0_not continuum macos-latest.txt
    Key: macOS-lfs-da2b5f2a10e913c6b13843a5855aea2bb20264b467d915063c23fa8ba1af31fb-v1
  [2025-01-17_11-17-34] MISS: 3_ continuum ubuntu-latest.txt
    Key: Linux-lfs-da2b5f2a10e913c6b13843a5855aea2bb20264b467d915063c23fa8ba1af31fb-v1
  [2025-01-17_11-17-34] MISS: not continuum macos-latest/3_Setup LFS.txt
    Key: macOS-lfs-da2b5f2a10e913c6b13843a5855aea2bb20264b467d915063c23fa8ba1af31fb-v1
  [2025-01-17_11-17-34] MISS: not continuum ubuntu-latest/3_Setup LFS.txt
    Key: Linux-lfs-da2b5f2a10e913c6b13843a5855aea2bb20264b467d915063c23fa8ba1af31fb-v1
  [2025-01-17_11-17-34] MISS: continuum macos-latest/3_Setup LFS.txt
    Key: macOS-lfs-da2b5f2a10e913c6b13843a5855aea2bb20264b467d915063c23fa8ba1af31fb-v1
  [2025-01-17_11-17-34] MISS: continuum ubuntu-latest/3_Setup LFS.txt
    Key: Linux-lfs-da2b5f2a10e913c6b13843a5855aea2bb20264b467d915063c23fa8ba1af31fb-v1
--------------------------------------------------------------------------------

Pull Request: #2935
Title: Numpy v2 Upgrade PR 2
Author: atharva-2001
State: closed
Created: 2025-01-10T13:09:59Z

Cache Statistics:
  Total Events: 20
  Cache Hits: 4
  Cache Misses: 16
  Hit Rate: 20.0%

Cache Events (chronological order):
  [2025-01-15_13-58-06] MISS: 2_not continuum ubuntu-latest.txt
    Key: Linux-lfs-da2b5f2a10e913c6b13843a5855aea2bb20264b467d915063c23fa8ba1af31fb-v1
  [2025-01-15_13-58-06] MISS: 1_ continuum macos-latest.txt
    Key: macOS-lfs-da2b5f2a10e913c6b13843a5855aea2bb20264b467d915063c23fa8ba1af31fb-v1
  [2025-01-15_13-58-06] MISS: 0_not continuum macos-latest.txt
    Key: macOS-lfs-da2b5f2a10e913c6b13843a5855aea2bb20264b467d915063c23fa8ba1af31fb-v1
  [2025-01-15_13-58-06] MISS: 3_ continuum ubuntu-latest.txt
    Key: Linux-lfs-da2b5f2a10e913c6b13843a5855aea2bb20264b467d915063c23fa8ba1af31fb-v1
  [2025-01-15_13-58-06] MISS: not continuum macos-latest/3_Setup LFS.txt
    Key: macOS-lfs-da2b5f2a10e913c6b13843a5855aea2bb20264b467d915063c23fa8ba1af31fb-v1
  [2025-01-15_13-58-06] MISS: not continuum ubuntu-latest/3_Setup LFS.txt
    Key: Linux-lfs-da2b5f2a10e913c6b13843a5855aea2bb20264b467d915063c23fa8ba1af31fb-v1
  [2025-01-15_13-58-06] MISS: continuum macos-latest/3_Setup LFS.txt
    Key: macOS-lfs-da2b5f2a10e913c6b13843a5855aea2bb20264b467d915063c23fa8ba1af31fb-v1
  [2025-01-15_13-58-06] MISS: continuum ubuntu-latest/3_Setup LFS.txt
    Key: Linux-lfs-da2b5f2a10e913c6b13843a5855aea2bb20264b467d915063c23fa8ba1af31fb-v1
  [2025-01-17_11-16-36] MISS: 2_not continuum ubuntu-latest.txt
    Key: Linux-lfs-da2b5f2a10e913c6b13843a5855aea2bb20264b467d915063c23fa8ba1af31fb-v1
  [2025-01-17_11-16-36] MISS: 1_ continuum macos-latest.txt
    Key: macOS-lfs-da2b5f2a10e913c6b13843a5855aea2bb20264b467d915063c23fa8ba1af31fb-v1
  [2025-01-17_11-16-36] MISS: 0_not continuum macos-latest.txt
    Key: macOS-lfs-da2b5f2a10e913c6b13843a5855aea2bb20264b467d915063c23fa8ba1af31fb-v1
  [2025-01-17_11-16-36] MISS: 3_ continuum ubuntu-latest.txt
    Key: Linux-lfs-da2b5f2a10e913c6b13843a5855aea2bb20264b467d915063c23fa8ba1af31fb-v1
  [2025-01-17_11-16-36] MISS: not continuum macos-latest/3_Setup LFS.txt
    Key: macOS-lfs-da2b5f2a10e913c6b13843a5855aea2bb20264b467d915063c23fa8ba1af31fb-v1
  [2025-01-17_11-16-36] MISS: not continuum ubuntu-latest/3_Setup LFS.txt
    Key: Linux-lfs-da2b5f2a10e913c6b13843a5855aea2bb20264b467d915063c23fa8ba1af31fb-v1
  [2025-01-17_11-16-36] MISS: continuum macos-latest/3_Setup LFS.txt
    Key: macOS-lfs-da2b5f2a10e913c6b13843a5855aea2bb20264b467d915063c23fa8ba1af31fb-v1
  [2025-01-17_11-16-36] MISS: continuum ubuntu-latest/3_Setup LFS.txt
    Key: Linux-lfs-da2b5f2a10e913c6b13843a5855aea2bb20264b467d915063c23fa8ba1af31fb-v1
  [2025-02-24_13-33-06] HIT: 0_test-cache  lfs-cache.txt
    Key: tardis-regression-full-data-c8ff2bbb6048b3f24d3f52a1e85b013ad47e52c369a6ce4cfdeff528b659b86f-tardis-sn/tardis-regression-data-v1
  [2025-02-24_13-33-06] HIT: test-cache  lfs-cache/4_Test cache availability.txt
    Key: tardis-regression-full-data-c8ff2bbb6048b3f24d3f52a1e85b013ad47e52c369a6ce4cfdeff528b659b86f-tardis-sn/tardis-regression-data-v1
  [2025-02-24_15-38-04] HIT: 0_test-cache  lfs-cache.txt
    Key: tardis-regression-full-data-6e3f921411cf0a4e16018f0781785ab8728ab151c8f95ea20b0c8e8609b9a332-tardis-sn/tardis-regression-data-v1
  [2025-02-24_15-38-04] HIT: test-cache  lfs-cache/4_Test cache availability.txt
    Key: tardis-regression-full-data-6e3f921411cf0a4e16018f0781785ab8728ab151c8f95ea20b0c8e8609b9a332-tardis-sn/tardis-regression-data-v1
--------------------------------------------------------------------------------

Pull Request: #2936
Title: [TODO] updates the macroatom_state based on the flag
Author: Sonu0305
State: open
Created: 2025-01-10T13:16:26Z

Cache Statistics:
  Total Events: 0
  Cache Hits: 0
  Cache Misses: 0
  Hit Rate: 0.0%

Cache Events (chronological order):
--------------------------------------------------------------------------------

Pull Request: #2938
Title: Fixes spelling errors in the codebase
Author: Sonu0305
State: closed
Created: 2025-01-10T14:02:14Z

Cache Statistics:
  Total Events: 0
  Cache Hits: 0
  Cache Misses: 0
  Hit Rate: 0.0%

Cache Events (chronological order):
--------------------------------------------------------------------------------

Pull Request: #2940
Title: Modified fast_array_util.py for faster implementation
Author: Sonu0305
State: closed
Created: 2025-01-11T15:56:32Z

Cache Statistics:
  Total Events: 0
  Cache Hits: 0
  Cache Misses: 0
  Hit Rate: 0.0%

Cache Events (chronological order):
--------------------------------------------------------------------------------

Pull Request: #2942
Title: Adds a missing import in custom_abundance.py
Author: Sonu0305
State: closed
Created: 2025-01-11T21:41:19Z

Cache Statistics:
  Total Events: 0
  Cache Hits: 0
  Cache Misses: 0
  Hit Rate: 0.0%

Cache Events (chronological order):
--------------------------------------------------------------------------------

Pull Request: #2943
Title: Post-release 2025.01.12
Author: tardis-bot
State: closed
Created: 2025-01-12T01:06:20Z

Cache Statistics:
  Total Events: 0
  Cache Hits: 0
  Cache Misses: 0
  Hit Rate: 0.0%

Cache Events (chronological order):
--------------------------------------------------------------------------------

Pull Request: #2944
Title: tests for composition
Author: karthik11135
State: open
Created: 2025-01-12T13:06:17Z

Cache Statistics:
  Total Events: 8
  Cache Hits: 0
  Cache Misses: 8
  Hit Rate: 0.0%

Cache Events (chronological order):
  [2025-01-13_17-26-00] MISS: 2_not continuum ubuntu-latest.txt
    Key: Linux-lfs-21f9fa4b6817cc69b9fae3598144724da7828e276a73bd17f47a2a49d9af090a-v1
  [2025-01-13_17-26-00] MISS: 1_ continuum macos-latest.txt
    Key: macOS-lfs-21f9fa4b6817cc69b9fae3598144724da7828e276a73bd17f47a2a49d9af090a-v1
  [2025-01-13_17-26-00] MISS: 0_not continuum macos-latest.txt
    Key: macOS-lfs-21f9fa4b6817cc69b9fae3598144724da7828e276a73bd17f47a2a49d9af090a-v1
  [2025-01-13_17-26-00] MISS: 3_ continuum ubuntu-latest.txt
    Key: Linux-lfs-21f9fa4b6817cc69b9fae3598144724da7828e276a73bd17f47a2a49d9af090a-v1
  [2025-01-13_17-26-00] MISS: not continuum macos-latest/3_Setup LFS.txt
    Key: macOS-lfs-21f9fa4b6817cc69b9fae3598144724da7828e276a73bd17f47a2a49d9af090a-v1
  [2025-01-13_17-26-00] MISS: not continuum ubuntu-latest/3_Setup LFS.txt
    Key: Linux-lfs-21f9fa4b6817cc69b9fae3598144724da7828e276a73bd17f47a2a49d9af090a-v1
  [2025-01-13_17-26-00] MISS: continuum macos-latest/3_Setup LFS.txt
    Key: macOS-lfs-21f9fa4b6817cc69b9fae3598144724da7828e276a73bd17f47a2a49d9af090a-v1
  [2025-01-13_17-26-00] MISS: continuum ubuntu-latest/3_Setup LFS.txt
    Key: Linux-lfs-21f9fa4b6817cc69b9fae3598144724da7828e276a73bd17f47a2a49d9af090a-v1
--------------------------------------------------------------------------------

Pull Request: #2945
Title: from simulation test for rpacket plot
Author: karthik11135
State: open
Created: 2025-01-12T13:17:45Z

Cache Statistics:
  Total Events: 8
  Cache Hits: 0
  Cache Misses: 8
  Hit Rate: 0.0%

Cache Events (chronological order):
  [2025-01-12_13-17-49] MISS: 2_not continuum ubuntu-latest.txt
    Key: Linux-lfs-21f9fa4b6817cc69b9fae3598144724da7828e276a73bd17f47a2a49d9af090a-v1
  [2025-01-12_13-17-49] MISS: 1_ continuum macos-latest.txt
    Key: macOS-lfs-21f9fa4b6817cc69b9fae3598144724da7828e276a73bd17f47a2a49d9af090a-v1
  [2025-01-12_13-17-49] MISS: 0_not continuum macos-latest.txt
    Key: macOS-lfs-21f9fa4b6817cc69b9fae3598144724da7828e276a73bd17f47a2a49d9af090a-v1
  [2025-01-12_13-17-49] MISS: 3_ continuum ubuntu-latest.txt
    Key: Linux-lfs-21f9fa4b6817cc69b9fae3598144724da7828e276a73bd17f47a2a49d9af090a-v1
  [2025-01-12_13-17-49] MISS: not continuum macos-latest/3_Setup LFS.txt
    Key: macOS-lfs-21f9fa4b6817cc69b9fae3598144724da7828e276a73bd17f47a2a49d9af090a-v1
  [2025-01-12_13-17-49] MISS: not continuum ubuntu-latest/3_Setup LFS.txt
    Key: Linux-lfs-21f9fa4b6817cc69b9fae3598144724da7828e276a73bd17f47a2a49d9af090a-v1
  [2025-01-12_13-17-49] MISS: continuum macos-latest/3_Setup LFS.txt
    Key: macOS-lfs-21f9fa4b6817cc69b9fae3598144724da7828e276a73bd17f47a2a49d9af090a-v1
  [2025-01-12_13-17-49] MISS: continuum ubuntu-latest/3_Setup LFS.txt
    Key: Linux-lfs-21f9fa4b6817cc69b9fae3598144724da7828e276a73bd17f47a2a49d9af090a-v1
--------------------------------------------------------------------------------

Pull Request: #2946
Title: Fixes indentation for tracking key to be nested under montecarlo key in YAML
Author: Sonu0305
State: closed
Created: 2025-01-13T13:53:01Z

Cache Statistics:
  Total Events: 0
  Cache Hits: 0
  Cache Misses: 0
  Hit Rate: 0.0%

Cache Events (chronological order):
--------------------------------------------------------------------------------

Pull Request: #2951
Title: Ensures consistency across codebase to ensure consistent codestyle
Author: Sonu0305
State: closed
Created: 2025-01-15T18:42:38Z

Cache Statistics:
  Total Events: 4
  Cache Hits: 4
  Cache Misses: 0
  Hit Rate: 100.0%

Cache Events (chronological order):
  [2025-01-27_17-17-28] HIT: 0_test-cache  lfs-cache.txt
    Key: tardis-regression-full-data-21f9fa4b6817cc69b9fae3598144724da7828e276a73bd17f47a2a49d9af090a-tardis-sn/tardis-regression-data-v1
  [2025-01-27_17-17-28] HIT: test-cache  lfs-cache/4_Test cache availability.txt
    Key: tardis-regression-full-data-21f9fa4b6817cc69b9fae3598144724da7828e276a73bd17f47a2a49d9af090a-tardis-sn/tardis-regression-data-v1
  [2025-02-10_15-57-34] HIT: 0_test-cache  lfs-cache.txt
    Key: tardis-regression-full-data-21f9fa4b6817cc69b9fae3598144724da7828e276a73bd17f47a2a49d9af090a-tardis-sn/tardis-regression-data-v1
  [2025-02-10_15-57-34] HIT: test-cache  lfs-cache/4_Test cache availability.txt
    Key: tardis-regression-full-data-21f9fa4b6817cc69b9fae3598144724da7828e276a73bd17f47a2a49d9af090a-tardis-sn/tardis-regression-data-v1
--------------------------------------------------------------------------------

Pull Request: #2952
Title: Post-release 2025.01.19
Author: tardis-bot
State: closed
Created: 2025-01-19T01:08:51Z

Cache Statistics:
  Total Events: 0
  Cache Hits: 0
  Cache Misses: 0
  Hit Rate: 0.0%

Cache Events (chronological order):
--------------------------------------------------------------------------------

Pull Request: #2954
Title: LFS Fixes
Author: atharva-2001
State: closed
Created: 2025-01-23T14:51:24Z

Cache Statistics:
  Total Events: 56
  Cache Hits: 4
  Cache Misses: 52
  Hit Rate: 7.1%

Cache Events (chronological order):
  [2025-01-23_14-51-29] MISS: 2_not continuum ubuntu-latest.txt
    Key: lfs-full-21f9fa4b6817cc69b9fae3598144724da7828e276a73bd17f47a2a49d9af090a-v1
  [2025-01-23_14-51-29] MISS: 1_ continuum macos-latest.txt
    Key: lfs-full-21f9fa4b6817cc69b9fae3598144724da7828e276a73bd17f47a2a49d9af090a-v1
  [2025-01-23_14-51-29] MISS: 0_not continuum macos-latest.txt
    Key: lfs-full-21f9fa4b6817cc69b9fae3598144724da7828e276a73bd17f47a2a49d9af090a-v1
  [2025-01-23_14-51-29] MISS: 3_ continuum ubuntu-latest.txt
    Key: lfs-full-21f9fa4b6817cc69b9fae3598144724da7828e276a73bd17f47a2a49d9af090a-v1
  [2025-01-23_14-51-29] MISS: not continuum macos-latest/3_Setup LFS.txt
    Key: lfs-full-21f9fa4b6817cc69b9fae3598144724da7828e276a73bd17f47a2a49d9af090a-v1
  [2025-01-23_14-51-29] MISS: not continuum ubuntu-latest/3_Setup LFS.txt
    Key: lfs-full-21f9fa4b6817cc69b9fae3598144724da7828e276a73bd17f47a2a49d9af090a-v1
  [2025-01-23_14-51-29] MISS: continuum macos-latest/3_Setup LFS.txt
    Key: lfs-full-21f9fa4b6817cc69b9fae3598144724da7828e276a73bd17f47a2a49d9af090a-v1
  [2025-01-23_14-51-29] MISS: continuum ubuntu-latest/3_Setup LFS.txt
    Key: lfs-full-21f9fa4b6817cc69b9fae3598144724da7828e276a73bd17f47a2a49d9af090a-v1
  [2025-01-24_14-00-51] MISS: 2_not continuum ubuntu-latest.txt
    Key: tardis-regression-full-data-21f9fa4b6817cc69b9fae3598144724da7828e276a73bd17f47a2a49d9af090a-v1
  [2025-01-24_14-00-51] MISS: 1_ continuum macos-latest.txt
    Key: tardis-regression-full-data-21f9fa4b6817cc69b9fae3598144724da7828e276a73bd17f47a2a49d9af090a-v1
  [2025-01-24_14-00-51] MISS: 0_not continuum macos-latest.txt
    Key: tardis-regression-full-data-21f9fa4b6817cc69b9fae3598144724da7828e276a73bd17f47a2a49d9af090a-v1
  [2025-01-24_14-00-51] MISS: 3_ continuum ubuntu-latest.txt
    Key: tardis-regression-full-data-21f9fa4b6817cc69b9fae3598144724da7828e276a73bd17f47a2a49d9af090a-v1
  [2025-01-24_14-00-51] MISS: not continuum macos-latest/3_Setup LFS.txt
    Key: tardis-regression-full-data-21f9fa4b6817cc69b9fae3598144724da7828e276a73bd17f47a2a49d9af090a-v1
  [2025-01-24_14-00-51] MISS: not continuum ubuntu-latest/3_Setup LFS.txt
    Key: tardis-regression-full-data-21f9fa4b6817cc69b9fae3598144724da7828e276a73bd17f47a2a49d9af090a-v1
  [2025-01-24_14-00-51] MISS: continuum macos-latest/3_Setup LFS.txt
    Key: tardis-regression-full-data-21f9fa4b6817cc69b9fae3598144724da7828e276a73bd17f47a2a49d9af090a-v1
  [2025-01-24_14-00-51] MISS: continuum ubuntu-latest/3_Setup LFS.txt
    Key: tardis-regression-full-data-21f9fa4b6817cc69b9fae3598144724da7828e276a73bd17f47a2a49d9af090a-v1
  [2025-01-24_14-32-46] MISS: 2_not continuum ubuntu-latest.txt
    Key: tardis-regression-full-data-21f9fa4b6817cc69b9fae3598144724da7828e276a73bd17f47a2a49d9af090a-v1
  [2025-01-24_14-32-46] MISS: 1_ continuum macos-latest.txt
    Key: tardis-regression-full-data-21f9fa4b6817cc69b9fae3598144724da7828e276a73bd17f47a2a49d9af090a-v1
  [2025-01-24_14-32-46] MISS: 0_not continuum macos-latest.txt
    Key: tardis-regression-full-data-21f9fa4b6817cc69b9fae3598144724da7828e276a73bd17f47a2a49d9af090a-v1
  [2025-01-24_14-32-46] MISS: 3_ continuum ubuntu-latest.txt
    Key: tardis-regression-full-data-21f9fa4b6817cc69b9fae3598144724da7828e276a73bd17f47a2a49d9af090a-v1
  [2025-01-24_14-32-46] MISS: not continuum macos-latest/3_Setup LFS.txt
    Key: tardis-regression-full-data-21f9fa4b6817cc69b9fae3598144724da7828e276a73bd17f47a2a49d9af090a-v1
  [2025-01-24_14-32-46] MISS: not continuum ubuntu-latest/3_Setup LFS.txt
    Key: tardis-regression-full-data-21f9fa4b6817cc69b9fae3598144724da7828e276a73bd17f47a2a49d9af090a-v1
  [2025-01-24_14-32-46] MISS: continuum macos-latest/3_Setup LFS.txt
    Key: tardis-regression-full-data-21f9fa4b6817cc69b9fae3598144724da7828e276a73bd17f47a2a49d9af090a-v1
  [2025-01-24_14-32-46] MISS: continuum ubuntu-latest/3_Setup LFS.txt
    Key: tardis-regression-full-data-21f9fa4b6817cc69b9fae3598144724da7828e276a73bd17f47a2a49d9af090a-v1
  [2025-01-27_08-23-39] MISS: 2_not continuum ubuntu-latest.txt
    Key: tardis-regression-full-data-21f9fa4b6817cc69b9fae3598144724da7828e276a73bd17f47a2a49d9af090a-tardis-sn/tardis-regression-data-v1
  [2025-01-27_08-23-39] MISS: 1_ continuum macos-latest.txt
    Key: tardis-regression-full-data-21f9fa4b6817cc69b9fae3598144724da7828e276a73bd17f47a2a49d9af090a-tardis-sn/tardis-regression-data-v1
  [2025-01-27_08-23-39] MISS: 0_not continuum macos-latest.txt
    Key: tardis-regression-full-data-21f9fa4b6817cc69b9fae3598144724da7828e276a73bd17f47a2a49d9af090a-tardis-sn/tardis-regression-data-v1
  [2025-01-27_08-23-39] MISS: 3_ continuum ubuntu-latest.txt
    Key: tardis-regression-full-data-21f9fa4b6817cc69b9fae3598144724da7828e276a73bd17f47a2a49d9af090a-tardis-sn/tardis-regression-data-v1
  [2025-01-27_08-23-39] MISS: not continuum macos-latest/3_Setup LFS.txt
    Key: tardis-regression-full-data-21f9fa4b6817cc69b9fae3598144724da7828e276a73bd17f47a2a49d9af090a-tardis-sn/tardis-regression-data-v1
  [2025-01-27_08-23-39] MISS: not continuum ubuntu-latest/3_Setup LFS.txt
    Key: tardis-regression-full-data-21f9fa4b6817cc69b9fae3598144724da7828e276a73bd17f47a2a49d9af090a-tardis-sn/tardis-regression-data-v1
  [2025-01-27_08-23-39] MISS: continuum macos-latest/3_Setup LFS.txt
    Key: tardis-regression-full-data-21f9fa4b6817cc69b9fae3598144724da7828e276a73bd17f47a2a49d9af090a-tardis-sn/tardis-regression-data-v1
  [2025-01-27_08-23-39] MISS: continuum ubuntu-latest/3_Setup LFS.txt
    Key: tardis-regression-full-data-21f9fa4b6817cc69b9fae3598144724da7828e276a73bd17f47a2a49d9af090a-tardis-sn/tardis-regression-data-v1
  [2025-01-27_10-20-26] MISS: 0_test_cache  lfs-cache.txt
    Key: tardis-regression-full-data--tardis-sn/tardis-regression-data-v1
  [2025-01-27_10-20-26] MISS: test_cache  lfs-cache/4_Test cache availability.txt
    Key: tardis-regression-full-data--tardis-sn/tardis-regression-data-v1
  [2025-01-27_10-26-42] MISS: 0_test_cache  lfs-cache.txt
    Key: tardis-regression-full-data-21f9fa4b6817cc69b9fae3598144724da7828e276a73bd17f47a2a49d9af090a-tardis-sn/tardis-regression-data-v1
  [2025-01-27_10-26-42] MISS: test_cache  lfs-cache/5_Test cache availability.txt
    Key: tardis-regression-full-data-21f9fa4b6817cc69b9fae3598144724da7828e276a73bd17f47a2a49d9af090a-tardis-sn/tardis-regression-data-v1
  [2025-01-27_10-39-52] MISS: 0_test_cache  lfs-cache.txt
    Key: tardis-regression-full-data-21f9fa4b6817cc69b9fae3598144724da7828e276a73bd17f47a2a49d9af090a-tardis-sn/tardis-regression-data-v1
  [2025-01-27_10-39-52] MISS: test_cache  lfs-cache/5_Test cache availability.txt
    Key: tardis-regression-full-data-21f9fa4b6817cc69b9fae3598144724da7828e276a73bd17f47a2a49d9af090a-tardis-sn/tardis-regression-data-v1
  [2025-01-27_10-56-07] MISS: 0_test_cache  lfs-cache.txt
    Key: tardis-regression-full-data-21f9fa4b6817cc69b9fae3598144724da7828e276a73bd17f47a2a49d9af090a-tardis-sn/tardis-regression-data-v1
  [2025-01-27_10-56-07] MISS: test_cache  lfs-cache/5_Test cache availability.txt
    Key: tardis-regression-full-data-21f9fa4b6817cc69b9fae3598144724da7828e276a73bd17f47a2a49d9af090a-tardis-sn/tardis-regression-data-v1
  [2025-01-27_11-02-41] MISS: 0_test_cache  lfs-cache.txt
    Key: tardis-regression-full-data-21f9fa4b6817cc69b9fae3598144724da7828e276a73bd17f47a2a49d9af090a-tardis-sn/tardis-regression-data-v1
  [2025-01-27_11-02-41] MISS: test_cache  lfs-cache/5_Test cache availability.txt
    Key: tardis-regression-full-data-21f9fa4b6817cc69b9fae3598144724da7828e276a73bd17f47a2a49d9af090a-tardis-sn/tardis-regression-data-v1
  [2025-01-27_11-04-33] MISS: 0_test_cache  lfs-cache.txt
    Key: tardis-regression-full-data-21f9fa4b6817cc69b9fae3598144724da7828e276a73bd17f47a2a49d9af090a-tardis-sn/tardis-regression-data-v1
  [2025-01-27_11-04-33] MISS: test_cache  lfs-cache/5_Test cache availability.txt
    Key: tardis-regression-full-data-21f9fa4b6817cc69b9fae3598144724da7828e276a73bd17f47a2a49d9af090a-tardis-sn/tardis-regression-data-v1
  [2025-01-27_11-06-33] MISS: 0_test_cache  lfs-cache.txt
    Key: tardis-regression-full-data-21f9fa4b6817cc69b9fae3598144724da7828e276a73bd17f47a2a49d9af090a-tardis-sn/tardis-regression-data-v1
  [2025-01-27_11-06-33] MISS: test_cache  lfs-cache/5_Test cache availability.txt
    Key: tardis-regression-full-data-21f9fa4b6817cc69b9fae3598144724da7828e276a73bd17f47a2a49d9af090a-tardis-sn/tardis-regression-data-v1
  [2025-01-27_11-22-01] MISS: 0_test_cache  lfs-cache.txt
    Key: tardis-regression-full-data-21f9fa4b6817cc69b9fae3598144724da7828e276a73bd17f47a2a49d9af090a-tardis-sn/tardis-regression-data-v1
  [2025-01-27_11-22-01] MISS: test_cache  lfs-cache/5_Test cache availability.txt
    Key: tardis-regression-full-data-21f9fa4b6817cc69b9fae3598144724da7828e276a73bd17f47a2a49d9af090a-tardis-sn/tardis-regression-data-v1
  [2025-01-27_11-25-52] MISS: 0_test_cache  lfs-cache.txt
    Key: tardis-regression-full-data-21f9fa4b6817cc69b9fae3598144724da7828e276a73bd17f47a2a49d9af090a-tardis-sn/tardis-regression-data-v1
  [2025-01-27_11-25-52] MISS: test_cache  lfs-cache/5_Test cache availability.txt
    Key: tardis-regression-full-data-21f9fa4b6817cc69b9fae3598144724da7828e276a73bd17f47a2a49d9af090a-tardis-sn/tardis-regression-data-v1
  [2025-01-27_11-27-06] MISS: 0_test_cache  lfs-cache.txt
    Key: tardis-regression-full-data-21f9fa4b6817cc69b9fae3598144724da7828e276a73bd17f47a2a49d9af090a-tardis-sn/tardis-regression-data-v1
  [2025-01-27_11-27-06] MISS: test_cache  lfs-cache/5_Test cache availability.txt
    Key: tardis-regression-full-data-21f9fa4b6817cc69b9fae3598144724da7828e276a73bd17f47a2a49d9af090a-tardis-sn/tardis-regression-data-v1
  [2025-01-27_12-50-26] HIT: 0_test_cache  lfs-cache.txt
    Key: tardis-regression-full-data-21f9fa4b6817cc69b9fae3598144724da7828e276a73bd17f47a2a49d9af090a-tardis-sn/tardis-regression-data-v1
  [2025-01-27_12-50-26] HIT: test_cache  lfs-cache/5_Test cache availability.txt
    Key: tardis-regression-full-data-21f9fa4b6817cc69b9fae3598144724da7828e276a73bd17f47a2a49d9af090a-tardis-sn/tardis-regression-data-v1
  [2025-01-27_13-10-11] HIT: 0_test-cache  lfs-cache.txt
    Key: tardis-regression-full-data-21f9fa4b6817cc69b9fae3598144724da7828e276a73bd17f47a2a49d9af090a-tardis-sn/tardis-regression-data-v1
  [2025-01-27_13-10-11] HIT: test-cache  lfs-cache/4_Test cache availability.txt
    Key: tardis-regression-full-data-21f9fa4b6817cc69b9fae3598144724da7828e276a73bd17f47a2a49d9af090a-tardis-sn/tardis-regression-data-v1
--------------------------------------------------------------------------------

Pull Request: #2956
Title: Fixes the codestyle for Invalid Class Names
Author: Sonu0305
State: closed
Created: 2025-01-23T19:36:04Z

Cache Statistics:
  Total Events: 0
  Cache Hits: 0
  Cache Misses: 0
  Hit Rate: 0.0%

Cache Events (chronological order):
--------------------------------------------------------------------------------

Pull Request: #2958
Title: Post-release 2025.01.26
Author: tardis-bot
State: closed
Created: 2025-01-26T01:05:51Z

Cache Statistics:
  Total Events: 0
  Cache Hits: 0
  Cache Misses: 0
  Hit Rate: 0.0%

Cache Events (chronological order):
--------------------------------------------------------------------------------

Pull Request: #2959
Title: Makes get_tau_integ a method of class OpacityState
Author: Sonu0305
State: closed
Created: 2025-01-26T13:48:29Z

Cache Statistics:
  Total Events: 0
  Cache Hits: 0
  Cache Misses: 0
  Hit Rate: 0.0%

Cache Events (chronological order):
--------------------------------------------------------------------------------

Pull Request: #2962
Title: Updated packet_source to fix bug with BlackBodySimpleSource.create_pa
Author: nvieira-mcgill
State: closed
Created: 2025-01-27T23:36:14Z

Cache Statistics:
  Total Events: 0
  Cache Hits: 0
  Cache Misses: 0
  Hit Rate: 0.0%

Cache Events (chronological order):
--------------------------------------------------------------------------------

Pull Request: #2963
Title: updated converged status to self.converged throughout workflow
Author: erinvisser
State: closed
Created: 2025-01-31T01:06:12Z

Cache Statistics:
  Total Events: 4
  Cache Hits: 4
  Cache Misses: 0
  Hit Rate: 100.0%

Cache Events (chronological order):
  [2025-01-31_01-06-16] HIT: 0_test-cache  lfs-cache.txt
    Key: tardis-regression-full-data-21f9fa4b6817cc69b9fae3598144724da7828e276a73bd17f47a2a49d9af090a-tardis-sn/tardis-regression-data-v1
  [2025-01-31_01-06-16] HIT: test-cache  lfs-cache/4_Test cache availability.txt
    Key: tardis-regression-full-data-21f9fa4b6817cc69b9fae3598144724da7828e276a73bd17f47a2a49d9af090a-tardis-sn/tardis-regression-data-v1
  [2025-02-03_21-13-01] HIT: 0_test-cache  lfs-cache.txt
    Key: tardis-regression-full-data-21f9fa4b6817cc69b9fae3598144724da7828e276a73bd17f47a2a49d9af090a-tardis-sn/tardis-regression-data-v1
  [2025-02-03_21-13-01] HIT: test-cache  lfs-cache/4_Test cache availability.txt
    Key: tardis-regression-full-data-21f9fa4b6817cc69b9fae3598144724da7828e276a73bd17f47a2a49d9af090a-tardis-sn/tardis-regression-data-v1
--------------------------------------------------------------------------------

Pull Request: #2964
Title: Add spectrum visualization  notebook
Author: KasukabeDefenceForce
State: open
Created: 2025-02-03T13:57:33Z

Cache Statistics:
  Total Events: 24
  Cache Hits: 24
  Cache Misses: 0
  Hit Rate: 100.0%

Cache Events (chronological order):
  [2025-02-03_13-57-37] HIT: 0_test-cache  lfs-cache.txt
    Key: tardis-regression-full-data-21f9fa4b6817cc69b9fae3598144724da7828e276a73bd17f47a2a49d9af090a-tardis-sn/tardis-regression-data-v1
  [2025-02-03_13-57-37] HIT: test-cache  lfs-cache/4_Test cache availability.txt
    Key: tardis-regression-full-data-21f9fa4b6817cc69b9fae3598144724da7828e276a73bd17f47a2a49d9af090a-tardis-sn/tardis-regression-data-v1
  [2025-02-03_14-51-09] HIT: 0_test-cache  lfs-cache.txt
    Key: tardis-regression-full-data-21f9fa4b6817cc69b9fae3598144724da7828e276a73bd17f47a2a49d9af090a-tardis-sn/tardis-regression-data-v1
  [2025-02-03_14-51-09] HIT: test-cache  lfs-cache/4_Test cache availability.txt
    Key: tardis-regression-full-data-21f9fa4b6817cc69b9fae3598144724da7828e276a73bd17f47a2a49d9af090a-tardis-sn/tardis-regression-data-v1
  [2025-02-04_14-08-21] HIT: 0_test-cache  lfs-cache.txt
    Key: tardis-regression-full-data-21f9fa4b6817cc69b9fae3598144724da7828e276a73bd17f47a2a49d9af090a-tardis-sn/tardis-regression-data-v1
  [2025-02-04_14-08-21] HIT: test-cache  lfs-cache/4_Test cache availability.txt
    Key: tardis-regression-full-data-21f9fa4b6817cc69b9fae3598144724da7828e276a73bd17f47a2a49d9af090a-tardis-sn/tardis-regression-data-v1
  [2025-02-11_05-44-13] HIT: 0_test-cache  lfs-cache.txt
    Key: tardis-regression-full-data-21f9fa4b6817cc69b9fae3598144724da7828e276a73bd17f47a2a49d9af090a-tardis-sn/tardis-regression-data-v1
  [2025-02-11_05-44-13] HIT: test-cache  lfs-cache/4_Test cache availability.txt
    Key: tardis-regression-full-data-21f9fa4b6817cc69b9fae3598144724da7828e276a73bd17f47a2a49d9af090a-tardis-sn/tardis-regression-data-v1
  [2025-02-11_05-58-13] HIT: 0_test-cache  lfs-cache.txt
    Key: tardis-regression-full-data-21f9fa4b6817cc69b9fae3598144724da7828e276a73bd17f47a2a49d9af090a-tardis-sn/tardis-regression-data-v1
  [2025-02-11_05-58-13] HIT: test-cache  lfs-cache/4_Test cache availability.txt
    Key: tardis-regression-full-data-21f9fa4b6817cc69b9fae3598144724da7828e276a73bd17f47a2a49d9af090a-tardis-sn/tardis-regression-data-v1
  [2025-02-11_06-02-06] HIT: 0_test-cache  lfs-cache.txt
    Key: tardis-regression-full-data-21f9fa4b6817cc69b9fae3598144724da7828e276a73bd17f47a2a49d9af090a-tardis-sn/tardis-regression-data-v1
  [2025-02-11_06-02-06] HIT: test-cache  lfs-cache/4_Test cache availability.txt
    Key: tardis-regression-full-data-21f9fa4b6817cc69b9fae3598144724da7828e276a73bd17f47a2a49d9af090a-tardis-sn/tardis-regression-data-v1
  [2025-02-18_14-43-36] HIT: 0_test-cache  lfs-cache.txt
    Key: tardis-regression-full-data-21f9fa4b6817cc69b9fae3598144724da7828e276a73bd17f47a2a49d9af090a-tardis-sn/tardis-regression-data-v1
  [2025-02-18_14-43-36] HIT: test-cache  lfs-cache/4_Test cache availability.txt
    Key: tardis-regression-full-data-21f9fa4b6817cc69b9fae3598144724da7828e276a73bd17f47a2a49d9af090a-tardis-sn/tardis-regression-data-v1
  [2025-02-20_05-38-33] HIT: 0_test-cache  lfs-cache.txt
    Key: tardis-regression-full-data-c8ff2bbb6048b3f24d3f52a1e85b013ad47e52c369a6ce4cfdeff528b659b86f-tardis-sn/tardis-regression-data-v1
  [2025-02-20_05-38-33] HIT: test-cache  lfs-cache/4_Test cache availability.txt
    Key: tardis-regression-full-data-c8ff2bbb6048b3f24d3f52a1e85b013ad47e52c369a6ce4cfdeff528b659b86f-tardis-sn/tardis-regression-data-v1
  [2025-02-20_07-15-06] HIT: 0_test-cache  lfs-cache.txt
    Key: tardis-regression-full-data-c8ff2bbb6048b3f24d3f52a1e85b013ad47e52c369a6ce4cfdeff528b659b86f-tardis-sn/tardis-regression-data-v1
  [2025-02-20_07-15-06] HIT: test-cache  lfs-cache/4_Test cache availability.txt
    Key: tardis-regression-full-data-c8ff2bbb6048b3f24d3f52a1e85b013ad47e52c369a6ce4cfdeff528b659b86f-tardis-sn/tardis-regression-data-v1
  [2025-02-20_07-16-41] HIT: 0_test-cache  lfs-cache.txt
    Key: tardis-regression-full-data-c8ff2bbb6048b3f24d3f52a1e85b013ad47e52c369a6ce4cfdeff528b659b86f-tardis-sn/tardis-regression-data-v1
  [2025-02-20_07-16-41] HIT: test-cache  lfs-cache/4_Test cache availability.txt
    Key: tardis-regression-full-data-c8ff2bbb6048b3f24d3f52a1e85b013ad47e52c369a6ce4cfdeff528b659b86f-tardis-sn/tardis-regression-data-v1
  [2025-02-20_07-17-52] HIT: 0_test-cache  lfs-cache.txt
    Key: tardis-regression-full-data-c8ff2bbb6048b3f24d3f52a1e85b013ad47e52c369a6ce4cfdeff528b659b86f-tardis-sn/tardis-regression-data-v1
  [2025-02-20_07-17-52] HIT: test-cache  lfs-cache/4_Test cache availability.txt
    Key: tardis-regression-full-data-c8ff2bbb6048b3f24d3f52a1e85b013ad47e52c369a6ce4cfdeff528b659b86f-tardis-sn/tardis-regression-data-v1
  [2025-02-20_07-18-47] HIT: 0_test-cache  lfs-cache.txt
    Key: tardis-regression-full-data-c8ff2bbb6048b3f24d3f52a1e85b013ad47e52c369a6ce4cfdeff528b659b86f-tardis-sn/tardis-regression-data-v1
  [2025-02-20_07-18-47] HIT: test-cache  lfs-cache/4_Test cache availability.txt
    Key: tardis-regression-full-data-c8ff2bbb6048b3f24d3f52a1e85b013ad47e52c369a6ce4cfdeff528b659b86f-tardis-sn/tardis-regression-data-v1
--------------------------------------------------------------------------------

Pull Request: #2965
Title: Disallow Merge Refs from Creating Cache
Author: atharva-2001
State: closed
Created: 2025-02-03T15:21:23Z

Cache Statistics:
  Total Events: 2
  Cache Hits: 2
  Cache Misses: 0
  Hit Rate: 100.0%

Cache Events (chronological order):
  [2025-02-03_15-21-28] HIT: 0_test-cache  lfs-cache.txt
    Key: tardis-regression-full-data-21f9fa4b6817cc69b9fae3598144724da7828e276a73bd17f47a2a49d9af090a-tardis-sn/tardis-regression-data-v1
  [2025-02-03_15-21-28] HIT: test-cache  lfs-cache/4_Test cache availability.txt
    Key: tardis-regression-full-data-21f9fa4b6817cc69b9fae3598144724da7828e276a73bd17f47a2a49d9af090a-tardis-sn/tardis-regression-data-v1
--------------------------------------------------------------------------------

Pull Request: #2966
Title: Fix LFS sparse checkout
Author: atharva-2001
State: closed
Created: 2025-02-05T13:32:11Z

Cache Statistics:
  Total Events: 4
  Cache Hits: 4
  Cache Misses: 0
  Hit Rate: 100.0%

Cache Events (chronological order):
  [2025-02-05_13-32-15] HIT: 0_test-cache  lfs-cache.txt
    Key: tardis-regression-full-data-21f9fa4b6817cc69b9fae3598144724da7828e276a73bd17f47a2a49d9af090a-tardis-sn/tardis-regression-data-v1
  [2025-02-05_13-32-15] HIT: test-cache  lfs-cache/4_Test cache availability.txt
    Key: tardis-regression-full-data-21f9fa4b6817cc69b9fae3598144724da7828e276a73bd17f47a2a49d9af090a-tardis-sn/tardis-regression-data-v1
  [2025-02-05_14-37-50] HIT: 0_test-cache  lfs-cache.txt
    Key: tardis-regression-full-data-21f9fa4b6817cc69b9fae3598144724da7828e276a73bd17f47a2a49d9af090a-tardis-sn/tardis-regression-data-v1
  [2025-02-05_14-37-50] HIT: test-cache  lfs-cache/4_Test cache availability.txt
    Key: tardis-regression-full-data-21f9fa4b6817cc69b9fae3598144724da7828e276a73bd17f47a2a49d9af090a-tardis-sn/tardis-regression-data-v1
--------------------------------------------------------------------------------

Pull Request: #2967
Title: Move visualization section to analysing tardis output
Author: KasukabeDefenceForce
State: closed
Created: 2025-02-10T13:54:09Z

Cache Statistics:
  Total Events: 2
  Cache Hits: 2
  Cache Misses: 0
  Hit Rate: 100.0%

Cache Events (chronological order):
  [2025-02-10_13-54-14] HIT: 0_test-cache  lfs-cache.txt
    Key: tardis-regression-full-data-21f9fa4b6817cc69b9fae3598144724da7828e276a73bd17f47a2a49d9af090a-tardis-sn/tardis-regression-data-v1
  [2025-02-10_13-54-14] HIT: test-cache  lfs-cache/4_Test cache availability.txt
    Key: tardis-regression-full-data-21f9fa4b6817cc69b9fae3598144724da7828e276a73bd17f47a2a49d9af090a-tardis-sn/tardis-regression-data-v1
--------------------------------------------------------------------------------

Pull Request: #2968
Title: Add sdec visualisation notebook
Author: KasukabeDefenceForce
State: open
Created: 2025-02-12T10:25:28Z

Cache Statistics:
  Total Events: 6
  Cache Hits: 6
  Cache Misses: 0
  Hit Rate: 100.0%

Cache Events (chronological order):
  [2025-02-12_10-25-34] HIT: 0_test-cache  lfs-cache.txt
    Key: tardis-regression-full-data-21f9fa4b6817cc69b9fae3598144724da7828e276a73bd17f47a2a49d9af090a-tardis-sn/tardis-regression-data-v1
  [2025-02-12_10-25-34] HIT: test-cache  lfs-cache/4_Test cache availability.txt
    Key: tardis-regression-full-data-21f9fa4b6817cc69b9fae3598144724da7828e276a73bd17f47a2a49d9af090a-tardis-sn/tardis-regression-data-v1
  [2025-02-18_14-45-01] HIT: 0_test-cache  lfs-cache.txt
    Key: tardis-regression-full-data-21f9fa4b6817cc69b9fae3598144724da7828e276a73bd17f47a2a49d9af090a-tardis-sn/tardis-regression-data-v1
  [2025-02-18_14-45-01] HIT: test-cache  lfs-cache/4_Test cache availability.txt
    Key: tardis-regression-full-data-21f9fa4b6817cc69b9fae3598144724da7828e276a73bd17f47a2a49d9af090a-tardis-sn/tardis-regression-data-v1
  [2025-02-20_15-08-20] HIT: 0_test-cache  lfs-cache.txt
    Key: tardis-regression-full-data-c8ff2bbb6048b3f24d3f52a1e85b013ad47e52c369a6ce4cfdeff528b659b86f-tardis-sn/tardis-regression-data-v1
  [2025-02-20_15-08-20] HIT: test-cache  lfs-cache/4_Test cache availability.txt
    Key: tardis-regression-full-data-c8ff2bbb6048b3f24d3f52a1e85b013ad47e52c369a6ce4cfdeff528b659b86f-tardis-sn/tardis-regression-data-v1
--------------------------------------------------------------------------------

Pull Request: #2969
Title: Replace with appropriate .loc or .iloc method.
Author: rohit2p
State: open
Created: 2025-02-13T15:12:46Z

Cache Statistics:
  Total Events: 2
  Cache Hits: 2
  Cache Misses: 0
  Hit Rate: 100.0%

Cache Events (chronological order):
  [2025-02-13_15-16-52] HIT: 0_test-cache  lfs-cache.txt
    Key: tardis-regression-full-data-c8ff2bbb6048b3f24d3f52a1e85b013ad47e52c369a6ce4cfdeff528b659b86f-tardis-sn/tardis-regression-data-v1
  [2025-02-13_15-16-52] HIT: test-cache  lfs-cache/4_Test cache availability.txt
    Key: tardis-regression-full-data-c8ff2bbb6048b3f24d3f52a1e85b013ad47e52c369a6ce4cfdeff528b659b86f-tardis-sn/tardis-regression-data-v1
--------------------------------------------------------------------------------

Pull Request: #2973
Title: Io artis reader
Author: wkerzendorf
State: open
Created: 2025-02-15T21:38:23Z

Cache Statistics:
  Total Events: 14
  Cache Hits: 14
  Cache Misses: 0
  Hit Rate: 100.0%

Cache Events (chronological order):
  [2025-02-15_21-38-26] HIT: 0_test-cache  lfs-cache.txt
    Key: tardis-regression-full-data-21f9fa4b6817cc69b9fae3598144724da7828e276a73bd17f47a2a49d9af090a-tardis-sn/tardis-regression-data-v1
  [2025-02-15_21-38-26] HIT: test-cache  lfs-cache/4_Test cache availability.txt
    Key: tardis-regression-full-data-21f9fa4b6817cc69b9fae3598144724da7828e276a73bd17f47a2a49d9af090a-tardis-sn/tardis-regression-data-v1
  [2025-02-15_22-06-44] HIT: 0_test-cache  lfs-cache.txt
    Key: tardis-regression-full-data-21f9fa4b6817cc69b9fae3598144724da7828e276a73bd17f47a2a49d9af090a-tardis-sn/tardis-regression-data-v1
  [2025-02-15_22-06-44] HIT: test-cache  lfs-cache/4_Test cache availability.txt
    Key: tardis-regression-full-data-21f9fa4b6817cc69b9fae3598144724da7828e276a73bd17f47a2a49d9af090a-tardis-sn/tardis-regression-data-v1
  [2025-02-22_20-44-07] HIT: 0_test-cache  lfs-cache.txt
    Key: tardis-regression-full-data-c8ff2bbb6048b3f24d3f52a1e85b013ad47e52c369a6ce4cfdeff528b659b86f-tardis-sn/tardis-regression-data-v1
  [2025-02-22_20-44-07] HIT: test-cache  lfs-cache/4_Test cache availability.txt
    Key: tardis-regression-full-data-c8ff2bbb6048b3f24d3f52a1e85b013ad47e52c369a6ce4cfdeff528b659b86f-tardis-sn/tardis-regression-data-v1
  [2025-02-23_16-21-56] HIT: 0_test-cache  lfs-cache.txt
    Key: tardis-regression-full-data-c8ff2bbb6048b3f24d3f52a1e85b013ad47e52c369a6ce4cfdeff528b659b86f-tardis-sn/tardis-regression-data-v1
  [2025-02-23_16-21-56] HIT: test-cache  lfs-cache/4_Test cache availability.txt
    Key: tardis-regression-full-data-c8ff2bbb6048b3f24d3f52a1e85b013ad47e52c369a6ce4cfdeff528b659b86f-tardis-sn/tardis-regression-data-v1
  [2025-02-23_16-37-37] HIT: 0_test-cache  lfs-cache.txt
    Key: tardis-regression-full-data-c8ff2bbb6048b3f24d3f52a1e85b013ad47e52c369a6ce4cfdeff528b659b86f-tardis-sn/tardis-regression-data-v1
  [2025-02-23_16-37-37] HIT: test-cache  lfs-cache/4_Test cache availability.txt
    Key: tardis-regression-full-data-c8ff2bbb6048b3f24d3f52a1e85b013ad47e52c369a6ce4cfdeff528b659b86f-tardis-sn/tardis-regression-data-v1
  [2025-02-23_16-41-18] HIT: 0_test-cache  lfs-cache.txt
    Key: tardis-regression-full-data-c8ff2bbb6048b3f24d3f52a1e85b013ad47e52c369a6ce4cfdeff528b659b86f-tardis-sn/tardis-regression-data-v1
  [2025-02-23_16-41-18] HIT: test-cache  lfs-cache/4_Test cache availability.txt
    Key: tardis-regression-full-data-c8ff2bbb6048b3f24d3f52a1e85b013ad47e52c369a6ce4cfdeff528b659b86f-tardis-sn/tardis-regression-data-v1
  [2025-02-23_20-05-45] HIT: 0_test-cache  lfs-cache.txt
    Key: tardis-regression-full-data-c8ff2bbb6048b3f24d3f52a1e85b013ad47e52c369a6ce4cfdeff528b659b86f-tardis-sn/tardis-regression-data-v1
  [2025-02-23_20-05-45] HIT: test-cache  lfs-cache/4_Test cache availability.txt
    Key: tardis-regression-full-data-c8ff2bbb6048b3f24d3f52a1e85b013ad47e52c369a6ce4cfdeff528b659b86f-tardis-sn/tardis-regression-data-v1
--------------------------------------------------------------------------------

Pull Request: #2974
Title: Refactor isotope mass fraction handling and configuration
Author: wkerzendorf
State: open
Created: 2025-02-16T05:18:15Z

Cache Statistics:
  Total Events: 2
  Cache Hits: 2
  Cache Misses: 0
  Hit Rate: 100.0%

Cache Events (chronological order):
  [2025-02-16_05-18-18] HIT: 0_test-cache  lfs-cache.txt
    Key: tardis-regression-full-data-21f9fa4b6817cc69b9fae3598144724da7828e276a73bd17f47a2a49d9af090a-tardis-sn/tardis-regression-data-v1
  [2025-02-16_05-18-18] HIT: test-cache  lfs-cache/4_Test cache availability.txt
    Key: tardis-regression-full-data-21f9fa4b6817cc69b9fae3598144724da7828e276a73bd17f47a2a49d9af090a-tardis-sn/tardis-regression-data-v1
--------------------------------------------------------------------------------

Pull Request: #2975
Title: Fail LFS pull if label not present
Author: atharva-2001
State: closed
Created: 2025-02-17T13:10:56Z

Cache Statistics:
  Total Events: 8
  Cache Hits: 8
  Cache Misses: 0
  Hit Rate: 100.0%

Cache Events (chronological order):
  [2025-02-17_13-11-00] HIT: 0_test-cache  lfs-cache.txt
    Key: tardis-regression-full-data-21f9fa4b6817cc69b9fae3598144724da7828e276a73bd17f47a2a49d9af090a-tardis-sn/tardis-regression-data-v1
  [2025-02-17_13-11-00] HIT: test-cache  lfs-cache/4_Test cache availability.txt
    Key: tardis-regression-full-data-21f9fa4b6817cc69b9fae3598144724da7828e276a73bd17f47a2a49d9af090a-tardis-sn/tardis-regression-data-v1
  [2025-02-17_13-20-14] HIT: 0_test-cache  lfs-cache.txt
    Key: tardis-regression-full-data-21f9fa4b6817cc69b9fae3598144724da7828e276a73bd17f47a2a49d9af090a-tardis-sn/tardis-regression-data-v1
  [2025-02-17_13-20-14] HIT: test-cache  lfs-cache/4_Test cache availability.txt
    Key: tardis-regression-full-data-21f9fa4b6817cc69b9fae3598144724da7828e276a73bd17f47a2a49d9af090a-tardis-sn/tardis-regression-data-v1
  [2025-02-17_13-28-53] HIT: 0_test-cache  lfs-cache.txt
    Key: tardis-regression-full-data-21f9fa4b6817cc69b9fae3598144724da7828e276a73bd17f47a2a49d9af090a-tardis-sn/tardis-regression-data-v1
  [2025-02-17_13-28-53] HIT: test-cache  lfs-cache/4_Test cache availability.txt
    Key: tardis-regression-full-data-21f9fa4b6817cc69b9fae3598144724da7828e276a73bd17f47a2a49d9af090a-tardis-sn/tardis-regression-data-v1
  [2025-02-17_13-31-55] HIT: 0_test-cache  lfs-cache.txt
    Key: tardis-regression-full-data-21f9fa4b6817cc69b9fae3598144724da7828e276a73bd17f47a2a49d9af090a-tardis-sn/tardis-regression-data-v1
  [2025-02-17_13-31-55] HIT: test-cache  lfs-cache/4_Test cache availability.txt
    Key: tardis-regression-full-data-21f9fa4b6817cc69b9fae3598144724da7828e276a73bd17f47a2a49d9af090a-tardis-sn/tardis-regression-data-v1
--------------------------------------------------------------------------------

Pull Request: #2976
Title: Restructure/gamma rays code1
Author: wkerzendorf
State: open
Created: 2025-02-17T15:03:40Z

Cache Statistics:
  Total Events: 6
  Cache Hits: 6
  Cache Misses: 0
  Hit Rate: 100.0%

Cache Events (chronological order):
  [2025-02-17_15-03-44] HIT: 0_test-cache  lfs-cache.txt
    Key: tardis-regression-full-data-21f9fa4b6817cc69b9fae3598144724da7828e276a73bd17f47a2a49d9af090a-tardis-sn/tardis-regression-data-v1
  [2025-02-17_15-03-44] HIT: test-cache  lfs-cache/4_Test cache availability.txt
    Key: tardis-regression-full-data-21f9fa4b6817cc69b9fae3598144724da7828e276a73bd17f47a2a49d9af090a-tardis-sn/tardis-regression-data-v1
  [2025-02-18_22-31-52] HIT: 0_test-cache  lfs-cache.txt
    Key: tardis-regression-full-data-c8ff2bbb6048b3f24d3f52a1e85b013ad47e52c369a6ce4cfdeff528b659b86f-tardis-sn/tardis-regression-data-v1
  [2025-02-18_22-31-52] HIT: test-cache  lfs-cache/4_Test cache availability.txt
    Key: tardis-regression-full-data-c8ff2bbb6048b3f24d3f52a1e85b013ad47e52c369a6ce4cfdeff528b659b86f-tardis-sn/tardis-regression-data-v1
  [2025-02-25_03-21-01] HIT: 0_test-cache  lfs-cache.txt
    Key: tardis-regression-full-data-6e3f921411cf0a4e16018f0781785ab8728ab151c8f95ea20b0c8e8609b9a332-tardis-sn/tardis-regression-data-v1
  [2025-02-25_03-21-01] HIT: test-cache  lfs-cache/4_Test cache availability.txt
    Key: tardis-regression-full-data-6e3f921411cf0a4e16018f0781785ab8728ab151c8f95ea20b0c8e8609b9a332-tardis-sn/tardis-regression-data-v1
--------------------------------------------------------------------------------

Pull Request: #2977
Title: Fixture fixes
Author: atharva-2001
State: open
Created: 2025-02-18T13:46:14Z

Cache Statistics:
  Total Events: 24
  Cache Hits: 24
  Cache Misses: 0
  Hit Rate: 100.0%

Cache Events (chronological order):
  [2025-02-21_10-38-00] HIT: 0_test-cache  lfs-cache.txt
    Key: tardis-regression-full-data-c8ff2bbb6048b3f24d3f52a1e85b013ad47e52c369a6ce4cfdeff528b659b86f-tardis-sn/tardis-regression-data-v1
  [2025-02-21_10-38-00] HIT: test-cache  lfs-cache/4_Test cache availability.txt
    Key: tardis-regression-full-data-c8ff2bbb6048b3f24d3f52a1e85b013ad47e52c369a6ce4cfdeff528b659b86f-tardis-sn/tardis-regression-data-v1
  [2025-02-21_11-04-55] HIT: 0_test-cache  lfs-cache.txt
    Key: tardis-regression-full-data-c8ff2bbb6048b3f24d3f52a1e85b013ad47e52c369a6ce4cfdeff528b659b86f-tardis-sn/tardis-regression-data-v1
  [2025-02-21_11-04-55] HIT: test-cache  lfs-cache/4_Test cache availability.txt
    Key: tardis-regression-full-data-c8ff2bbb6048b3f24d3f52a1e85b013ad47e52c369a6ce4cfdeff528b659b86f-tardis-sn/tardis-regression-data-v1
  [2025-02-21_11-13-16] HIT: 0_test-cache  lfs-cache.txt
    Key: tardis-regression-full-data-c8ff2bbb6048b3f24d3f52a1e85b013ad47e52c369a6ce4cfdeff528b659b86f-tardis-sn/tardis-regression-data-v1
  [2025-02-21_11-13-16] HIT: test-cache  lfs-cache/4_Test cache availability.txt
    Key: tardis-regression-full-data-c8ff2bbb6048b3f24d3f52a1e85b013ad47e52c369a6ce4cfdeff528b659b86f-tardis-sn/tardis-regression-data-v1
  [2025-02-21_11-19-51] HIT: 0_test-cache  lfs-cache.txt
    Key: tardis-regression-full-data-c8ff2bbb6048b3f24d3f52a1e85b013ad47e52c369a6ce4cfdeff528b659b86f-tardis-sn/tardis-regression-data-v1
  [2025-02-21_11-19-51] HIT: test-cache  lfs-cache/4_Test cache availability.txt
    Key: tardis-regression-full-data-c8ff2bbb6048b3f24d3f52a1e85b013ad47e52c369a6ce4cfdeff528b659b86f-tardis-sn/tardis-regression-data-v1
  [2025-02-21_11-26-43] HIT: 0_test-cache  lfs-cache.txt
    Key: tardis-regression-full-data-c8ff2bbb6048b3f24d3f52a1e85b013ad47e52c369a6ce4cfdeff528b659b86f-tardis-sn/tardis-regression-data-v1
  [2025-02-21_11-26-43] HIT: test-cache  lfs-cache/4_Test cache availability.txt
    Key: tardis-regression-full-data-c8ff2bbb6048b3f24d3f52a1e85b013ad47e52c369a6ce4cfdeff528b659b86f-tardis-sn/tardis-regression-data-v1
  [2025-02-21_11-32-03] HIT: 0_test-cache  lfs-cache.txt
    Key: tardis-regression-full-data-c8ff2bbb6048b3f24d3f52a1e85b013ad47e52c369a6ce4cfdeff528b659b86f-tardis-sn/tardis-regression-data-v1
  [2025-02-21_11-32-03] HIT: test-cache  lfs-cache/4_Test cache availability.txt
    Key: tardis-regression-full-data-c8ff2bbb6048b3f24d3f52a1e85b013ad47e52c369a6ce4cfdeff528b659b86f-tardis-sn/tardis-regression-data-v1
  [2025-02-21_11-35-48] HIT: 0_test-cache  lfs-cache.txt
    Key: tardis-regression-full-data-c8ff2bbb6048b3f24d3f52a1e85b013ad47e52c369a6ce4cfdeff528b659b86f-tardis-sn/tardis-regression-data-v1
  [2025-02-21_11-35-48] HIT: test-cache  lfs-cache/4_Test cache availability.txt
    Key: tardis-regression-full-data-c8ff2bbb6048b3f24d3f52a1e85b013ad47e52c369a6ce4cfdeff528b659b86f-tardis-sn/tardis-regression-data-v1
  [2025-02-21_11-53-54] HIT: 0_test-cache  lfs-cache.txt
    Key: tardis-regression-full-data-c8ff2bbb6048b3f24d3f52a1e85b013ad47e52c369a6ce4cfdeff528b659b86f-tardis-sn/tardis-regression-data-v1
  [2025-02-21_11-53-54] HIT: test-cache  lfs-cache/4_Test cache availability.txt
    Key: tardis-regression-full-data-c8ff2bbb6048b3f24d3f52a1e85b013ad47e52c369a6ce4cfdeff528b659b86f-tardis-sn/tardis-regression-data-v1
  [2025-02-21_12-37-45] HIT: 0_test-cache  lfs-cache.txt
    Key: tardis-regression-full-data-c8ff2bbb6048b3f24d3f52a1e85b013ad47e52c369a6ce4cfdeff528b659b86f-tardis-sn/tardis-regression-data-v1
  [2025-02-21_12-37-45] HIT: test-cache  lfs-cache/4_Test cache availability.txt
    Key: tardis-regression-full-data-c8ff2bbb6048b3f24d3f52a1e85b013ad47e52c369a6ce4cfdeff528b659b86f-tardis-sn/tardis-regression-data-v1
  [2025-02-21_13-23-19] HIT: 0_test-cache  lfs-cache.txt
    Key: tardis-regression-full-data-c8ff2bbb6048b3f24d3f52a1e85b013ad47e52c369a6ce4cfdeff528b659b86f-tardis-sn/tardis-regression-data-v1
  [2025-02-21_13-23-19] HIT: test-cache  lfs-cache/4_Test cache availability.txt
    Key: tardis-regression-full-data-c8ff2bbb6048b3f24d3f52a1e85b013ad47e52c369a6ce4cfdeff528b659b86f-tardis-sn/tardis-regression-data-v1
  [2025-02-21_13-31-01] HIT: 0_test-cache  lfs-cache.txt
    Key: tardis-regression-full-data-c8ff2bbb6048b3f24d3f52a1e85b013ad47e52c369a6ce4cfdeff528b659b86f-tardis-sn/tardis-regression-data-v1
  [2025-02-21_13-31-01] HIT: test-cache  lfs-cache/4_Test cache availability.txt
    Key: tardis-regression-full-data-c8ff2bbb6048b3f24d3f52a1e85b013ad47e52c369a6ce4cfdeff528b659b86f-tardis-sn/tardis-regression-data-v1
  [2025-02-21_14-28-53] HIT: 0_test-cache  lfs-cache.txt
    Key: tardis-regression-full-data-c8ff2bbb6048b3f24d3f52a1e85b013ad47e52c369a6ce4cfdeff528b659b86f-tardis-sn/tardis-regression-data-v1
  [2025-02-21_14-28-53] HIT: test-cache  lfs-cache/4_Test cache availability.txt
    Key: tardis-regression-full-data-c8ff2bbb6048b3f24d3f52a1e85b013ad47e52c369a6ce4cfdeff528b659b86f-tardis-sn/tardis-regression-data-v1
--------------------------------------------------------------------------------

Pull Request: #2980
Title: Move required images in the analyzing tardis outputs directory
Author: KasukabeDefenceForce
State: closed
Created: 2025-02-19T09:37:08Z

Cache Statistics:
  Total Events: 2
  Cache Hits: 2
  Cache Misses: 0
  Hit Rate: 100.0%

Cache Events (chronological order):
  [2025-02-19_09-37-13] HIT: 0_test-cache  lfs-cache.txt
    Key: tardis-regression-full-data-c8ff2bbb6048b3f24d3f52a1e85b013ad47e52c369a6ce4cfdeff528b659b86f-tardis-sn/tardis-regression-data-v1
  [2025-02-19_09-37-13] HIT: test-cache  lfs-cache/4_Test cache availability.txt
    Key: tardis-regression-full-data-c8ff2bbb6048b3f24d3f52a1e85b013ad47e52c369a6ce4cfdeff528b659b86f-tardis-sn/tardis-regression-data-v1
--------------------------------------------------------------------------------

Pull Request: #2981
Title: v_inner_solver store plasma state fxn
Author: erinvisser
State: open
Created: 2025-02-19T15:35:41Z

Cache Statistics:
  Total Events: 4
  Cache Hits: 4
  Cache Misses: 0
  Hit Rate: 100.0%

Cache Events (chronological order):
  [2025-02-19_15-35-55] HIT: 0_test-cache  lfs-cache.txt
    Key: tardis-regression-full-data-c8ff2bbb6048b3f24d3f52a1e85b013ad47e52c369a6ce4cfdeff528b659b86f-tardis-sn/tardis-regression-data-v1
  [2025-02-19_15-35-55] HIT: test-cache  lfs-cache/4_Test cache availability.txt
    Key: tardis-regression-full-data-c8ff2bbb6048b3f24d3f52a1e85b013ad47e52c369a6ce4cfdeff528b659b86f-tardis-sn/tardis-regression-data-v1
  [2025-02-19_15-41-39] HIT: 0_test-cache  lfs-cache.txt
    Key: tardis-regression-full-data-c8ff2bbb6048b3f24d3f52a1e85b013ad47e52c369a6ce4cfdeff528b659b86f-tardis-sn/tardis-regression-data-v1
  [2025-02-19_15-41-39] HIT: test-cache  lfs-cache/4_Test cache availability.txt
    Key: tardis-regression-full-data-c8ff2bbb6048b3f24d3f52a1e85b013ad47e52c369a6ce4cfdeff528b659b86f-tardis-sn/tardis-regression-data-v1
--------------------------------------------------------------------------------

Pull Request: #2982
Title: [Docs] : updated the pytest arg from --regression-data to --tardis-regression-data 
Author: rudrakshnalbalwar
State: open
Created: 2025-02-19T16:50:38Z

Cache Statistics:
  Total Events: 2
  Cache Hits: 2
  Cache Misses: 0
  Hit Rate: 100.0%

Cache Events (chronological order):
  [2025-02-19_16-50-43] HIT: 0_test-cache  lfs-cache.txt
    Key: tardis-regression-full-data-6e3f921411cf0a4e16018f0781785ab8728ab151c8f95ea20b0c8e8609b9a332-tardis-sn/tardis-regression-data-v1
  [2025-02-19_16-50-43] HIT: test-cache  lfs-cache/4_Test cache availability.txt
    Key: tardis-regression-full-data-6e3f921411cf0a4e16018f0781785ab8728ab151c8f95ea20b0c8e8609b9a332-tardis-sn/tardis-regression-data-v1
--------------------------------------------------------------------------------

Pull Request: #2983
Title: v_inner convergence plots in docs
Author: erinvisser
State: open
Created: 2025-02-19T21:34:13Z

Cache Statistics:
  Total Events: 2
  Cache Hits: 2
  Cache Misses: 0
  Hit Rate: 100.0%

Cache Events (chronological order):
  [2025-02-19_21-34-17] HIT: 0_test-cache  lfs-cache.txt
    Key: tardis-regression-full-data-c8ff2bbb6048b3f24d3f52a1e85b013ad47e52c369a6ce4cfdeff528b659b86f-tardis-sn/tardis-regression-data-v1
  [2025-02-19_21-34-17] HIT: test-cache  lfs-cache/4_Test cache availability.txt
    Key: tardis-regression-full-data-c8ff2bbb6048b3f24d3f52a1e85b013ad47e52c369a6ce4cfdeff528b659b86f-tardis-sn/tardis-regression-data-v1
--------------------------------------------------------------------------------

Pull Request: #2984
Title: Fix init bug for: line_interaction_type=scatter
Author: roee2000
State: open
Created: 2025-02-20T21:17:11Z

Cache Statistics:
  Total Events: 2
  Cache Hits: 2
  Cache Misses: 0
  Hit Rate: 100.0%

Cache Events (chronological order):
  [2025-02-20_21-17-16] HIT: 0_test-cache  lfs-cache.txt
    Key: tardis-regression-full-data-c8ff2bbb6048b3f24d3f52a1e85b013ad47e52c369a6ce4cfdeff528b659b86f-tardis-sn/tardis-regression-data-v1
  [2025-02-20_21-17-16] HIT: test-cache  lfs-cache/4_Test cache availability.txt
    Key: tardis-regression-full-data-c8ff2bbb6048b3f24d3f52a1e85b013ad47e52c369a6ce4cfdeff528b659b86f-tardis-sn/tardis-regression-data-v1
--------------------------------------------------------------------------------

Pull Request: #2985
Title: Add liv plot notebook to the analyzing tardis outputs section
Author: KasukabeDefenceForce
State: open
Created: 2025-02-21T14:50:16Z

Cache Statistics:
  Total Events: 2
  Cache Hits: 2
  Cache Misses: 0
  Hit Rate: 100.0%

Cache Events (chronological order):
  [2025-02-21_14-50-22] HIT: 0_test-cache  lfs-cache.txt
    Key: tardis-regression-full-data-c8ff2bbb6048b3f24d3f52a1e85b013ad47e52c369a6ce4cfdeff528b659b86f-tardis-sn/tardis-regression-data-v1
  [2025-02-21_14-50-22] HIT: test-cache  lfs-cache/4_Test cache availability.txt
    Key: tardis-regression-full-data-c8ff2bbb6048b3f24d3f52a1e85b013ad47e52c369a6ce4cfdeff528b659b86f-tardis-sn/tardis-regression-data-v1
--------------------------------------------------------------------------------

Pull Request: #2988
Title: Remove plasma object going into the macroatom
Author: jvshields
State: open
Created: 2025-02-21T20:14:54Z

Cache Statistics:
  Total Events: 6
  Cache Hits: 6
  Cache Misses: 0
  Hit Rate: 100.0%

Cache Events (chronological order):
  [2025-02-21_20-14-59] HIT: 0_test-cache  lfs-cache.txt
    Key: tardis-regression-full-data-c8ff2bbb6048b3f24d3f52a1e85b013ad47e52c369a6ce4cfdeff528b659b86f-tardis-sn/tardis-regression-data-v1
  [2025-02-21_20-14-59] HIT: test-cache  lfs-cache/4_Test cache availability.txt
    Key: tardis-regression-full-data-c8ff2bbb6048b3f24d3f52a1e85b013ad47e52c369a6ce4cfdeff528b659b86f-tardis-sn/tardis-regression-data-v1
  [2025-02-24_18-25-09] HIT: 0_test-cache  lfs-cache.txt
    Key: tardis-regression-full-data-6e3f921411cf0a4e16018f0781785ab8728ab151c8f95ea20b0c8e8609b9a332-tardis-sn/tardis-regression-data-v1
  [2025-02-24_18-25-09] HIT: test-cache  lfs-cache/4_Test cache availability.txt
    Key: tardis-regression-full-data-6e3f921411cf0a4e16018f0781785ab8728ab151c8f95ea20b0c8e8609b9a332-tardis-sn/tardis-regression-data-v1
  [2025-02-24_18-26-53] HIT: 0_test-cache  lfs-cache.txt
    Key: tardis-regression-full-data-6e3f921411cf0a4e16018f0781785ab8728ab151c8f95ea20b0c8e8609b9a332-tardis-sn/tardis-regression-data-v1
  [2025-02-24_18-26-53] HIT: test-cache  lfs-cache/4_Test cache availability.txt
    Key: tardis-regression-full-data-6e3f921411cf0a4e16018f0781785ab8728ab151c8f95ea20b0c8e8609b9a332-tardis-sn/tardis-regression-data-v1
--------------------------------------------------------------------------------

Pull Request: #2989
Title: [GSoC] Rewrite the TARDIS visualisation module using Panel
Author: Sonu0305
State: open
Created: 2025-02-22T16:51:27Z

Cache Statistics:
  Total Events: 2
  Cache Hits: 2
  Cache Misses: 0
  Hit Rate: 100.0%

Cache Events (chronological order):
  [2025-02-22_16-51-32] HIT: 0_test-cache  lfs-cache.txt
    Key: tardis-regression-full-data-c8ff2bbb6048b3f24d3f52a1e85b013ad47e52c369a6ce4cfdeff528b659b86f-tardis-sn/tardis-regression-data-v1
  [2025-02-22_16-51-32] HIT: test-cache  lfs-cache/4_Test cache availability.txt
    Key: tardis-regression-full-data-c8ff2bbb6048b3f24d3f52a1e85b013ad47e52c369a6ce4cfdeff528b659b86f-tardis-sn/tardis-regression-data-v1
--------------------------------------------------------------------------------

Pull Request: #2992
Title: Remove atomic data from composition. 
Author: wkerzendorf
State: open
Created: 2025-02-23T19:42:07Z

Cache Statistics:
  Total Events: 4
  Cache Hits: 4
  Cache Misses: 0
  Hit Rate: 100.0%

Cache Events (chronological order):
  [2025-02-23_19-42-10] HIT: 0_test-cache  lfs-cache.txt
    Key: tardis-regression-full-data-c8ff2bbb6048b3f24d3f52a1e85b013ad47e52c369a6ce4cfdeff528b659b86f-tardis-sn/tardis-regression-data-v1
  [2025-02-23_19-42-10] HIT: test-cache  lfs-cache/4_Test cache availability.txt
    Key: tardis-regression-full-data-c8ff2bbb6048b3f24d3f52a1e85b013ad47e52c369a6ce4cfdeff528b659b86f-tardis-sn/tardis-regression-data-v1
  [2025-02-24_21-39-36] HIT: 0_test-cache  lfs-cache.txt
    Key: tardis-regression-full-data-6e3f921411cf0a4e16018f0781785ab8728ab151c8f95ea20b0c8e8609b9a332-tardis-sn/tardis-regression-data-v1
  [2025-02-24_21-39-36] HIT: test-cache  lfs-cache/4_Test cache availability.txt
    Key: tardis-regression-full-data-6e3f921411cf0a4e16018f0781785ab8728ab151c8f95ea20b0c8e8609b9a332-tardis-sn/tardis-regression-data-v1
--------------------------------------------------------------------------------

Pull Request: #2993
Title: Regression data comparison workflow
Author: atharva-2001
State: open
Created: 2025-02-24T12:03:41Z

Cache Statistics:
  Total Events: 34
  Cache Hits: 34
  Cache Misses: 0
  Hit Rate: 100.0%

Cache Events (chronological order):
  [2025-02-24_12-03-51] HIT: 0_test-cache  lfs-cache.txt
    Key: tardis-regression-full-data-c8ff2bbb6048b3f24d3f52a1e85b013ad47e52c369a6ce4cfdeff528b659b86f-tardis-sn/tardis-regression-data-v1
  [2025-02-24_12-03-51] HIT: test-cache  lfs-cache/4_Test cache availability.txt
    Key: tardis-regression-full-data-c8ff2bbb6048b3f24d3f52a1e85b013ad47e52c369a6ce4cfdeff528b659b86f-tardis-sn/tardis-regression-data-v1
  [2025-02-24_12-17-32] HIT: 0_test-cache  lfs-cache.txt
    Key: tardis-regression-full-data-c8ff2bbb6048b3f24d3f52a1e85b013ad47e52c369a6ce4cfdeff528b659b86f-tardis-sn/tardis-regression-data-v1
  [2025-02-24_12-17-32] HIT: test-cache  lfs-cache/4_Test cache availability.txt
    Key: tardis-regression-full-data-c8ff2bbb6048b3f24d3f52a1e85b013ad47e52c369a6ce4cfdeff528b659b86f-tardis-sn/tardis-regression-data-v1
  [2025-02-24_12-32-10] HIT: 0_test-cache  lfs-cache.txt
    Key: tardis-regression-full-data-c8ff2bbb6048b3f24d3f52a1e85b013ad47e52c369a6ce4cfdeff528b659b86f-tardis-sn/tardis-regression-data-v1
  [2025-02-24_12-32-10] HIT: test-cache  lfs-cache/4_Test cache availability.txt
    Key: tardis-regression-full-data-c8ff2bbb6048b3f24d3f52a1e85b013ad47e52c369a6ce4cfdeff528b659b86f-tardis-sn/tardis-regression-data-v1
  [2025-02-24_13-56-00] HIT: 0_test-cache  lfs-cache.txt
    Key: tardis-regression-full-data-c8ff2bbb6048b3f24d3f52a1e85b013ad47e52c369a6ce4cfdeff528b659b86f-tardis-sn/tardis-regression-data-v1
  [2025-02-24_13-56-00] HIT: test-cache  lfs-cache/4_Test cache availability.txt
    Key: tardis-regression-full-data-c8ff2bbb6048b3f24d3f52a1e85b013ad47e52c369a6ce4cfdeff528b659b86f-tardis-sn/tardis-regression-data-v1
  [2025-02-24_14-03-17] HIT: 0_test-cache  lfs-cache.txt
    Key: tardis-regression-full-data-c8ff2bbb6048b3f24d3f52a1e85b013ad47e52c369a6ce4cfdeff528b659b86f-tardis-sn/tardis-regression-data-v1
  [2025-02-24_14-03-17] HIT: test-cache  lfs-cache/4_Test cache availability.txt
    Key: tardis-regression-full-data-c8ff2bbb6048b3f24d3f52a1e85b013ad47e52c369a6ce4cfdeff528b659b86f-tardis-sn/tardis-regression-data-v1
  [2025-02-24_14-19-29] HIT: 0_test-cache  lfs-cache.txt
    Key: tardis-regression-full-data-c8ff2bbb6048b3f24d3f52a1e85b013ad47e52c369a6ce4cfdeff528b659b86f-tardis-sn/tardis-regression-data-v1
  [2025-02-24_14-19-29] HIT: test-cache  lfs-cache/4_Test cache availability.txt
    Key: tardis-regression-full-data-c8ff2bbb6048b3f24d3f52a1e85b013ad47e52c369a6ce4cfdeff528b659b86f-tardis-sn/tardis-regression-data-v1
  [2025-02-24_14-35-15] HIT: 0_test-cache  lfs-cache.txt
    Key: tardis-regression-full-data-c8ff2bbb6048b3f24d3f52a1e85b013ad47e52c369a6ce4cfdeff528b659b86f-tardis-sn/tardis-regression-data-v1
  [2025-02-24_14-35-15] HIT: test-cache  lfs-cache/4_Test cache availability.txt
    Key: tardis-regression-full-data-c8ff2bbb6048b3f24d3f52a1e85b013ad47e52c369a6ce4cfdeff528b659b86f-tardis-sn/tardis-regression-data-v1
  [2025-02-24_14-40-17] HIT: 0_test-cache  lfs-cache.txt
    Key: tardis-regression-full-data-c8ff2bbb6048b3f24d3f52a1e85b013ad47e52c369a6ce4cfdeff528b659b86f-tardis-sn/tardis-regression-data-v1
  [2025-02-24_14-40-17] HIT: test-cache  lfs-cache/4_Test cache availability.txt
    Key: tardis-regression-full-data-c8ff2bbb6048b3f24d3f52a1e85b013ad47e52c369a6ce4cfdeff528b659b86f-tardis-sn/tardis-regression-data-v1
  [2025-02-24_14-54-30] HIT: 0_test-cache  lfs-cache.txt
    Key: tardis-regression-full-data-c8ff2bbb6048b3f24d3f52a1e85b013ad47e52c369a6ce4cfdeff528b659b86f-tardis-sn/tardis-regression-data-v1
  [2025-02-24_14-54-30] HIT: test-cache  lfs-cache/4_Test cache availability.txt
    Key: tardis-regression-full-data-c8ff2bbb6048b3f24d3f52a1e85b013ad47e52c369a6ce4cfdeff528b659b86f-tardis-sn/tardis-regression-data-v1
  [2025-02-24_15-12-35] HIT: 0_test-cache  lfs-cache.txt
    Key: tardis-regression-full-data-c8ff2bbb6048b3f24d3f52a1e85b013ad47e52c369a6ce4cfdeff528b659b86f-tardis-sn/tardis-regression-data-v1
  [2025-02-24_15-12-35] HIT: test-cache  lfs-cache/4_Test cache availability.txt
    Key: tardis-regression-full-data-c8ff2bbb6048b3f24d3f52a1e85b013ad47e52c369a6ce4cfdeff528b659b86f-tardis-sn/tardis-regression-data-v1
  [2025-02-24_15-30-43] HIT: 0_test-cache  lfs-cache.txt
    Key: tardis-regression-full-data-6e3f921411cf0a4e16018f0781785ab8728ab151c8f95ea20b0c8e8609b9a332-tardis-sn/tardis-regression-data-v1
  [2025-02-24_15-30-43] HIT: test-cache  lfs-cache/4_Test cache availability.txt
    Key: tardis-regression-full-data-6e3f921411cf0a4e16018f0781785ab8728ab151c8f95ea20b0c8e8609b9a332-tardis-sn/tardis-regression-data-v1
  [2025-02-24_15-43-41] HIT: 0_test-cache  lfs-cache.txt
    Key: tardis-regression-full-data-6e3f921411cf0a4e16018f0781785ab8728ab151c8f95ea20b0c8e8609b9a332-tardis-sn/tardis-regression-data-v1
  [2025-02-24_15-43-41] HIT: test-cache  lfs-cache/4_Test cache availability.txt
    Key: tardis-regression-full-data-6e3f921411cf0a4e16018f0781785ab8728ab151c8f95ea20b0c8e8609b9a332-tardis-sn/tardis-regression-data-v1
  [2025-02-24_15-54-56] HIT: 0_test-cache  lfs-cache.txt
    Key: tardis-regression-full-data-6e3f921411cf0a4e16018f0781785ab8728ab151c8f95ea20b0c8e8609b9a332-tardis-sn/tardis-regression-data-v1
  [2025-02-24_15-54-56] HIT: test-cache  lfs-cache/4_Test cache availability.txt
    Key: tardis-regression-full-data-6e3f921411cf0a4e16018f0781785ab8728ab151c8f95ea20b0c8e8609b9a332-tardis-sn/tardis-regression-data-v1
  [2025-02-24_16-19-28] HIT: 0_test-cache  lfs-cache.txt
    Key: tardis-regression-full-data-6e3f921411cf0a4e16018f0781785ab8728ab151c8f95ea20b0c8e8609b9a332-tardis-sn/tardis-regression-data-v1
  [2025-02-24_16-19-28] HIT: test-cache  lfs-cache/4_Test cache availability.txt
    Key: tardis-regression-full-data-6e3f921411cf0a4e16018f0781785ab8728ab151c8f95ea20b0c8e8609b9a332-tardis-sn/tardis-regression-data-v1
  [2025-02-25_12-23-10] HIT: 0_test-cache  lfs-cache.txt
    Key: tardis-regression-full-data-6e3f921411cf0a4e16018f0781785ab8728ab151c8f95ea20b0c8e8609b9a332-tardis-sn/tardis-regression-data-v1
  [2025-02-25_12-23-10] HIT: test-cache  lfs-cache/4_Test cache availability.txt
    Key: tardis-regression-full-data-6e3f921411cf0a4e16018f0781785ab8728ab151c8f95ea20b0c8e8609b9a332-tardis-sn/tardis-regression-data-v1
  [2025-02-25_13-53-08] HIT: 0_test-cache  lfs-cache.txt
    Key: tardis-regression-full-data-6e3f921411cf0a4e16018f0781785ab8728ab151c8f95ea20b0c8e8609b9a332-tardis-sn/tardis-regression-data-v1
  [2025-02-25_13-53-08] HIT: test-cache  lfs-cache/4_Test cache availability.txt
    Key: tardis-regression-full-data-6e3f921411cf0a4e16018f0781785ab8728ab151c8f95ea20b0c8e8609b9a332-tardis-sn/tardis-regression-data-v1
  [2025-02-25_13-54-20] HIT: 0_test-cache  lfs-cache.txt
    Key: tardis-regression-full-data-6e3f921411cf0a4e16018f0781785ab8728ab151c8f95ea20b0c8e8609b9a332-tardis-sn/tardis-regression-data-v1
  [2025-02-25_13-54-20] HIT: test-cache  lfs-cache/4_Test cache availability.txt
    Key: tardis-regression-full-data-6e3f921411cf0a4e16018f0781785ab8728ab151c8f95ea20b0c8e8609b9a332-tardis-sn/tardis-regression-data-v1
--------------------------------------------------------------------------------

