Cache History Analysis Report
================================================================================

Pull Request: #2793
Title: Gamma ray spectra dep
Author: Knights-Templars
State: closed
Created: 2024-08-13T13:55:10Z

Cache Statistics:
  Total Events: 5
  Cache Hits: 5
  Cache Misses: 0
  Hit Rate: 100.0%

Cache Events (chronological order):
  [2025-02-26_17-34-39] HIT: 2_not continuum ubuntu-latest.txt
    Key: tardis-regression-full-data-
  [2025-02-26_17-34-39] HIT: 1_ continuum macos-latest.txt
    Key: tardis-regression-full-data-
  [2025-02-26_17-34-39] HIT: 0_not continuum macos-latest.txt
    Key: tardis-regression-full-data-
  [2025-02-26_17-34-39] HIT: 3_ continuum ubuntu-latest.txt
    Key: tardis-regression-full-data-
  [2025-02-26_17-34-39] HIT: 0_test-cache  lfs-cache.txt
    Key: tardis-regression-full-data
--------------------------------------------------------------------------------

Pull Request: #2872
Title: Logger Widget Panel
Author: atharva-2001
State: open
Created: 2024-11-11T09:07:27Z

Cache Statistics:
  Total Events: 40
  Cache Hits: 40
  Cache Misses: 0
  Hit Rate: 100.0%

Cache Events (chronological order):
  [2025-02-28_13-52-44] HIT: 2_not continuum ubuntu-latest.txt
    Key: tardis-regression-full-data-
  [2025-02-28_13-52-44] HIT: 1_ continuum macos-latest.txt
    Key: tardis-regression-full-data-
  [2025-02-28_13-52-44] HIT: 0_not continuum macos-latest.txt
    Key: tardis-regression-full-data-
  [2025-02-28_13-52-44] HIT: 3_ continuum ubuntu-latest.txt
    Key: tardis-regression-full-data-
  [2025-02-28_13-52-44] HIT: 0_test-cache  lfs-cache.txt
    Key: tardis-regression-full-data
  [2025-02-28_13-56-16] HIT: 2_not continuum ubuntu-latest.txt
    Key: tardis-regression-full-data-
  [2025-02-28_13-56-16] HIT: 1_ continuum macos-latest.txt
    Key: tardis-regression-full-data-
  [2025-02-28_13-56-16] HIT: 0_not continuum macos-latest.txt
    Key: tardis-regression-full-data-
  [2025-02-28_13-56-16] HIT: 3_ continuum ubuntu-latest.txt
    Key: tardis-regression-full-data-
  [2025-02-28_13-56-16] HIT: 0_test-cache  lfs-cache.txt
    Key: tardis-regression-full-data
  [2025-02-28_14-43-56] HIT: 2_not continuum ubuntu-latest.txt
    Key: tardis-regression-full-data-
  [2025-02-28_14-43-56] HIT: 1_ continuum macos-latest.txt
    Key: tardis-regression-full-data-
  [2025-02-28_14-43-56] HIT: 0_not continuum macos-latest.txt
    Key: tardis-regression-full-data-
  [2025-02-28_14-43-56] HIT: 3_ continuum ubuntu-latest.txt
    Key: tardis-regression-full-data-
  [2025-02-28_14-43-56] HIT: 0_test-cache  lfs-cache.txt
    Key: tardis-regression-full-data
  [2025-02-28_14-57-30] HIT: 2_not continuum ubuntu-latest.txt
    Key: tardis-regression-full-data-
  [2025-02-28_14-57-30] HIT: 1_ continuum macos-latest.txt
    Key: tardis-regression-full-data-
  [2025-02-28_14-57-30] HIT: 0_not continuum macos-latest.txt
    Key: tardis-regression-full-data-
  [2025-02-28_14-57-30] HIT: 3_ continuum ubuntu-latest.txt
    Key: tardis-regression-full-data-
  [2025-02-28_14-57-30] HIT: 0_test-cache  lfs-cache.txt
    Key: tardis-regression-full-data
  [2025-03-03_09-38-56] HIT: 2_not continuum ubuntu-latest.txt
    Key: tardis-regression-full-data-
  [2025-03-03_09-38-56] HIT: 1_ continuum macos-latest.txt
    Key: tardis-regression-full-data-
  [2025-03-03_09-38-56] HIT: 0_not continuum macos-latest.txt
    Key: tardis-regression-full-data-
  [2025-03-03_09-38-56] HIT: 3_ continuum ubuntu-latest.txt
    Key: tardis-regression-full-data-
  [2025-03-03_09-38-56] HIT: 0_test-cache  lfs-cache.txt
    Key: tardis-regression-full-data
  [2025-03-03_10-11-25] HIT: 2_not continuum ubuntu-latest.txt
    Key: tardis-regression-full-data-
  [2025-03-03_10-11-25] HIT: 1_ continuum macos-latest.txt
    Key: tardis-regression-full-data-
  [2025-03-03_10-11-25] HIT: 0_not continuum macos-latest.txt
    Key: tardis-regression-full-data-
  [2025-03-03_10-11-25] HIT: 3_ continuum ubuntu-latest.txt
    Key: tardis-regression-full-data-
  [2025-03-03_10-11-25] HIT: 0_test-cache  lfs-cache.txt
    Key: tardis-regression-full-data
  [2025-03-03_11-13-27] HIT: 2_not continuum ubuntu-latest.txt
    Key: tardis-regression-full-data-
  [2025-03-03_11-13-27] HIT: 1_ continuum macos-latest.txt
    Key: tardis-regression-full-data-
  [2025-03-03_11-13-27] HIT: 0_not continuum macos-latest.txt
    Key: tardis-regression-full-data-
  [2025-03-03_11-13-27] HIT: 3_ continuum ubuntu-latest.txt
    Key: tardis-regression-full-data-
  [2025-03-03_11-13-27] HIT: 0_test-cache  lfs-cache.txt
    Key: tardis-regression-full-data
  [2025-03-03_11-51-43] HIT: 2_not continuum ubuntu-latest.txt
    Key: tardis-regression-full-data-
  [2025-03-03_11-51-43] HIT: 1_ continuum macos-latest.txt
    Key: tardis-regression-full-data-
  [2025-03-03_11-51-43] HIT: 0_not continuum macos-latest.txt
    Key: tardis-regression-full-data-
  [2025-03-03_11-51-43] HIT: 3_ continuum ubuntu-latest.txt
    Key: tardis-regression-full-data-
  [2025-03-03_11-51-43] HIT: 0_test-cache  lfs-cache.txt
    Key: tardis-regression-full-data
--------------------------------------------------------------------------------

Pull Request: #2876
Title: Gammaray opacity documentation
Author: CePowers
State: open
Created: 2024-11-12T14:13:04Z

Cache Statistics:
  Total Events: 25
  Cache Hits: 25
  Cache Misses: 0
  Hit Rate: 100.0%

Cache Events (chronological order):
  [2025-02-11_02-10-55] HIT: 2_not continuum ubuntu-latest.txt
    Key: tardis-regression-full-data-
  [2025-02-11_02-10-55] HIT: 1_ continuum macos-latest.txt
    Key: tardis-regression-full-data-
  [2025-02-11_02-10-55] HIT: 0_not continuum macos-latest.txt
    Key: tardis-regression-full-data-
  [2025-02-11_02-10-55] HIT: 3_ continuum ubuntu-latest.txt
    Key: tardis-regression-full-data-
  [2025-02-11_02-10-55] HIT: 0_test-cache  lfs-cache.txt
    Key: tardis-regression-full-data
  [2025-02-18_16-50-10] HIT: 2_not continuum ubuntu-latest.txt
    Key: tardis-regression-full-data-
  [2025-02-18_16-50-10] HIT: 1_ continuum macos-latest.txt
    Key: tardis-regression-full-data-
  [2025-02-18_16-50-10] HIT: 0_not continuum macos-latest.txt
    Key: tardis-regression-full-data-
  [2025-02-18_16-50-10] HIT: 3_ continuum ubuntu-latest.txt
    Key: tardis-regression-full-data-
  [2025-02-18_16-50-10] HIT: 0_test-cache  lfs-cache.txt
    Key: tardis-regression-full-data
  [2025-02-27_20-35-56] HIT: 2_not continuum ubuntu-latest.txt
    Key: tardis-regression-full-data-
  [2025-02-27_20-35-56] HIT: 1_ continuum macos-latest.txt
    Key: tardis-regression-full-data-
  [2025-02-27_20-35-56] HIT: 0_not continuum macos-latest.txt
    Key: tardis-regression-full-data-
  [2025-02-27_20-35-56] HIT: 3_ continuum ubuntu-latest.txt
    Key: tardis-regression-full-data-
  [2025-02-27_20-35-56] HIT: 0_test-cache  lfs-cache.txt
    Key: tardis-regression-full-data
  [2025-02-27_22-01-42] HIT: 2_not continuum ubuntu-latest.txt
    Key: tardis-regression-full-data-
  [2025-02-27_22-01-42] HIT: 1_ continuum macos-latest.txt
    Key: tardis-regression-full-data-
  [2025-02-27_22-01-42] HIT: 0_not continuum macos-latest.txt
    Key: tardis-regression-full-data-
  [2025-02-27_22-01-42] HIT: 3_ continuum ubuntu-latest.txt
    Key: tardis-regression-full-data-
  [2025-02-27_22-01-42] HIT: 0_test-cache  lfs-cache.txt
    Key: tardis-regression-full-data
  [2025-02-28_14-53-29] HIT: 2_not continuum ubuntu-latest.txt
    Key: tardis-regression-full-data-
  [2025-02-28_14-53-29] HIT: 1_ continuum macos-latest.txt
    Key: tardis-regression-full-data-
  [2025-02-28_14-53-29] HIT: 0_not continuum macos-latest.txt
    Key: tardis-regression-full-data-
  [2025-02-28_14-53-29] HIT: 3_ continuum ubuntu-latest.txt
    Key: tardis-regression-full-data-
  [2025-02-28_14-53-29] HIT: 0_test-cache  lfs-cache.txt
    Key: tardis-regression-full-data
--------------------------------------------------------------------------------

Pull Request: #2931
Title: rename tau to tau event
Author: karthik11135
State: open
Created: 2025-01-09T16:49:08Z

Cache Statistics:
  Total Events: 5
  Cache Hits: 5
  Cache Misses: 0
  Hit Rate: 100.0%

Cache Events (chronological order):
  [2025-02-18_11-02-23] HIT: 2_not continuum ubuntu-latest.txt
    Key: tardis-regression-full-data-
  [2025-02-18_11-02-23] HIT: 1_ continuum macos-latest.txt
    Key: tardis-regression-full-data-
  [2025-02-18_11-02-23] HIT: 0_not continuum macos-latest.txt
    Key: tardis-regression-full-data-
  [2025-02-18_11-02-23] HIT: 3_ continuum ubuntu-latest.txt
    Key: tardis-regression-full-data-
  [2025-02-18_11-02-23] HIT: 0_test-cache  lfs-cache.txt
    Key: tardis-regression-full-data
--------------------------------------------------------------------------------

Pull Request: #2935
Title: Numpy v2 Upgrade PR 2
Author: atharva-2001
State: closed
Created: 2025-01-10T13:09:59Z

Cache Statistics:
  Total Events: 6
  Cache Hits: 6
  Cache Misses: 0
  Hit Rate: 100.0%

Cache Events (chronological order):
  [2025-02-24_13-33-06] HIT: 0_test-cache  lfs-cache.txt
    Key: tardis-regression-full-data
  [2025-02-24_15-38-04] HIT: 2_not continuum ubuntu-latest.txt
    Key: tardis-regression-full-data-
  [2025-02-24_15-38-04] HIT: 1_ continuum macos-latest.txt
    Key: tardis-regression-full-data-
  [2025-02-24_15-38-04] HIT: 0_not continuum macos-latest.txt
    Key: tardis-regression-full-data-
  [2025-02-24_15-38-04] HIT: 3_ continuum ubuntu-latest.txt
    Key: tardis-regression-full-data-
  [2025-02-24_15-38-04] HIT: 0_test-cache  lfs-cache.txt
    Key: tardis-regression-full-data
--------------------------------------------------------------------------------

Pull Request: #2951
Title: Ensures consistency across codebase to ensure consistent codestyle
Author: Sonu0305
State: closed
Created: 2025-01-15T18:42:38Z

Cache Statistics:
  Total Events: 5
  Cache Hits: 5
  Cache Misses: 0
  Hit Rate: 100.0%

Cache Events (chronological order):
  [2025-02-10_15-57-34] HIT: 2_not continuum ubuntu-latest.txt
    Key: tardis-regression-full-data-
  [2025-02-10_15-57-34] HIT: 1_ continuum macos-latest.txt
    Key: tardis-regression-full-data-
  [2025-02-10_15-57-34] HIT: 0_not continuum macos-latest.txt
    Key: tardis-regression-full-data-
  [2025-02-10_15-57-34] HIT: 3_ continuum ubuntu-latest.txt
    Key: tardis-regression-full-data-
  [2025-02-10_15-57-34] HIT: 0_test-cache  lfs-cache.txt
    Key: tardis-regression-full-data
--------------------------------------------------------------------------------

Pull Request: #2963
Title: updated converged status to self.converged throughout workflow
Author: erinvisser
State: closed
Created: 2025-01-31T01:06:12Z

Cache Statistics:
  Total Events: 5
  Cache Hits: 5
  Cache Misses: 0
  Hit Rate: 100.0%

Cache Events (chronological order):
  [2025-02-03_21-13-01] HIT: 2_not continuum ubuntu-latest.txt
    Key: tardis-regression-full-data-
  [2025-02-03_21-13-01] HIT: 1_ continuum macos-latest.txt
    Key: tardis-regression-full-data-
  [2025-02-03_21-13-01] HIT: 0_not continuum macos-latest.txt
    Key: tardis-regression-full-data-
  [2025-02-03_21-13-01] HIT: 3_ continuum ubuntu-latest.txt
    Key: tardis-regression-full-data-
  [2025-02-03_21-13-01] HIT: 0_test-cache  lfs-cache.txt
    Key: tardis-regression-full-data
--------------------------------------------------------------------------------

Pull Request: #2964
Title: Add spectrum visualization  notebook
Author: KasukabeDefenceForce
State: open
Created: 2025-02-03T13:57:33Z

Cache Statistics:
  Total Events: 54
  Cache Hits: 54
  Cache Misses: 0
  Hit Rate: 100.0%

Cache Events (chronological order):
  [2025-02-03_13-57-37] HIT: 2_not continuum ubuntu-latest.txt
    Key: tardis-regression-full-data-
  [2025-02-03_13-57-37] HIT: 1_ continuum macos-latest.txt
    Key: tardis-regression-full-data-
  [2025-02-03_13-57-37] HIT: 0_not continuum macos-latest.txt
    Key: tardis-regression-full-data-
  [2025-02-03_13-57-37] HIT: 3_ continuum ubuntu-latest.txt
    Key: tardis-regression-full-data-
  [2025-02-03_13-57-37] HIT: 0_test-cache  lfs-cache.txt
    Key: tardis-regression-full-data
  [2025-02-03_14-51-09] HIT: 2_not continuum ubuntu-latest.txt
    Key: tardis-regression-full-data-
  [2025-02-03_14-51-09] HIT: 1_ continuum macos-latest.txt
    Key: tardis-regression-full-data-
  [2025-02-03_14-51-09] HIT: 0_not continuum macos-latest.txt
    Key: tardis-regression-full-data-
  [2025-02-03_14-51-09] HIT: 3_ continuum ubuntu-latest.txt
    Key: tardis-regression-full-data-
  [2025-02-03_14-51-09] HIT: 0_test-cache  lfs-cache.txt
    Key: tardis-regression-full-data
  [2025-02-04_14-08-21] HIT: 2_not continuum ubuntu-latest.txt
    Key: tardis-regression-full-data-
  [2025-02-04_14-08-21] HIT: 1_ continuum macos-latest.txt
    Key: tardis-regression-full-data-
  [2025-02-04_14-08-21] HIT: 0_not continuum macos-latest.txt
    Key: tardis-regression-full-data-
  [2025-02-04_14-08-21] HIT: 3_ continuum ubuntu-latest.txt
    Key: tardis-regression-full-data-
  [2025-02-04_14-08-21] HIT: 0_test-cache  lfs-cache.txt
    Key: tardis-regression-full-data
  [2025-02-11_05-44-13] HIT: 2_not continuum ubuntu-latest.txt
    Key: tardis-regression-full-data-
  [2025-02-11_05-44-13] HIT: 1_ continuum macos-latest.txt
    Key: tardis-regression-full-data-
  [2025-02-11_05-44-13] HIT: 0_not continuum macos-latest.txt
    Key: tardis-regression-full-data-
  [2025-02-11_05-44-13] HIT: 3_ continuum ubuntu-latest.txt
    Key: tardis-regression-full-data-
  [2025-02-11_05-44-13] HIT: 0_test-cache  lfs-cache.txt
    Key: tardis-regression-full-data
  [2025-02-11_05-58-13] HIT: 2_not continuum ubuntu-latest.txt
    Key: tardis-regression-full-data-
  [2025-02-11_05-58-13] HIT: 1_ continuum macos-latest.txt
    Key: tardis-regression-full-data-
  [2025-02-11_05-58-13] HIT: 0_not continuum macos-latest.txt
    Key: tardis-regression-full-data-
  [2025-02-11_05-58-13] HIT: 3_ continuum ubuntu-latest.txt
    Key: tardis-regression-full-data-
  [2025-02-11_05-58-13] HIT: 0_test-cache  lfs-cache.txt
    Key: tardis-regression-full-data
  [2025-02-11_06-02-06] HIT: 2_not continuum ubuntu-latest.txt
    Key: tardis-regression-full-data-
  [2025-02-11_06-02-06] HIT: 1_ continuum macos-latest.txt
    Key: tardis-regression-full-data-
  [2025-02-11_06-02-06] HIT: 0_not continuum macos-latest.txt
    Key: tardis-regression-full-data-
  [2025-02-11_06-02-06] HIT: 3_ continuum ubuntu-latest.txt
    Key: tardis-regression-full-data-
  [2025-02-11_06-02-06] HIT: 0_test-cache  lfs-cache.txt
    Key: tardis-regression-full-data
  [2025-02-18_14-43-36] HIT: 2_not continuum ubuntu-latest.txt
    Key: tardis-regression-full-data-
  [2025-02-18_14-43-36] HIT: 1_ continuum macos-latest.txt
    Key: tardis-regression-full-data-
  [2025-02-18_14-43-36] HIT: 0_not continuum macos-latest.txt
    Key: tardis-regression-full-data-
  [2025-02-18_14-43-36] HIT: 3_ continuum ubuntu-latest.txt
    Key: tardis-regression-full-data-
  [2025-02-18_14-43-36] HIT: 0_test-cache  lfs-cache.txt
    Key: tardis-regression-full-data
  [2025-02-20_05-38-33] HIT: 2_not continuum ubuntu-latest.txt
    Key: tardis-regression-full-data-
  [2025-02-20_05-38-33] HIT: 1_ continuum macos-latest.txt
    Key: tardis-regression-full-data-
  [2025-02-20_05-38-33] HIT: 0_not continuum macos-latest.txt
    Key: tardis-regression-full-data-
  [2025-02-20_05-38-33] HIT: 3_ continuum ubuntu-latest.txt
    Key: tardis-regression-full-data-
  [2025-02-20_05-38-33] HIT: 0_test-cache  lfs-cache.txt
    Key: tardis-regression-full-data
  [2025-02-20_07-15-06] HIT: 2_not continuum ubuntu-latest.txt
    Key: tardis-regression-full-data-
  [2025-02-20_07-15-06] HIT: 1_ continuum macos-latest.txt
    Key: tardis-regression-full-data-
  [2025-02-20_07-15-06] HIT: 0_not continuum macos-latest.txt
    Key: tardis-regression-full-data-
  [2025-02-20_07-15-06] HIT: 3_ continuum ubuntu-latest.txt
    Key: tardis-regression-full-data-
  [2025-02-20_07-15-06] HIT: 0_test-cache  lfs-cache.txt
    Key: tardis-regression-full-data
  [2025-02-20_07-16-41] HIT: 2_not continuum ubuntu-latest.txt
    Key: tardis-regression-full-data-
  [2025-02-20_07-16-41] HIT: 3_ continuum ubuntu-latest.txt
    Key: tardis-regression-full-data-
  [2025-02-20_07-16-41] HIT: 0_test-cache  lfs-cache.txt
    Key: tardis-regression-full-data
  [2025-02-20_07-17-52] HIT: 0_test-cache  lfs-cache.txt
    Key: tardis-regression-full-data
  [2025-02-20_07-18-47] HIT: 2_not continuum ubuntu-latest.txt
    Key: tardis-regression-full-data-
  [2025-02-20_07-18-47] HIT: 1_ continuum macos-latest.txt
    Key: tardis-regression-full-data-
  [2025-02-20_07-18-47] HIT: 0_not continuum macos-latest.txt
    Key: tardis-regression-full-data-
  [2025-02-20_07-18-47] HIT: 3_ continuum ubuntu-latest.txt
    Key: tardis-regression-full-data-
  [2025-02-20_07-18-47] HIT: 0_test-cache  lfs-cache.txt
    Key: tardis-regression-full-data
--------------------------------------------------------------------------------

Pull Request: #2965
Title: Disallow Merge Refs from Creating Cache
Author: atharva-2001
State: closed
Created: 2025-02-03T15:21:23Z

Cache Statistics:
  Total Events: 5
  Cache Hits: 5
  Cache Misses: 0
  Hit Rate: 100.0%

Cache Events (chronological order):
  [2025-02-03_15-21-28] HIT: 2_not continuum ubuntu-latest.txt
    Key: tardis-regression-full-data-
  [2025-02-03_15-21-28] HIT: 1_ continuum macos-latest.txt
    Key: tardis-regression-full-data-
  [2025-02-03_15-21-28] HIT: 0_not continuum macos-latest.txt
    Key: tardis-regression-full-data-
  [2025-02-03_15-21-28] HIT: 3_ continuum ubuntu-latest.txt
    Key: tardis-regression-full-data-
  [2025-02-03_15-21-28] HIT: 0_test-cache  lfs-cache.txt
    Key: tardis-regression-full-data
--------------------------------------------------------------------------------

Pull Request: #2966
Title: Fix LFS sparse checkout
Author: atharva-2001
State: closed
Created: 2025-02-05T13:32:11Z

Cache Statistics:
  Total Events: 10
  Cache Hits: 10
  Cache Misses: 0
  Hit Rate: 100.0%

Cache Events (chronological order):
  [2025-02-05_13-32-15] HIT: 2_not continuum ubuntu-latest.txt
    Key: tardis-regression-full-data-
  [2025-02-05_13-32-15] HIT: 1_ continuum macos-latest.txt
    Key: tardis-regression-full-data-
  [2025-02-05_13-32-15] HIT: 0_not continuum macos-latest.txt
    Key: tardis-regression-full-data-
  [2025-02-05_13-32-15] HIT: 3_ continuum ubuntu-latest.txt
    Key: tardis-regression-full-data-
  [2025-02-05_13-32-15] HIT: 0_test-cache  lfs-cache.txt
    Key: tardis-regression-full-data
  [2025-02-05_14-37-50] HIT: 2_not continuum ubuntu-latest.txt
    Key: tardis-regression-full-data-
  [2025-02-05_14-37-50] HIT: 1_ continuum macos-latest.txt
    Key: tardis-regression-full-data-
  [2025-02-05_14-37-50] HIT: 0_not continuum macos-latest.txt
    Key: tardis-regression-full-data-
  [2025-02-05_14-37-50] HIT: 3_ continuum ubuntu-latest.txt
    Key: tardis-regression-full-data-
  [2025-02-05_14-37-50] HIT: 0_test-cache  lfs-cache.txt
    Key: tardis-regression-full-data
--------------------------------------------------------------------------------

Pull Request: #2967
Title: Move visualization section to analysing tardis output
Author: KasukabeDefenceForce
State: closed
Created: 2025-02-10T13:54:09Z

Cache Statistics:
  Total Events: 5
  Cache Hits: 5
  Cache Misses: 0
  Hit Rate: 100.0%

Cache Events (chronological order):
  [2025-02-10_13-54-14] HIT: 2_not continuum ubuntu-latest.txt
    Key: tardis-regression-full-data-
  [2025-02-10_13-54-14] HIT: 1_ continuum macos-latest.txt
    Key: tardis-regression-full-data-
  [2025-02-10_13-54-14] HIT: 0_not continuum macos-latest.txt
    Key: tardis-regression-full-data-
  [2025-02-10_13-54-14] HIT: 3_ continuum ubuntu-latest.txt
    Key: tardis-regression-full-data-
  [2025-02-10_13-54-14] HIT: 0_test-cache  lfs-cache.txt
    Key: tardis-regression-full-data
--------------------------------------------------------------------------------

Pull Request: #2968
Title: Add sdec visualisation notebook
Author: KasukabeDefenceForce
State: open
Created: 2025-02-12T10:25:28Z

Cache Statistics:
  Total Events: 15
  Cache Hits: 15
  Cache Misses: 0
  Hit Rate: 100.0%

Cache Events (chronological order):
  [2025-02-12_10-25-34] HIT: 2_not continuum ubuntu-latest.txt
    Key: tardis-regression-full-data-
  [2025-02-12_10-25-34] HIT: 1_ continuum macos-latest.txt
    Key: tardis-regression-full-data-
  [2025-02-12_10-25-34] HIT: 0_not continuum macos-latest.txt
    Key: tardis-regression-full-data-
  [2025-02-12_10-25-34] HIT: 3_ continuum ubuntu-latest.txt
    Key: tardis-regression-full-data-
  [2025-02-12_10-25-34] HIT: 0_test-cache  lfs-cache.txt
    Key: tardis-regression-full-data
  [2025-02-18_14-45-01] HIT: 2_not continuum ubuntu-latest.txt
    Key: tardis-regression-full-data-
  [2025-02-18_14-45-01] HIT: 1_ continuum macos-latest.txt
    Key: tardis-regression-full-data-
  [2025-02-18_14-45-01] HIT: 0_not continuum macos-latest.txt
    Key: tardis-regression-full-data-
  [2025-02-18_14-45-01] HIT: 3_ continuum ubuntu-latest.txt
    Key: tardis-regression-full-data-
  [2025-02-18_14-45-01] HIT: 0_test-cache  lfs-cache.txt
    Key: tardis-regression-full-data
  [2025-02-20_15-08-20] HIT: 2_not continuum ubuntu-latest.txt
    Key: tardis-regression-full-data-
  [2025-02-20_15-08-20] HIT: 1_ continuum macos-latest.txt
    Key: tardis-regression-full-data-
  [2025-02-20_15-08-20] HIT: 0_not continuum macos-latest.txt
    Key: tardis-regression-full-data-
  [2025-02-20_15-08-20] HIT: 3_ continuum ubuntu-latest.txt
    Key: tardis-regression-full-data-
  [2025-02-20_15-08-20] HIT: 0_test-cache  lfs-cache.txt
    Key: tardis-regression-full-data
--------------------------------------------------------------------------------

Pull Request: #2969
Title: Replace with appropriate .loc or .iloc method.
Author: rohit2p
State: open
Created: 2025-02-13T15:12:46Z

Cache Statistics:
  Total Events: 5
  Cache Hits: 5
  Cache Misses: 0
  Hit Rate: 100.0%

Cache Events (chronological order):
  [2025-02-13_15-16-52] HIT: 2_not continuum ubuntu-latest.txt
    Key: tardis-regression-full-data-
  [2025-02-13_15-16-52] HIT: 1_ continuum macos-latest.txt
    Key: tardis-regression-full-data-
  [2025-02-13_15-16-52] HIT: 0_not continuum macos-latest.txt
    Key: tardis-regression-full-data-
  [2025-02-13_15-16-52] HIT: 3_ continuum ubuntu-latest.txt
    Key: tardis-regression-full-data-
  [2025-02-13_15-16-52] HIT: 0_test-cache  lfs-cache.txt
    Key: tardis-regression-full-data
--------------------------------------------------------------------------------

Pull Request: #2973
Title: Io artis reader
Author: wkerzendorf
State: open
Created: 2025-02-15T21:38:23Z

Cache Statistics:
  Total Events: 35
  Cache Hits: 35
  Cache Misses: 0
  Hit Rate: 100.0%

Cache Events (chronological order):
  [2025-02-15_21-38-26] HIT: 2_not continuum ubuntu-latest.txt
    Key: tardis-regression-full-data-
  [2025-02-15_21-38-26] HIT: 1_ continuum macos-latest.txt
    Key: tardis-regression-full-data-
  [2025-02-15_21-38-26] HIT: 0_not continuum macos-latest.txt
    Key: tardis-regression-full-data-
  [2025-02-15_21-38-26] HIT: 3_ continuum ubuntu-latest.txt
    Key: tardis-regression-full-data-
  [2025-02-15_21-38-26] HIT: 0_test-cache  lfs-cache.txt
    Key: tardis-regression-full-data
  [2025-02-15_22-06-44] HIT: 2_not continuum ubuntu-latest.txt
    Key: tardis-regression-full-data-
  [2025-02-15_22-06-44] HIT: 1_ continuum macos-latest.txt
    Key: tardis-regression-full-data-
  [2025-02-15_22-06-44] HIT: 0_not continuum macos-latest.txt
    Key: tardis-regression-full-data-
  [2025-02-15_22-06-44] HIT: 3_ continuum ubuntu-latest.txt
    Key: tardis-regression-full-data-
  [2025-02-15_22-06-44] HIT: 0_test-cache  lfs-cache.txt
    Key: tardis-regression-full-data
  [2025-02-22_20-44-07] HIT: 2_not continuum ubuntu-latest.txt
    Key: tardis-regression-full-data-
  [2025-02-22_20-44-07] HIT: 1_ continuum macos-latest.txt
    Key: tardis-regression-full-data-
  [2025-02-22_20-44-07] HIT: 0_not continuum macos-latest.txt
    Key: tardis-regression-full-data-
  [2025-02-22_20-44-07] HIT: 3_ continuum ubuntu-latest.txt
    Key: tardis-regression-full-data-
  [2025-02-22_20-44-07] HIT: 0_test-cache  lfs-cache.txt
    Key: tardis-regression-full-data
  [2025-02-23_16-21-56] HIT: 2_not continuum ubuntu-latest.txt
    Key: tardis-regression-full-data-
  [2025-02-23_16-21-56] HIT: 1_ continuum macos-latest.txt
    Key: tardis-regression-full-data-
  [2025-02-23_16-21-56] HIT: 0_not continuum macos-latest.txt
    Key: tardis-regression-full-data-
  [2025-02-23_16-21-56] HIT: 3_ continuum ubuntu-latest.txt
    Key: tardis-regression-full-data-
  [2025-02-23_16-21-56] HIT: 0_test-cache  lfs-cache.txt
    Key: tardis-regression-full-data
  [2025-02-23_16-37-37] HIT: 2_not continuum ubuntu-latest.txt
    Key: tardis-regression-full-data-
  [2025-02-23_16-37-37] HIT: 1_ continuum macos-latest.txt
    Key: tardis-regression-full-data-
  [2025-02-23_16-37-37] HIT: 0_not continuum macos-latest.txt
    Key: tardis-regression-full-data-
  [2025-02-23_16-37-37] HIT: 3_ continuum ubuntu-latest.txt
    Key: tardis-regression-full-data-
  [2025-02-23_16-37-37] HIT: 0_test-cache  lfs-cache.txt
    Key: tardis-regression-full-data
  [2025-02-23_16-41-18] HIT: 2_not continuum ubuntu-latest.txt
    Key: tardis-regression-full-data-
  [2025-02-23_16-41-18] HIT: 1_ continuum macos-latest.txt
    Key: tardis-regression-full-data-
  [2025-02-23_16-41-18] HIT: 0_not continuum macos-latest.txt
    Key: tardis-regression-full-data-
  [2025-02-23_16-41-18] HIT: 3_ continuum ubuntu-latest.txt
    Key: tardis-regression-full-data-
  [2025-02-23_16-41-18] HIT: 0_test-cache  lfs-cache.txt
    Key: tardis-regression-full-data
  [2025-02-23_20-05-45] HIT: 2_not continuum ubuntu-latest.txt
    Key: tardis-regression-full-data-
  [2025-02-23_20-05-45] HIT: 1_ continuum macos-latest.txt
    Key: tardis-regression-full-data-
  [2025-02-23_20-05-45] HIT: 0_not continuum macos-latest.txt
    Key: tardis-regression-full-data-
  [2025-02-23_20-05-45] HIT: 3_ continuum ubuntu-latest.txt
    Key: tardis-regression-full-data-
  [2025-02-23_20-05-45] HIT: 0_test-cache  lfs-cache.txt
    Key: tardis-regression-full-data
--------------------------------------------------------------------------------

Pull Request: #2974
Title: Refactor isotope mass fraction handling and configuration
Author: wkerzendorf
State: open
Created: 2025-02-16T05:18:15Z

Cache Statistics:
  Total Events: 5
  Cache Hits: 5
  Cache Misses: 0
  Hit Rate: 100.0%

Cache Events (chronological order):
  [2025-02-16_05-18-18] HIT: 2_not continuum ubuntu-latest.txt
    Key: tardis-regression-full-data-
  [2025-02-16_05-18-18] HIT: 1_ continuum macos-latest.txt
    Key: tardis-regression-full-data-
  [2025-02-16_05-18-18] HIT: 0_not continuum macos-latest.txt
    Key: tardis-regression-full-data-
  [2025-02-16_05-18-18] HIT: 3_ continuum ubuntu-latest.txt
    Key: tardis-regression-full-data-
  [2025-02-16_05-18-18] HIT: 0_test-cache  lfs-cache.txt
    Key: tardis-regression-full-data
--------------------------------------------------------------------------------

Pull Request: #2975
Title: Fail LFS pull if label not present
Author: atharva-2001
State: closed
Created: 2025-02-17T13:10:56Z

Cache Statistics:
  Total Events: 20
  Cache Hits: 20
  Cache Misses: 0
  Hit Rate: 100.0%

Cache Events (chronological order):
  [2025-02-17_13-11-00] HIT: 2_not continuum ubuntu-latest.txt
    Key: tardis-regression-full-data-
  [2025-02-17_13-11-00] HIT: 1_ continuum macos-latest.txt
    Key: tardis-regression-full-data-
  [2025-02-17_13-11-00] HIT: 0_not continuum macos-latest.txt
    Key: tardis-regression-full-data-
  [2025-02-17_13-11-00] HIT: 3_ continuum ubuntu-latest.txt
    Key: tardis-regression-full-data-
  [2025-02-17_13-11-00] HIT: 0_test-cache  lfs-cache.txt
    Key: tardis-regression-full-data
  [2025-02-17_13-20-14] HIT: 2_not continuum ubuntu-latest.txt
    Key: tardis-regression-full-data-
  [2025-02-17_13-20-14] HIT: 1_ continuum macos-latest.txt
    Key: tardis-regression-full-data-
  [2025-02-17_13-20-14] HIT: 0_not continuum macos-latest.txt
    Key: tardis-regression-full-data-
  [2025-02-17_13-20-14] HIT: 3_ continuum ubuntu-latest.txt
    Key: tardis-regression-full-data-
  [2025-02-17_13-20-14] HIT: 0_test-cache  lfs-cache.txt
    Key: tardis-regression-full-data
  [2025-02-17_13-28-53] HIT: 2_not continuum ubuntu-latest.txt
    Key: tardis-regression-full-data-
  [2025-02-17_13-28-53] HIT: 1_ continuum macos-latest.txt
    Key: tardis-regression-full-data-
  [2025-02-17_13-28-53] HIT: 0_not continuum macos-latest.txt
    Key: tardis-regression-full-data-
  [2025-02-17_13-28-53] HIT: 3_ continuum ubuntu-latest.txt
    Key: tardis-regression-full-data-
  [2025-02-17_13-28-53] HIT: 0_test-cache  lfs-cache.txt
    Key: tardis-regression-full-data
  [2025-02-17_13-31-55] HIT: 2_not continuum ubuntu-latest.txt
    Key: tardis-regression-full-data-
  [2025-02-17_13-31-55] HIT: 1_ continuum macos-latest.txt
    Key: tardis-regression-full-data-
  [2025-02-17_13-31-55] HIT: 0_not continuum macos-latest.txt
    Key: tardis-regression-full-data-
  [2025-02-17_13-31-55] HIT: 3_ continuum ubuntu-latest.txt
    Key: tardis-regression-full-data-
  [2025-02-17_13-31-55] HIT: 0_test-cache  lfs-cache.txt
    Key: tardis-regression-full-data
--------------------------------------------------------------------------------

Pull Request: #2976
Title: Restructure/gamma rays code1
Author: wkerzendorf
State: open
Created: 2025-02-17T15:03:40Z

Cache Statistics:
  Total Events: 15
  Cache Hits: 15
  Cache Misses: 0
  Hit Rate: 100.0%

Cache Events (chronological order):
  [2025-02-17_15-03-44] HIT: 2_not continuum ubuntu-latest.txt
    Key: tardis-regression-full-data-
  [2025-02-17_15-03-44] HIT: 1_ continuum macos-latest.txt
    Key: tardis-regression-full-data-
  [2025-02-17_15-03-44] HIT: 0_not continuum macos-latest.txt
    Key: tardis-regression-full-data-
  [2025-02-17_15-03-44] HIT: 3_ continuum ubuntu-latest.txt
    Key: tardis-regression-full-data-
  [2025-02-17_15-03-44] HIT: 0_test-cache  lfs-cache.txt
    Key: tardis-regression-full-data
  [2025-02-18_22-31-52] HIT: 2_not continuum ubuntu-latest.txt
    Key: tardis-regression-full-data-
  [2025-02-18_22-31-52] HIT: 1_ continuum macos-latest.txt
    Key: tardis-regression-full-data-
  [2025-02-18_22-31-52] HIT: 0_not continuum macos-latest.txt
    Key: tardis-regression-full-data-
  [2025-02-18_22-31-52] HIT: 3_ continuum ubuntu-latest.txt
    Key: tardis-regression-full-data-
  [2025-02-18_22-31-52] HIT: 0_test-cache  lfs-cache.txt
    Key: tardis-regression-full-data
  [2025-02-25_03-21-01] HIT: 2_not continuum ubuntu-latest.txt
    Key: tardis-regression-full-data-
  [2025-02-25_03-21-01] HIT: 1_ continuum macos-latest.txt
    Key: tardis-regression-full-data-
  [2025-02-25_03-21-01] HIT: 0_not continuum macos-latest.txt
    Key: tardis-regression-full-data-
  [2025-02-25_03-21-01] HIT: 3_ continuum ubuntu-latest.txt
    Key: tardis-regression-full-data-
  [2025-02-25_03-21-01] HIT: 0_test-cache  lfs-cache.txt
    Key: tardis-regression-full-data
--------------------------------------------------------------------------------

Pull Request: #2977
Title: Fixture fixes
Author: atharva-2001
State: open
Created: 2025-02-18T13:46:14Z

Cache Statistics:
  Total Events: 60
  Cache Hits: 60
  Cache Misses: 0
  Hit Rate: 100.0%

Cache Events (chronological order):
  [2025-02-21_10-38-00] HIT: 2_not continuum ubuntu-latest.txt
    Key: tardis-regression-full-data-
  [2025-02-21_10-38-00] HIT: 1_ continuum macos-latest.txt
    Key: tardis-regression-full-data-
  [2025-02-21_10-38-00] HIT: 0_not continuum macos-latest.txt
    Key: tardis-regression-full-data-
  [2025-02-21_10-38-00] HIT: 3_ continuum ubuntu-latest.txt
    Key: tardis-regression-full-data-
  [2025-02-21_10-38-00] HIT: 0_test-cache  lfs-cache.txt
    Key: tardis-regression-full-data
  [2025-02-21_11-04-55] HIT: 2_not continuum ubuntu-latest.txt
    Key: tardis-regression-full-data-
  [2025-02-21_11-04-55] HIT: 1_ continuum macos-latest.txt
    Key: tardis-regression-full-data-
  [2025-02-21_11-04-55] HIT: 0_not continuum macos-latest.txt
    Key: tardis-regression-full-data-
  [2025-02-21_11-04-55] HIT: 3_ continuum ubuntu-latest.txt
    Key: tardis-regression-full-data-
  [2025-02-21_11-04-55] HIT: 0_test-cache  lfs-cache.txt
    Key: tardis-regression-full-data
  [2025-02-21_11-13-16] HIT: 2_not continuum ubuntu-latest.txt
    Key: tardis-regression-full-data-
  [2025-02-21_11-13-16] HIT: 1_ continuum macos-latest.txt
    Key: tardis-regression-full-data-
  [2025-02-21_11-13-16] HIT: 0_not continuum macos-latest.txt
    Key: tardis-regression-full-data-
  [2025-02-21_11-13-16] HIT: 3_ continuum ubuntu-latest.txt
    Key: tardis-regression-full-data-
  [2025-02-21_11-13-16] HIT: 0_test-cache  lfs-cache.txt
    Key: tardis-regression-full-data
  [2025-02-21_11-19-51] HIT: 2_not continuum ubuntu-latest.txt
    Key: tardis-regression-full-data-
  [2025-02-21_11-19-51] HIT: 1_ continuum macos-latest.txt
    Key: tardis-regression-full-data-
  [2025-02-21_11-19-51] HIT: 0_not continuum macos-latest.txt
    Key: tardis-regression-full-data-
  [2025-02-21_11-19-51] HIT: 3_ continuum ubuntu-latest.txt
    Key: tardis-regression-full-data-
  [2025-02-21_11-19-51] HIT: 0_test-cache  lfs-cache.txt
    Key: tardis-regression-full-data
  [2025-02-21_11-26-43] HIT: 2_not continuum ubuntu-latest.txt
    Key: tardis-regression-full-data-
  [2025-02-21_11-26-43] HIT: 1_ continuum macos-latest.txt
    Key: tardis-regression-full-data-
  [2025-02-21_11-26-43] HIT: 0_not continuum macos-latest.txt
    Key: tardis-regression-full-data-
  [2025-02-21_11-26-43] HIT: 3_ continuum ubuntu-latest.txt
    Key: tardis-regression-full-data-
  [2025-02-21_11-26-43] HIT: 0_test-cache  lfs-cache.txt
    Key: tardis-regression-full-data
  [2025-02-21_11-32-03] HIT: 2_not continuum ubuntu-latest.txt
    Key: tardis-regression-full-data-
  [2025-02-21_11-32-03] HIT: 1_ continuum macos-latest.txt
    Key: tardis-regression-full-data-
  [2025-02-21_11-32-03] HIT: 0_not continuum macos-latest.txt
    Key: tardis-regression-full-data-
  [2025-02-21_11-32-03] HIT: 3_ continuum ubuntu-latest.txt
    Key: tardis-regression-full-data-
  [2025-02-21_11-32-03] HIT: 0_test-cache  lfs-cache.txt
    Key: tardis-regression-full-data
  [2025-02-21_11-35-48] HIT: 2_not continuum ubuntu-latest.txt
    Key: tardis-regression-full-data-
  [2025-02-21_11-35-48] HIT: 1_ continuum macos-latest.txt
    Key: tardis-regression-full-data-
  [2025-02-21_11-35-48] HIT: 0_not continuum macos-latest.txt
    Key: tardis-regression-full-data-
  [2025-02-21_11-35-48] HIT: 3_ continuum ubuntu-latest.txt
    Key: tardis-regression-full-data-
  [2025-02-21_11-35-48] HIT: 0_test-cache  lfs-cache.txt
    Key: tardis-regression-full-data
  [2025-02-21_11-53-54] HIT: 2_not continuum ubuntu-latest.txt
    Key: tardis-regression-full-data-
  [2025-02-21_11-53-54] HIT: 1_ continuum macos-latest.txt
    Key: tardis-regression-full-data-
  [2025-02-21_11-53-54] HIT: 0_not continuum macos-latest.txt
    Key: tardis-regression-full-data-
  [2025-02-21_11-53-54] HIT: 3_ continuum ubuntu-latest.txt
    Key: tardis-regression-full-data-
  [2025-02-21_11-53-54] HIT: 0_test-cache  lfs-cache.txt
    Key: tardis-regression-full-data
  [2025-02-21_12-37-45] HIT: 2_not continuum ubuntu-latest.txt
    Key: tardis-regression-full-data-
  [2025-02-21_12-37-45] HIT: 1_ continuum macos-latest.txt
    Key: tardis-regression-full-data-
  [2025-02-21_12-37-45] HIT: 0_not continuum macos-latest.txt
    Key: tardis-regression-full-data-
  [2025-02-21_12-37-45] HIT: 3_ continuum ubuntu-latest.txt
    Key: tardis-regression-full-data-
  [2025-02-21_12-37-45] HIT: 0_test-cache  lfs-cache.txt
    Key: tardis-regression-full-data
  [2025-02-21_13-23-19] HIT: 2_not continuum ubuntu-latest.txt
    Key: tardis-regression-full-data-
  [2025-02-21_13-23-19] HIT: 1_ continuum macos-latest.txt
    Key: tardis-regression-full-data-
  [2025-02-21_13-23-19] HIT: 0_not continuum macos-latest.txt
    Key: tardis-regression-full-data-
  [2025-02-21_13-23-19] HIT: 3_ continuum ubuntu-latest.txt
    Key: tardis-regression-full-data-
  [2025-02-21_13-23-19] HIT: 0_test-cache  lfs-cache.txt
    Key: tardis-regression-full-data
  [2025-02-21_13-31-01] HIT: 2_not continuum ubuntu-latest.txt
    Key: tardis-regression-full-data-
  [2025-02-21_13-31-01] HIT: 1_ continuum macos-latest.txt
    Key: tardis-regression-full-data-
  [2025-02-21_13-31-01] HIT: 0_not continuum macos-latest.txt
    Key: tardis-regression-full-data-
  [2025-02-21_13-31-01] HIT: 3_ continuum ubuntu-latest.txt
    Key: tardis-regression-full-data-
  [2025-02-21_13-31-01] HIT: 0_test-cache  lfs-cache.txt
    Key: tardis-regression-full-data
  [2025-02-21_14-28-53] HIT: 2_not continuum ubuntu-latest.txt
    Key: tardis-regression-full-data-
  [2025-02-21_14-28-53] HIT: 1_ continuum macos-latest.txt
    Key: tardis-regression-full-data-
  [2025-02-21_14-28-53] HIT: 0_not continuum macos-latest.txt
    Key: tardis-regression-full-data-
  [2025-02-21_14-28-53] HIT: 3_ continuum ubuntu-latest.txt
    Key: tardis-regression-full-data-
  [2025-02-21_14-28-53] HIT: 0_test-cache  lfs-cache.txt
    Key: tardis-regression-full-data
--------------------------------------------------------------------------------

Pull Request: #2980
Title: Move required images in the analyzing tardis outputs directory
Author: KasukabeDefenceForce
State: closed
Created: 2025-02-19T09:37:08Z

Cache Statistics:
  Total Events: 5
  Cache Hits: 5
  Cache Misses: 0
  Hit Rate: 100.0%

Cache Events (chronological order):
  [2025-02-19_09-37-13] HIT: 2_not continuum ubuntu-latest.txt
    Key: tardis-regression-full-data-
  [2025-02-19_09-37-13] HIT: 1_ continuum macos-latest.txt
    Key: tardis-regression-full-data-
  [2025-02-19_09-37-13] HIT: 0_not continuum macos-latest.txt
    Key: tardis-regression-full-data-
  [2025-02-19_09-37-13] HIT: 3_ continuum ubuntu-latest.txt
    Key: tardis-regression-full-data-
  [2025-02-19_09-37-13] HIT: 0_test-cache  lfs-cache.txt
    Key: tardis-regression-full-data
--------------------------------------------------------------------------------

Pull Request: #2981
Title: v_inner_solver store plasma state fxn
Author: erinvisser
State: open
Created: 2025-02-19T15:35:41Z

Cache Statistics:
  Total Events: 20
  Cache Hits: 20
  Cache Misses: 0
  Hit Rate: 100.0%

Cache Events (chronological order):
  [2025-02-19_15-35-55] HIT: 2_not continuum ubuntu-latest.txt
    Key: tardis-regression-full-data-
  [2025-02-19_15-35-55] HIT: 1_ continuum macos-latest.txt
    Key: tardis-regression-full-data-
  [2025-02-19_15-35-55] HIT: 0_not continuum macos-latest.txt
    Key: tardis-regression-full-data-
  [2025-02-19_15-35-55] HIT: 3_ continuum ubuntu-latest.txt
    Key: tardis-regression-full-data-
  [2025-02-19_15-35-55] HIT: 0_test-cache  lfs-cache.txt
    Key: tardis-regression-full-data
  [2025-02-19_15-41-39] HIT: 2_not continuum ubuntu-latest.txt
    Key: tardis-regression-full-data-
  [2025-02-19_15-41-39] HIT: 1_ continuum macos-latest.txt
    Key: tardis-regression-full-data-
  [2025-02-19_15-41-39] HIT: 0_not continuum macos-latest.txt
    Key: tardis-regression-full-data-
  [2025-02-19_15-41-39] HIT: 3_ continuum ubuntu-latest.txt
    Key: tardis-regression-full-data-
  [2025-02-19_15-41-39] HIT: 0_test-cache  lfs-cache.txt
    Key: tardis-regression-full-data
  [2025-02-28_16-14-19] HIT: 2_not continuum ubuntu-latest.txt
    Key: tardis-regression-full-data-
  [2025-02-28_16-14-19] HIT: 1_ continuum macos-latest.txt
    Key: tardis-regression-full-data-
  [2025-02-28_16-14-19] HIT: 0_not continuum macos-latest.txt
    Key: tardis-regression-full-data-
  [2025-02-28_16-14-19] HIT: 3_ continuum ubuntu-latest.txt
    Key: tardis-regression-full-data-
  [2025-02-28_16-14-19] HIT: 0_test-cache  lfs-cache.txt
    Key: tardis-regression-full-data
  [2025-02-28_16-19-02] HIT: 2_not continuum ubuntu-latest.txt
    Key: tardis-regression-full-data-
  [2025-02-28_16-19-02] HIT: 1_ continuum macos-latest.txt
    Key: tardis-regression-full-data-
  [2025-02-28_16-19-02] HIT: 0_not continuum macos-latest.txt
    Key: tardis-regression-full-data-
  [2025-02-28_16-19-02] HIT: 3_ continuum ubuntu-latest.txt
    Key: tardis-regression-full-data-
  [2025-02-28_16-19-02] HIT: 0_test-cache  lfs-cache.txt
    Key: tardis-regression-full-data
--------------------------------------------------------------------------------

Pull Request: #2982
Title: [Docs] : updated the pytest arg from --regression-data to --tardis-regression-data 
Author: rudrakshnalbalwar
State: open
Created: 2025-02-19T16:50:38Z

Cache Statistics:
  Total Events: 5
  Cache Hits: 5
  Cache Misses: 0
  Hit Rate: 100.0%

Cache Events (chronological order):
  [2025-02-19_16-50-43] HIT: 2_not continuum ubuntu-latest.txt
    Key: tardis-regression-full-data-
  [2025-02-19_16-50-43] HIT: 1_ continuum macos-latest.txt
    Key: tardis-regression-full-data-
  [2025-02-19_16-50-43] HIT: 0_not continuum macos-latest.txt
    Key: tardis-regression-full-data-
  [2025-02-19_16-50-43] HIT: 3_ continuum ubuntu-latest.txt
    Key: tardis-regression-full-data-
  [2025-02-19_16-50-43] HIT: 0_test-cache  lfs-cache.txt
    Key: tardis-regression-full-data
--------------------------------------------------------------------------------

Pull Request: #2983
Title: v_inner convergence plots in docs
Author: erinvisser
State: open
Created: 2025-02-19T21:34:13Z

Cache Statistics:
  Total Events: 5
  Cache Hits: 5
  Cache Misses: 0
  Hit Rate: 100.0%

Cache Events (chronological order):
  [2025-02-19_21-34-17] HIT: 2_not continuum ubuntu-latest.txt
    Key: tardis-regression-full-data-
  [2025-02-19_21-34-17] HIT: 1_ continuum macos-latest.txt
    Key: tardis-regression-full-data-
  [2025-02-19_21-34-17] HIT: 0_not continuum macos-latest.txt
    Key: tardis-regression-full-data-
  [2025-02-19_21-34-17] HIT: 3_ continuum ubuntu-latest.txt
    Key: tardis-regression-full-data-
  [2025-02-19_21-34-17] HIT: 0_test-cache  lfs-cache.txt
    Key: tardis-regression-full-data
--------------------------------------------------------------------------------

Pull Request: #2984
Title: Fix init bug for: line_interaction_type=scatter
Author: roee2000
State: open
Created: 2025-02-20T21:17:11Z

Cache Statistics:
  Total Events: 7
  Cache Hits: 7
  Cache Misses: 0
  Hit Rate: 100.0%

Cache Events (chronological order):
  [2025-02-20_21-17-16] HIT: 2_not continuum ubuntu-latest.txt
    Key: tardis-regression-full-data-
  [2025-02-20_21-17-16] HIT: 1_ continuum macos-latest.txt
    Key: tardis-regression-full-data-
  [2025-02-20_21-17-16] HIT: 0_not continuum macos-latest.txt
    Key: tardis-regression-full-data-
  [2025-02-20_21-17-16] HIT: 3_ continuum ubuntu-latest.txt
    Key: tardis-regression-full-data-
  [2025-02-20_21-17-16] HIT: 0_test-cache  lfs-cache.txt
    Key: tardis-regression-full-data
  [2025-02-23_07-10-30] HIT: 2_not continuum ubuntu-latest.txt
    Key: tardis-regression-full-data-
  [2025-02-23_07-10-30] HIT: 0_not continuum macos-latest.txt
    Key: tardis-regression-full-data-
--------------------------------------------------------------------------------

Pull Request: #2985
Title: Add liv plot notebook to the analyzing tardis outputs section
Author: KasukabeDefenceForce
State: open
Created: 2025-02-21T14:50:16Z

Cache Statistics:
  Total Events: 5
  Cache Hits: 5
  Cache Misses: 0
  Hit Rate: 100.0%

Cache Events (chronological order):
  [2025-02-21_14-50-22] HIT: 2_not continuum ubuntu-latest.txt
    Key: tardis-regression-full-data-
  [2025-02-21_14-50-22] HIT: 1_ continuum macos-latest.txt
    Key: tardis-regression-full-data-
  [2025-02-21_14-50-22] HIT: 0_not continuum macos-latest.txt
    Key: tardis-regression-full-data-
  [2025-02-21_14-50-22] HIT: 3_ continuum ubuntu-latest.txt
    Key: tardis-regression-full-data-
  [2025-02-21_14-50-22] HIT: 0_test-cache  lfs-cache.txt
    Key: tardis-regression-full-data
--------------------------------------------------------------------------------

Pull Request: #2988
Title: Remove plasma object going into the macroatom
Author: jvshields
State: open
Created: 2025-02-21T20:14:54Z

Cache Statistics:
  Total Events: 15
  Cache Hits: 15
  Cache Misses: 0
  Hit Rate: 100.0%

Cache Events (chronological order):
  [2025-02-21_20-14-59] HIT: 2_not continuum ubuntu-latest.txt
    Key: tardis-regression-full-data-
  [2025-02-21_20-14-59] HIT: 1_ continuum macos-latest.txt
    Key: tardis-regression-full-data-
  [2025-02-21_20-14-59] HIT: 0_not continuum macos-latest.txt
    Key: tardis-regression-full-data-
  [2025-02-21_20-14-59] HIT: 3_ continuum ubuntu-latest.txt
    Key: tardis-regression-full-data-
  [2025-02-21_20-14-59] HIT: 0_test-cache  lfs-cache.txt
    Key: tardis-regression-full-data
  [2025-02-24_18-25-09] HIT: 2_not continuum ubuntu-latest.txt
    Key: tardis-regression-full-data-
  [2025-02-24_18-25-09] HIT: 1_ continuum macos-latest.txt
    Key: tardis-regression-full-data-
  [2025-02-24_18-25-09] HIT: 0_not continuum macos-latest.txt
    Key: tardis-regression-full-data-
  [2025-02-24_18-25-09] HIT: 3_ continuum ubuntu-latest.txt
    Key: tardis-regression-full-data-
  [2025-02-24_18-25-09] HIT: 0_test-cache  lfs-cache.txt
    Key: tardis-regression-full-data
  [2025-02-24_18-26-53] HIT: 2_not continuum ubuntu-latest.txt
    Key: tardis-regression-full-data-
  [2025-02-24_18-26-53] HIT: 1_ continuum macos-latest.txt
    Key: tardis-regression-full-data-
  [2025-02-24_18-26-53] HIT: 0_not continuum macos-latest.txt
    Key: tardis-regression-full-data-
  [2025-02-24_18-26-53] HIT: 3_ continuum ubuntu-latest.txt
    Key: tardis-regression-full-data-
  [2025-02-24_18-26-53] HIT: 0_test-cache  lfs-cache.txt
    Key: tardis-regression-full-data
--------------------------------------------------------------------------------

Pull Request: #2989
Title: [GSoC] Rewrite the TARDIS visualisation module using Panel
Author: Sonu0305
State: open
Created: 2025-02-22T16:51:27Z

Cache Statistics:
  Total Events: 5
  Cache Hits: 5
  Cache Misses: 0
  Hit Rate: 100.0%

Cache Events (chronological order):
  [2025-02-22_16-51-32] HIT: 2_not continuum ubuntu-latest.txt
    Key: tardis-regression-full-data-
  [2025-02-22_16-51-32] HIT: 1_ continuum macos-latest.txt
    Key: tardis-regression-full-data-
  [2025-02-22_16-51-32] HIT: 0_not continuum macos-latest.txt
    Key: tardis-regression-full-data-
  [2025-02-22_16-51-32] HIT: 3_ continuum ubuntu-latest.txt
    Key: tardis-regression-full-data-
  [2025-02-22_16-51-32] HIT: 0_test-cache  lfs-cache.txt
    Key: tardis-regression-full-data
--------------------------------------------------------------------------------

Pull Request: #2992
Title: Remove atomic data from composition. 
Author: wkerzendorf
State: open
Created: 2025-02-23T19:42:07Z

Cache Statistics:
  Total Events: 10
  Cache Hits: 10
  Cache Misses: 0
  Hit Rate: 100.0%

Cache Events (chronological order):
  [2025-02-23_19-42-10] HIT: 2_not continuum ubuntu-latest.txt
    Key: tardis-regression-full-data-
  [2025-02-23_19-42-10] HIT: 1_ continuum macos-latest.txt
    Key: tardis-regression-full-data-
  [2025-02-23_19-42-10] HIT: 0_not continuum macos-latest.txt
    Key: tardis-regression-full-data-
  [2025-02-23_19-42-10] HIT: 3_ continuum ubuntu-latest.txt
    Key: tardis-regression-full-data-
  [2025-02-23_19-42-10] HIT: 0_test-cache  lfs-cache.txt
    Key: tardis-regression-full-data
  [2025-02-24_21-39-36] HIT: 2_not continuum ubuntu-latest.txt
    Key: tardis-regression-full-data-
  [2025-02-24_21-39-36] HIT: 1_ continuum macos-latest.txt
    Key: tardis-regression-full-data-
  [2025-02-24_21-39-36] HIT: 0_not continuum macos-latest.txt
    Key: tardis-regression-full-data-
  [2025-02-24_21-39-36] HIT: 3_ continuum ubuntu-latest.txt
    Key: tardis-regression-full-data-
  [2025-02-24_21-39-36] HIT: 0_test-cache  lfs-cache.txt
    Key: tardis-regression-full-data
--------------------------------------------------------------------------------

Pull Request: #2993
Title: Regression data comparison workflow
Author: atharva-2001
State: open
Created: 2025-02-24T12:03:41Z

Cache Statistics:
  Total Events: 83
  Cache Hits: 83
  Cache Misses: 0
  Hit Rate: 100.0%

Cache Events (chronological order):
  [2025-02-24_12-03-51] HIT: 2_not continuum ubuntu-latest.txt
    Key: tardis-regression-full-data-
  [2025-02-24_12-03-51] HIT: 1_ continuum macos-latest.txt
    Key: tardis-regression-full-data-
  [2025-02-24_12-03-51] HIT: 0_not continuum macos-latest.txt
    Key: tardis-regression-full-data-
  [2025-02-24_12-03-51] HIT: 3_ continuum ubuntu-latest.txt
    Key: tardis-regression-full-data-
  [2025-02-24_12-03-51] HIT: 0_test-cache  lfs-cache.txt
    Key: tardis-regression-full-data
  [2025-02-24_12-17-32] HIT: 2_not continuum ubuntu-latest.txt
    Key: tardis-regression-full-data-
  [2025-02-24_12-17-32] HIT: 1_ continuum macos-latest.txt
    Key: tardis-regression-full-data-
  [2025-02-24_12-17-32] HIT: 0_not continuum macos-latest.txt
    Key: tardis-regression-full-data-
  [2025-02-24_12-17-32] HIT: 3_ continuum ubuntu-latest.txt
    Key: tardis-regression-full-data-
  [2025-02-24_12-17-32] HIT: 0_test-cache  lfs-cache.txt
    Key: tardis-regression-full-data
  [2025-02-24_12-32-10] HIT: 2_not continuum ubuntu-latest.txt
    Key: tardis-regression-full-data-
  [2025-02-24_12-32-10] HIT: 1_ continuum macos-latest.txt
    Key: tardis-regression-full-data-
  [2025-02-24_12-32-10] HIT: 0_not continuum macos-latest.txt
    Key: tardis-regression-full-data-
  [2025-02-24_12-32-10] HIT: 3_ continuum ubuntu-latest.txt
    Key: tardis-regression-full-data-
  [2025-02-24_12-32-10] HIT: 0_test-cache  lfs-cache.txt
    Key: tardis-regression-full-data
  [2025-02-24_13-56-00] HIT: 2_not continuum ubuntu-latest.txt
    Key: tardis-regression-full-data-
  [2025-02-24_13-56-00] HIT: 1_ continuum macos-latest.txt
    Key: tardis-regression-full-data-
  [2025-02-24_13-56-00] HIT: 0_not continuum macos-latest.txt
    Key: tardis-regression-full-data-
  [2025-02-24_13-56-00] HIT: 3_ continuum ubuntu-latest.txt
    Key: tardis-regression-full-data-
  [2025-02-24_13-56-00] HIT: 0_test-cache  lfs-cache.txt
    Key: tardis-regression-full-data
  [2025-02-24_14-03-17] HIT: 2_not continuum ubuntu-latest.txt
    Key: tardis-regression-full-data-
  [2025-02-24_14-03-17] HIT: 1_ continuum macos-latest.txt
    Key: tardis-regression-full-data-
  [2025-02-24_14-03-17] HIT: 0_not continuum macos-latest.txt
    Key: tardis-regression-full-data-
  [2025-02-24_14-03-17] HIT: 3_ continuum ubuntu-latest.txt
    Key: tardis-regression-full-data-
  [2025-02-24_14-03-17] HIT: 0_test-cache  lfs-cache.txt
    Key: tardis-regression-full-data
  [2025-02-24_14-19-29] HIT: 2_not continuum ubuntu-latest.txt
    Key: tardis-regression-full-data-
  [2025-02-24_14-19-29] HIT: 1_ continuum macos-latest.txt
    Key: tardis-regression-full-data-
  [2025-02-24_14-19-29] HIT: 0_not continuum macos-latest.txt
    Key: tardis-regression-full-data-
  [2025-02-24_14-19-29] HIT: 3_ continuum ubuntu-latest.txt
    Key: tardis-regression-full-data-
  [2025-02-24_14-19-29] HIT: 0_test-cache  lfs-cache.txt
    Key: tardis-regression-full-data
  [2025-02-24_14-35-15] HIT: 2_not continuum ubuntu-latest.txt
    Key: tardis-regression-full-data-
  [2025-02-24_14-35-15] HIT: 1_ continuum macos-latest.txt
    Key: tardis-regression-full-data-
  [2025-02-24_14-35-15] HIT: 0_not continuum macos-latest.txt
    Key: tardis-regression-full-data-
  [2025-02-24_14-35-15] HIT: 3_ continuum ubuntu-latest.txt
    Key: tardis-regression-full-data-
  [2025-02-24_14-35-15] HIT: 0_test-cache  lfs-cache.txt
    Key: tardis-regression-full-data
  [2025-02-24_14-40-17] HIT: 2_not continuum ubuntu-latest.txt
    Key: tardis-regression-full-data-
  [2025-02-24_14-40-17] HIT: 1_ continuum macos-latest.txt
    Key: tardis-regression-full-data-
  [2025-02-24_14-40-17] HIT: 0_not continuum macos-latest.txt
    Key: tardis-regression-full-data-
  [2025-02-24_14-40-17] HIT: 3_ continuum ubuntu-latest.txt
    Key: tardis-regression-full-data-
  [2025-02-24_14-40-17] HIT: 0_test-cache  lfs-cache.txt
    Key: tardis-regression-full-data
  [2025-02-24_14-54-30] HIT: 2_not continuum ubuntu-latest.txt
    Key: tardis-regression-full-data-
  [2025-02-24_14-54-30] HIT: 1_ continuum macos-latest.txt
    Key: tardis-regression-full-data-
  [2025-02-24_14-54-30] HIT: 0_not continuum macos-latest.txt
    Key: tardis-regression-full-data-
  [2025-02-24_14-54-30] HIT: 3_ continuum ubuntu-latest.txt
    Key: tardis-regression-full-data-
  [2025-02-24_14-54-30] HIT: 0_test-cache  lfs-cache.txt
    Key: tardis-regression-full-data
  [2025-02-24_15-12-35] HIT: 2_not continuum ubuntu-latest.txt
    Key: tardis-regression-full-data-
  [2025-02-24_15-12-35] HIT: 1_ continuum macos-latest.txt
    Key: tardis-regression-full-data-
  [2025-02-24_15-12-35] HIT: 0_not continuum macos-latest.txt
    Key: tardis-regression-full-data-
  [2025-02-24_15-12-35] HIT: 3_ continuum ubuntu-latest.txt
    Key: tardis-regression-full-data-
  [2025-02-24_15-12-35] HIT: 0_test-cache  lfs-cache.txt
    Key: tardis-regression-full-data
  [2025-02-24_15-30-43] HIT: 2_not continuum ubuntu-latest.txt
    Key: tardis-regression-full-data-
  [2025-02-24_15-30-43] HIT: 1_ continuum macos-latest.txt
    Key: tardis-regression-full-data-
  [2025-02-24_15-30-43] HIT: 0_not continuum macos-latest.txt
    Key: tardis-regression-full-data-
  [2025-02-24_15-30-43] HIT: 3_ continuum ubuntu-latest.txt
    Key: tardis-regression-full-data-
  [2025-02-24_15-30-43] HIT: 0_test-cache  lfs-cache.txt
    Key: tardis-regression-full-data
  [2025-02-24_15-43-41] HIT: 2_not continuum ubuntu-latest.txt
    Key: tardis-regression-full-data-
  [2025-02-24_15-43-41] HIT: 1_ continuum macos-latest.txt
    Key: tardis-regression-full-data-
  [2025-02-24_15-43-41] HIT: 0_not continuum macos-latest.txt
    Key: tardis-regression-full-data-
  [2025-02-24_15-43-41] HIT: 3_ continuum ubuntu-latest.txt
    Key: tardis-regression-full-data-
  [2025-02-24_15-43-41] HIT: 0_test-cache  lfs-cache.txt
    Key: tardis-regression-full-data
  [2025-02-24_15-54-56] HIT: 2_not continuum ubuntu-latest.txt
    Key: tardis-regression-full-data-
  [2025-02-24_15-54-56] HIT: 1_ continuum macos-latest.txt
    Key: tardis-regression-full-data-
  [2025-02-24_15-54-56] HIT: 0_not continuum macos-latest.txt
    Key: tardis-regression-full-data-
  [2025-02-24_15-54-56] HIT: 3_ continuum ubuntu-latest.txt
    Key: tardis-regression-full-data-
  [2025-02-24_15-54-56] HIT: 0_test-cache  lfs-cache.txt
    Key: tardis-regression-full-data
  [2025-02-24_16-19-28] HIT: 2_not continuum ubuntu-latest.txt
    Key: tardis-regression-full-data-
  [2025-02-24_16-19-28] HIT: 1_ continuum macos-latest.txt
    Key: tardis-regression-full-data-
  [2025-02-24_16-19-28] HIT: 0_not continuum macos-latest.txt
    Key: tardis-regression-full-data-
  [2025-02-24_16-19-28] HIT: 3_ continuum ubuntu-latest.txt
    Key: tardis-regression-full-data-
  [2025-02-24_16-19-28] HIT: 0_test-cache  lfs-cache.txt
    Key: tardis-regression-full-data
  [2025-02-25_12-23-10] HIT: 2_not continuum ubuntu-latest.txt
    Key: tardis-regression-full-data-
  [2025-02-25_12-23-10] HIT: 1_ continuum macos-latest.txt
    Key: tardis-regression-full-data-
  [2025-02-25_12-23-10] HIT: 0_not continuum macos-latest.txt
    Key: tardis-regression-full-data-
  [2025-02-25_12-23-10] HIT: 3_ continuum ubuntu-latest.txt
    Key: tardis-regression-full-data-
  [2025-02-25_12-23-10] HIT: 0_test-cache  lfs-cache.txt
    Key: tardis-regression-full-data
  [2025-02-25_13-53-08] HIT: 2_not continuum ubuntu-latest.txt
    Key: tardis-regression-full-data-
  [2025-02-25_13-53-08] HIT: 3_ continuum ubuntu-latest.txt
    Key: tardis-regression-full-data-
  [2025-02-25_13-53-08] HIT: 0_test-cache  lfs-cache.txt
    Key: tardis-regression-full-data
  [2025-02-25_13-54-20] HIT: 2_not continuum ubuntu-latest.txt
    Key: tardis-regression-full-data-
  [2025-02-25_13-54-20] HIT: 1_ continuum macos-latest.txt
    Key: tardis-regression-full-data-
  [2025-02-25_13-54-20] HIT: 0_not continuum macos-latest.txt
    Key: tardis-regression-full-data-
  [2025-02-25_13-54-20] HIT: 3_ continuum ubuntu-latest.txt
    Key: tardis-regression-full-data-
  [2025-02-25_13-54-20] HIT: 0_test-cache  lfs-cache.txt
    Key: tardis-regression-full-data
--------------------------------------------------------------------------------

Pull Request: #2997
Title: Generate LFS Cache from regression data repo
Author: atharva-2001
State: closed
Created: 2025-02-27T14:09:15Z

Cache Statistics:
  Total Events: 5
  Cache Hits: 5
  Cache Misses: 0
  Hit Rate: 100.0%

Cache Events (chronological order):
  [2025-02-27_14-09-20] HIT: 2_not continuum ubuntu-latest.txt
    Key: tardis-regression-full-data-
  [2025-02-27_14-09-20] HIT: 1_ continuum macos-latest.txt
    Key: tardis-regression-full-data-
  [2025-02-27_14-09-20] HIT: 0_not continuum macos-latest.txt
    Key: tardis-regression-full-data-
  [2025-02-27_14-09-20] HIT: 3_ continuum ubuntu-latest.txt
    Key: tardis-regression-full-data-
  [2025-02-27_14-09-20] HIT: 0_test-cache  lfs-cache.txt
    Key: tardis-regression-full-data
--------------------------------------------------------------------------------

Pull Request: #2998
Title: Created a workflow for TARDIS High energy
Author: Knights-Templars
State: open
Created: 2025-02-27T19:16:01Z

Cache Statistics:
  Total Events: 5
  Cache Hits: 5
  Cache Misses: 0
  Hit Rate: 100.0%

Cache Events (chronological order):
  [2025-02-27_19-16-05] HIT: 2_not continuum ubuntu-latest.txt
    Key: tardis-regression-full-data-
  [2025-02-27_19-16-05] HIT: 1_ continuum macos-latest.txt
    Key: tardis-regression-full-data-
  [2025-02-27_19-16-05] HIT: 0_not continuum macos-latest.txt
    Key: tardis-regression-full-data-
  [2025-02-27_19-16-05] HIT: 3_ continuum ubuntu-latest.txt
    Key: tardis-regression-full-data-
  [2025-02-27_19-16-05] HIT: 0_test-cache  lfs-cache.txt
    Key: tardis-regression-full-data
--------------------------------------------------------------------------------

Pull Request: #2999
Title: Trigger LFS-cache generation from regression data repository
Author: atharva-2001
State: open
Created: 2025-02-28T11:42:47Z

Cache Statistics:
  Total Events: 5
  Cache Hits: 5
  Cache Misses: 0
  Hit Rate: 100.0%

Cache Events (chronological order):
  [2025-02-28_11-42-52] HIT: 2_not continuum ubuntu-latest.txt
    Key: tardis-regression-full-data-
  [2025-02-28_11-42-52] HIT: 1_ continuum macos-latest.txt
    Key: tardis-regression-full-data-
  [2025-02-28_11-42-52] HIT: 0_not continuum macos-latest.txt
    Key: tardis-regression-full-data-
  [2025-02-28_11-42-52] HIT: 3_ continuum ubuntu-latest.txt
    Key: tardis-regression-full-data-
  [2025-02-28_11-42-52] HIT: 0_test-cache  lfs-cache.txt
    Key: tardis-regression-full-data
--------------------------------------------------------------------------------

Pull Request: #3000
Title: Send a dispatch to tardis website to update credits
Author: KasukabeDefenceForce
State: open
Created: 2025-03-03T06:54:38Z

Cache Statistics:
  Total Events: 5
  Cache Hits: 5
  Cache Misses: 0
  Hit Rate: 100.0%

Cache Events (chronological order):
  [2025-03-03_06-54-43] HIT: 2_not continuum ubuntu-latest.txt
    Key: tardis-regression-full-data-
  [2025-03-03_06-54-43] HIT: 1_ continuum macos-latest.txt
    Key: tardis-regression-full-data-
  [2025-03-03_06-54-43] HIT: 0_not continuum macos-latest.txt
    Key: tardis-regression-full-data-
  [2025-03-03_06-54-43] HIT: 3_ continuum ubuntu-latest.txt
    Key: tardis-regression-full-data-
  [2025-03-03_06-54-43] HIT: 0_test-cache  lfs-cache.txt
    Key: tardis-regression-full-data
--------------------------------------------------------------------------------

