Cache Miss Analysis Report
==================================================

Timestamp: 2025-01-12_13-17-49
Reference: PR #2945
File: 2_not continuum ubuntu-latest.txt
--------------------------------------------------

Timestamp: 2025-01-12_13-17-49
Reference: PR #2945
File: 1_ continuum macos-latest.txt
--------------------------------------------------

Timestamp: 2025-01-12_13-17-49
Reference: PR #2945
File: 0_not continuum macos-latest.txt
--------------------------------------------------

Timestamp: 2025-01-12_13-17-49
Reference: PR #2945
File: 3_ continuum ubuntu-latest.txt
--------------------------------------------------

Timestamp: 2025-01-12_13-17-49
Reference: No PR/branch information found
File: not continuum macos-latest/3_Setup LFS.txt
--------------------------------------------------

Timestamp: 2025-01-12_13-17-49
Reference: No PR/branch information found
File: not continuum ubuntu-latest/3_Setup LFS.txt
--------------------------------------------------

Timestamp: 2025-01-12_13-17-49
Reference: No PR/branch information found
File: continuum macos-latest/3_Setup LFS.txt
--------------------------------------------------

Timestamp: 2025-01-12_13-17-49
Reference: No PR/branch information found
File: continuum ubuntu-latest/3_Setup LFS.txt
--------------------------------------------------

Timestamp: 2025-01-13_17-26-00
Reference: PR #2944
File: 2_not continuum ubuntu-latest.txt
--------------------------------------------------

Timestamp: 2025-01-13_17-26-00
Reference: PR #2944
File: 1_ continuum macos-latest.txt
--------------------------------------------------

Timestamp: 2025-01-13_17-26-00
Reference: PR #2944
File: 0_not continuum macos-latest.txt
--------------------------------------------------

Timestamp: 2025-01-13_17-26-00
Reference: PR #2944
File: 3_ continuum ubuntu-latest.txt
--------------------------------------------------

Timestamp: 2025-01-13_17-26-00
Reference: No PR/branch information found
File: not continuum macos-latest/3_Setup LFS.txt
--------------------------------------------------

Timestamp: 2025-01-13_17-26-00
Reference: No PR/branch information found
File: not continuum ubuntu-latest/3_Setup LFS.txt
--------------------------------------------------

Timestamp: 2025-01-13_17-26-00
Reference: No PR/branch information found
File: continuum macos-latest/3_Setup LFS.txt
--------------------------------------------------

Timestamp: 2025-01-13_17-26-00
Reference: No PR/branch information found
File: continuum ubuntu-latest/3_Setup LFS.txt
--------------------------------------------------

Timestamp: 2025-01-15_13-58-06
Reference: PR #2935
File: 2_not continuum ubuntu-latest.txt
--------------------------------------------------

Timestamp: 2025-01-15_13-58-06
Reference: PR #2935
File: 1_ continuum macos-latest.txt
--------------------------------------------------

Timestamp: 2025-01-15_13-58-06
Reference: PR #2935
File: 0_not continuum macos-latest.txt
--------------------------------------------------

Timestamp: 2025-01-15_13-58-06
Reference: PR #2935
File: 3_ continuum ubuntu-latest.txt
--------------------------------------------------

Timestamp: 2025-01-15_13-58-06
Reference: No PR/branch information found
File: not continuum macos-latest/3_Setup LFS.txt
--------------------------------------------------

Timestamp: 2025-01-15_13-58-06
Reference: No PR/branch information found
File: not continuum ubuntu-latest/3_Setup LFS.txt
--------------------------------------------------

Timestamp: 2025-01-15_13-58-06
Reference: No PR/branch information found
File: continuum macos-latest/3_Setup LFS.txt
--------------------------------------------------

Timestamp: 2025-01-15_13-58-06
Reference: No PR/branch information found
File: continuum ubuntu-latest/3_Setup LFS.txt
--------------------------------------------------

Timestamp: 2025-01-17_11-16-36
Reference: PR #2935
File: 2_not continuum ubuntu-latest.txt
--------------------------------------------------

Timestamp: 2025-01-17_11-16-36
Reference: PR #2935
File: 1_ continuum macos-latest.txt
--------------------------------------------------

Timestamp: 2025-01-17_11-16-36
Reference: PR #2935
File: 0_not continuum macos-latest.txt
--------------------------------------------------

Timestamp: 2025-01-17_11-16-36
Reference: PR #2935
File: 3_ continuum ubuntu-latest.txt
--------------------------------------------------

Timestamp: 2025-01-17_11-16-36
Reference: No PR/branch information found
File: not continuum macos-latest/3_Setup LFS.txt
--------------------------------------------------

Timestamp: 2025-01-17_11-16-36
Reference: No PR/branch information found
File: not continuum ubuntu-latest/3_Setup LFS.txt
--------------------------------------------------

Timestamp: 2025-01-17_11-16-36
Reference: No PR/branch information found
File: continuum macos-latest/3_Setup LFS.txt
--------------------------------------------------

Timestamp: 2025-01-17_11-16-36
Reference: No PR/branch information found
File: continuum ubuntu-latest/3_Setup LFS.txt
--------------------------------------------------

Timestamp: 2025-01-17_11-17-34
Reference: PR #2934
File: 2_not continuum ubuntu-latest.txt
--------------------------------------------------

Timestamp: 2025-01-17_11-17-34
Reference: PR #2934
File: 1_ continuum macos-latest.txt
--------------------------------------------------

Timestamp: 2025-01-17_11-17-34
Reference: PR #2934
File: 0_not continuum macos-latest.txt
--------------------------------------------------

Timestamp: 2025-01-17_11-17-34
Reference: PR #2934
File: 3_ continuum ubuntu-latest.txt
--------------------------------------------------

Timestamp: 2025-01-17_11-17-34
Reference: No PR/branch information found
File: not continuum macos-latest/3_Setup LFS.txt
--------------------------------------------------

Timestamp: 2025-01-17_11-17-34
Reference: No PR/branch information found
File: not continuum ubuntu-latest/3_Setup LFS.txt
--------------------------------------------------

Timestamp: 2025-01-17_11-17-34
Reference: No PR/branch information found
File: continuum macos-latest/3_Setup LFS.txt
--------------------------------------------------

Timestamp: 2025-01-17_11-17-34
Reference: No PR/branch information found
File: continuum ubuntu-latest/3_Setup LFS.txt
--------------------------------------------------

Timestamp: 2025-01-17_13-15-25
Reference: PR #2872
File: 2_not continuum ubuntu-latest.txt
--------------------------------------------------

Timestamp: 2025-01-17_13-15-25
Reference: PR #2872
File: 1_ continuum macos-latest.txt
--------------------------------------------------

Timestamp: 2025-01-17_13-15-25
Reference: PR #2872
File: 0_not continuum macos-latest.txt
--------------------------------------------------

Timestamp: 2025-01-17_13-15-25
Reference: PR #2872
File: 3_ continuum ubuntu-latest.txt
--------------------------------------------------

Timestamp: 2025-01-17_13-15-25
Reference: No PR/branch information found
File: not continuum macos-latest/3_Setup LFS.txt
--------------------------------------------------

Timestamp: 2025-01-17_13-15-25
Reference: No PR/branch information found
File: not continuum ubuntu-latest/3_Setup LFS.txt
--------------------------------------------------

Timestamp: 2025-01-17_13-15-25
Reference: No PR/branch information found
File: continuum macos-latest/3_Setup LFS.txt
--------------------------------------------------

Timestamp: 2025-01-17_13-15-25
Reference: No PR/branch information found
File: continuum ubuntu-latest/3_Setup LFS.txt
--------------------------------------------------

Timestamp: 2025-01-17_13-16-19
Reference: PR #2872
File: 2_not continuum ubuntu-latest.txt
--------------------------------------------------

Timestamp: 2025-01-17_13-16-19
Reference: PR #2872
File: 1_ continuum macos-latest.txt
--------------------------------------------------

Timestamp: 2025-01-17_13-16-19
Reference: PR #2872
File: 0_not continuum macos-latest.txt
--------------------------------------------------

Timestamp: 2025-01-17_13-16-19
Reference: PR #2872
File: 3_ continuum ubuntu-latest.txt
--------------------------------------------------

Timestamp: 2025-01-17_13-16-19
Reference: No PR/branch information found
File: not continuum macos-latest/3_Setup LFS.txt
--------------------------------------------------

Timestamp: 2025-01-17_13-16-19
Reference: No PR/branch information found
File: not continuum ubuntu-latest/3_Setup LFS.txt
--------------------------------------------------

Timestamp: 2025-01-17_13-16-19
Reference: No PR/branch information found
File: continuum macos-latest/3_Setup LFS.txt
--------------------------------------------------

Timestamp: 2025-01-17_13-16-19
Reference: No PR/branch information found
File: continuum ubuntu-latest/3_Setup LFS.txt
--------------------------------------------------

Timestamp: 2025-01-17_13-28-28
Reference: PR #2872
File: 2_not continuum ubuntu-latest.txt
--------------------------------------------------

Timestamp: 2025-01-17_13-28-28
Reference: PR #2872
File: 1_ continuum macos-latest.txt
--------------------------------------------------

Timestamp: 2025-01-17_13-28-28
Reference: PR #2872
File: 0_not continuum macos-latest.txt
--------------------------------------------------

Timestamp: 2025-01-17_13-28-28
Reference: PR #2872
File: 3_ continuum ubuntu-latest.txt
--------------------------------------------------

Timestamp: 2025-01-17_13-28-28
Reference: No PR/branch information found
File: not continuum macos-latest/3_Setup LFS.txt
--------------------------------------------------

Timestamp: 2025-01-17_13-28-28
Reference: No PR/branch information found
File: not continuum ubuntu-latest/3_Setup LFS.txt
--------------------------------------------------

Timestamp: 2025-01-17_13-28-28
Reference: No PR/branch information found
File: continuum macos-latest/3_Setup LFS.txt
--------------------------------------------------

Timestamp: 2025-01-17_13-28-28
Reference: No PR/branch information found
File: continuum ubuntu-latest/3_Setup LFS.txt
--------------------------------------------------

Timestamp: 2025-01-20_13-41-20
Reference: PR #2872
File: 2_not continuum ubuntu-latest.txt
--------------------------------------------------

Timestamp: 2025-01-20_13-41-20
Reference: PR #2872
File: 1_ continuum macos-latest.txt
--------------------------------------------------

Timestamp: 2025-01-20_13-41-20
Reference: PR #2872
File: 0_not continuum macos-latest.txt
--------------------------------------------------

Timestamp: 2025-01-20_13-41-20
Reference: PR #2872
File: 3_ continuum ubuntu-latest.txt
--------------------------------------------------

Timestamp: 2025-01-20_13-41-20
Reference: No PR/branch information found
File: not continuum macos-latest/3_Setup LFS.txt
--------------------------------------------------

Timestamp: 2025-01-20_13-41-20
Reference: No PR/branch information found
File: not continuum ubuntu-latest/3_Setup LFS.txt
--------------------------------------------------

Timestamp: 2025-01-20_13-41-20
Reference: No PR/branch information found
File: continuum macos-latest/3_Setup LFS.txt
--------------------------------------------------

Timestamp: 2025-01-20_13-41-20
Reference: No PR/branch information found
File: continuum ubuntu-latest/3_Setup LFS.txt
--------------------------------------------------

Timestamp: 2025-01-20_13-50-28
Reference: PR #2872
File: 2_not continuum ubuntu-latest.txt
--------------------------------------------------

Timestamp: 2025-01-20_13-50-28
Reference: PR #2872
File: 1_ continuum macos-latest.txt
--------------------------------------------------

Timestamp: 2025-01-20_13-50-28
Reference: PR #2872
File: 0_not continuum macos-latest.txt
--------------------------------------------------

Timestamp: 2025-01-20_13-50-28
Reference: PR #2872
File: 3_ continuum ubuntu-latest.txt
--------------------------------------------------

Timestamp: 2025-01-20_13-50-28
Reference: No PR/branch information found
File: not continuum macos-latest/3_Setup LFS.txt
--------------------------------------------------

Timestamp: 2025-01-20_13-50-28
Reference: No PR/branch information found
File: not continuum ubuntu-latest/3_Setup LFS.txt
--------------------------------------------------

Timestamp: 2025-01-20_13-50-28
Reference: No PR/branch information found
File: continuum macos-latest/3_Setup LFS.txt
--------------------------------------------------

Timestamp: 2025-01-20_13-50-28
Reference: No PR/branch information found
File: continuum ubuntu-latest/3_Setup LFS.txt
--------------------------------------------------

Timestamp: 2025-01-20_14-06-51
Reference: PR #2872
File: 2_not continuum ubuntu-latest.txt
--------------------------------------------------

Timestamp: 2025-01-20_14-06-51
Reference: PR #2872
File: 1_ continuum macos-latest.txt
--------------------------------------------------

Timestamp: 2025-01-20_14-06-51
Reference: PR #2872
File: 0_not continuum macos-latest.txt
--------------------------------------------------

Timestamp: 2025-01-20_14-06-51
Reference: PR #2872
File: 3_ continuum ubuntu-latest.txt
--------------------------------------------------

Timestamp: 2025-01-20_14-06-51
Reference: No PR/branch information found
File: not continuum macos-latest/3_Setup LFS.txt
--------------------------------------------------

Timestamp: 2025-01-20_14-06-51
Reference: No PR/branch information found
File: not continuum ubuntu-latest/3_Setup LFS.txt
--------------------------------------------------

Timestamp: 2025-01-20_14-06-51
Reference: No PR/branch information found
File: continuum macos-latest/3_Setup LFS.txt
--------------------------------------------------

Timestamp: 2025-01-20_14-06-51
Reference: No PR/branch information found
File: continuum ubuntu-latest/3_Setup LFS.txt
--------------------------------------------------

Timestamp: 2025-01-20_14-40-18
Reference: PR #2872
File: 2_not continuum ubuntu-latest.txt
--------------------------------------------------

Timestamp: 2025-01-20_14-40-18
Reference: PR #2872
File: 1_ continuum macos-latest.txt
--------------------------------------------------

Timestamp: 2025-01-20_14-40-18
Reference: PR #2872
File: 0_not continuum macos-latest.txt
--------------------------------------------------

Timestamp: 2025-01-20_14-40-18
Reference: PR #2872
File: 3_ continuum ubuntu-latest.txt
--------------------------------------------------

Timestamp: 2025-01-20_14-40-18
Reference: No PR/branch information found
File: not continuum macos-latest/3_Setup LFS.txt
--------------------------------------------------

Timestamp: 2025-01-20_14-40-18
Reference: No PR/branch information found
File: not continuum ubuntu-latest/3_Setup LFS.txt
--------------------------------------------------

Timestamp: 2025-01-20_14-40-18
Reference: No PR/branch information found
File: continuum macos-latest/3_Setup LFS.txt
--------------------------------------------------

Timestamp: 2025-01-20_14-40-18
Reference: No PR/branch information found
File: continuum ubuntu-latest/3_Setup LFS.txt
--------------------------------------------------

Timestamp: 2025-01-20_14-52-42
Reference: PR #2872
File: 2_not continuum ubuntu-latest.txt
--------------------------------------------------

Timestamp: 2025-01-20_14-52-42
Reference: PR #2872
File: 1_ continuum macos-latest.txt
--------------------------------------------------

Timestamp: 2025-01-20_14-52-42
Reference: PR #2872
File: 0_not continuum macos-latest.txt
--------------------------------------------------

Timestamp: 2025-01-20_14-52-42
Reference: PR #2872
File: 3_ continuum ubuntu-latest.txt
--------------------------------------------------

Timestamp: 2025-01-20_14-52-42
Reference: No PR/branch information found
File: not continuum macos-latest/3_Setup LFS.txt
--------------------------------------------------

Timestamp: 2025-01-20_14-52-42
Reference: No PR/branch information found
File: not continuum ubuntu-latest/3_Setup LFS.txt
--------------------------------------------------

Timestamp: 2025-01-20_14-52-42
Reference: No PR/branch information found
File: continuum macos-latest/3_Setup LFS.txt
--------------------------------------------------

Timestamp: 2025-01-20_14-52-42
Reference: No PR/branch information found
File: continuum ubuntu-latest/3_Setup LFS.txt
--------------------------------------------------

Timestamp: 2025-01-21_10-10-42
Reference: PR #2872
File: 2_not continuum ubuntu-latest.txt
--------------------------------------------------

Timestamp: 2025-01-21_10-10-42
Reference: PR #2872
File: 1_ continuum macos-latest.txt
--------------------------------------------------

Timestamp: 2025-01-21_10-10-42
Reference: PR #2872
File: 0_not continuum macos-latest.txt
--------------------------------------------------

Timestamp: 2025-01-21_10-10-42
Reference: PR #2872
File: 3_ continuum ubuntu-latest.txt
--------------------------------------------------

Timestamp: 2025-01-21_10-10-42
Reference: No PR/branch information found
File: not continuum macos-latest/3_Setup LFS.txt
--------------------------------------------------

Timestamp: 2025-01-21_10-10-42
Reference: No PR/branch information found
File: not continuum ubuntu-latest/3_Setup LFS.txt
--------------------------------------------------

Timestamp: 2025-01-21_10-10-42
Reference: No PR/branch information found
File: continuum macos-latest/3_Setup LFS.txt
--------------------------------------------------

Timestamp: 2025-01-21_10-10-42
Reference: No PR/branch information found
File: continuum ubuntu-latest/3_Setup LFS.txt
--------------------------------------------------

Timestamp: 2025-01-21_10-33-56
Reference: PR #2872
File: 2_not continuum ubuntu-latest.txt
--------------------------------------------------

Timestamp: 2025-01-21_10-33-56
Reference: PR #2872
File: 1_ continuum macos-latest.txt
--------------------------------------------------

Timestamp: 2025-01-21_10-33-56
Reference: PR #2872
File: 0_not continuum macos-latest.txt
--------------------------------------------------

Timestamp: 2025-01-21_10-33-56
Reference: PR #2872
File: 3_ continuum ubuntu-latest.txt
--------------------------------------------------

Timestamp: 2025-01-21_10-33-56
Reference: No PR/branch information found
File: not continuum macos-latest/3_Setup LFS.txt
--------------------------------------------------

Timestamp: 2025-01-21_10-33-56
Reference: No PR/branch information found
File: not continuum ubuntu-latest/3_Setup LFS.txt
--------------------------------------------------

Timestamp: 2025-01-21_10-33-56
Reference: No PR/branch information found
File: continuum macos-latest/3_Setup LFS.txt
--------------------------------------------------

Timestamp: 2025-01-21_10-33-56
Reference: No PR/branch information found
File: continuum ubuntu-latest/3_Setup LFS.txt
--------------------------------------------------

Timestamp: 2025-01-21_10-51-03
Reference: PR #2872
File: 2_not continuum ubuntu-latest.txt
--------------------------------------------------

Timestamp: 2025-01-21_10-51-03
Reference: PR #2872
File: 1_ continuum macos-latest.txt
--------------------------------------------------

Timestamp: 2025-01-21_10-51-03
Reference: PR #2872
File: 0_not continuum macos-latest.txt
--------------------------------------------------

Timestamp: 2025-01-21_10-51-03
Reference: PR #2872
File: 3_ continuum ubuntu-latest.txt
--------------------------------------------------

Timestamp: 2025-01-21_10-51-03
Reference: No PR/branch information found
File: not continuum macos-latest/3_Setup LFS.txt
--------------------------------------------------

Timestamp: 2025-01-21_10-51-03
Reference: No PR/branch information found
File: not continuum ubuntu-latest/3_Setup LFS.txt
--------------------------------------------------

Timestamp: 2025-01-21_10-51-03
Reference: No PR/branch information found
File: continuum macos-latest/3_Setup LFS.txt
--------------------------------------------------

Timestamp: 2025-01-21_10-51-03
Reference: No PR/branch information found
File: continuum ubuntu-latest/3_Setup LFS.txt
--------------------------------------------------

Timestamp: 2025-01-21_10-51-55
Reference: PR #2872
File: 2_not continuum ubuntu-latest.txt
--------------------------------------------------

Timestamp: 2025-01-21_10-51-55
Reference: PR #2872
File: 1_ continuum macos-latest.txt
--------------------------------------------------

Timestamp: 2025-01-21_10-51-55
Reference: PR #2872
File: 0_not continuum macos-latest.txt
--------------------------------------------------

Timestamp: 2025-01-21_10-51-55
Reference: PR #2872
File: 3_ continuum ubuntu-latest.txt
--------------------------------------------------

Timestamp: 2025-01-21_10-51-55
Reference: No PR/branch information found
File: not continuum macos-latest/3_Setup LFS.txt
--------------------------------------------------

Timestamp: 2025-01-21_10-51-55
Reference: No PR/branch information found
File: not continuum ubuntu-latest/3_Setup LFS.txt
--------------------------------------------------

Timestamp: 2025-01-21_10-51-55
Reference: No PR/branch information found
File: continuum macos-latest/3_Setup LFS.txt
--------------------------------------------------

Timestamp: 2025-01-21_10-51-55
Reference: No PR/branch information found
File: continuum ubuntu-latest/3_Setup LFS.txt
--------------------------------------------------

Timestamp: 2025-01-21_10-57-51
Reference: PR #2872
File: 2_not continuum ubuntu-latest.txt
--------------------------------------------------

Timestamp: 2025-01-21_10-57-51
Reference: PR #2872
File: 1_ continuum macos-latest.txt
--------------------------------------------------

Timestamp: 2025-01-21_10-57-51
Reference: PR #2872
File: 0_not continuum macos-latest.txt
--------------------------------------------------

Timestamp: 2025-01-21_10-57-51
Reference: PR #2872
File: 3_ continuum ubuntu-latest.txt
--------------------------------------------------

Timestamp: 2025-01-21_10-57-51
Reference: No PR/branch information found
File: not continuum macos-latest/4_Setup LFS.txt
--------------------------------------------------

Timestamp: 2025-01-21_10-57-51
Reference: No PR/branch information found
File: not continuum ubuntu-latest/4_Setup LFS.txt
--------------------------------------------------

Timestamp: 2025-01-21_10-57-51
Reference: No PR/branch information found
File: continuum macos-latest/4_Setup LFS.txt
--------------------------------------------------

Timestamp: 2025-01-21_10-57-51
Reference: No PR/branch information found
File: continuum ubuntu-latest/4_Setup LFS.txt
--------------------------------------------------

Timestamp: 2025-01-21_11-36-56
Reference: PR #2872
File: 2_not continuum ubuntu-latest.txt
--------------------------------------------------

Timestamp: 2025-01-21_11-36-56
Reference: PR #2872
File: 3_ continuum ubuntu-latest.txt
--------------------------------------------------

Timestamp: 2025-01-21_11-36-56
Reference: No PR/branch information found
File: not continuum ubuntu-latest/4_Setup LFS.txt
--------------------------------------------------

Timestamp: 2025-01-21_11-36-56
Reference: No PR/branch information found
File: continuum ubuntu-latest/4_Setup LFS.txt
--------------------------------------------------

Timestamp: 2025-01-21_14-04-44
Reference: PR #2872
File: 2_not continuum ubuntu-latest.txt
--------------------------------------------------

Timestamp: 2025-01-21_14-04-44
Reference: PR #2872
File: 1_ continuum macos-latest.txt
--------------------------------------------------

Timestamp: 2025-01-21_14-04-44
Reference: PR #2872
File: 0_not continuum macos-latest.txt
--------------------------------------------------

Timestamp: 2025-01-21_14-04-44
Reference: PR #2872
File: 3_ continuum ubuntu-latest.txt
--------------------------------------------------

Timestamp: 2025-01-21_14-04-44
Reference: No PR/branch information found
File: not continuum macos-latest/4_Setup LFS.txt
--------------------------------------------------

Timestamp: 2025-01-21_14-04-44
Reference: No PR/branch information found
File: not continuum ubuntu-latest/4_Setup LFS.txt
--------------------------------------------------

Timestamp: 2025-01-21_14-04-44
Reference: No PR/branch information found
File: continuum macos-latest/4_Setup LFS.txt
--------------------------------------------------

Timestamp: 2025-01-21_14-04-44
Reference: No PR/branch information found
File: continuum ubuntu-latest/4_Setup LFS.txt
--------------------------------------------------

Timestamp: 2025-01-21_14-12-29
Reference: PR #2872
File: 2_not continuum ubuntu-latest.txt
--------------------------------------------------

Timestamp: 2025-01-21_14-12-29
Reference: PR #2872
File: 1_ continuum macos-latest.txt
--------------------------------------------------

Timestamp: 2025-01-21_14-12-29
Reference: PR #2872
File: 0_not continuum macos-latest.txt
--------------------------------------------------

Timestamp: 2025-01-21_14-12-29
Reference: PR #2872
File: 3_ continuum ubuntu-latest.txt
--------------------------------------------------

Timestamp: 2025-01-21_14-12-29
Reference: No PR/branch information found
File: not continuum macos-latest/4_Setup LFS.txt
--------------------------------------------------

Timestamp: 2025-01-21_14-12-29
Reference: No PR/branch information found
File: not continuum ubuntu-latest/4_Setup LFS.txt
--------------------------------------------------

Timestamp: 2025-01-21_14-12-29
Reference: No PR/branch information found
File: continuum macos-latest/4_Setup LFS.txt
--------------------------------------------------

Timestamp: 2025-01-21_14-12-29
Reference: No PR/branch information found
File: continuum ubuntu-latest/4_Setup LFS.txt
--------------------------------------------------

Timestamp: 2025-01-21_14-36-15
Reference: PR #2872
File: 2_not continuum ubuntu-latest.txt
--------------------------------------------------

Timestamp: 2025-01-21_14-36-15
Reference: PR #2872
File: 1_ continuum macos-latest.txt
--------------------------------------------------

Timestamp: 2025-01-21_14-36-15
Reference: PR #2872
File: 0_not continuum macos-latest.txt
--------------------------------------------------

Timestamp: 2025-01-21_14-36-15
Reference: PR #2872
File: 3_ continuum ubuntu-latest.txt
--------------------------------------------------

Timestamp: 2025-01-21_14-36-15
Reference: No PR/branch information found
File: not continuum macos-latest/4_Setup LFS.txt
--------------------------------------------------

Timestamp: 2025-01-21_14-36-15
Reference: No PR/branch information found
File: not continuum ubuntu-latest/4_Setup LFS.txt
--------------------------------------------------

Timestamp: 2025-01-21_14-36-15
Reference: No PR/branch information found
File: continuum macos-latest/4_Setup LFS.txt
--------------------------------------------------

Timestamp: 2025-01-21_14-36-15
Reference: No PR/branch information found
File: continuum ubuntu-latest/4_Setup LFS.txt
--------------------------------------------------

Timestamp: 2025-01-21_16-55-30
Reference: PR #2921
File: 2_not continuum ubuntu-latest.txt
--------------------------------------------------

Timestamp: 2025-01-21_16-55-30
Reference: PR #2921
File: 1_ continuum macos-latest.txt
--------------------------------------------------

Timestamp: 2025-01-21_16-55-30
Reference: PR #2921
File: 0_not continuum macos-latest.txt
--------------------------------------------------

Timestamp: 2025-01-21_16-55-30
Reference: PR #2921
File: 3_ continuum ubuntu-latest.txt
--------------------------------------------------

Timestamp: 2025-01-21_16-55-30
Reference: No PR/branch information found
File: not continuum macos-latest/3_Setup LFS.txt
--------------------------------------------------

Timestamp: 2025-01-21_16-55-30
Reference: No PR/branch information found
File: not continuum ubuntu-latest/3_Setup LFS.txt
--------------------------------------------------

Timestamp: 2025-01-21_16-55-30
Reference: No PR/branch information found
File: continuum macos-latest/3_Setup LFS.txt
--------------------------------------------------

Timestamp: 2025-01-21_16-55-30
Reference: No PR/branch information found
File: continuum ubuntu-latest/3_Setup LFS.txt
--------------------------------------------------

Timestamp: 2025-01-23_04-48-18
Reference: PR #2926
File: 2_not continuum ubuntu-latest.txt
--------------------------------------------------

Timestamp: 2025-01-23_04-48-18
Reference: PR #2926
File: 1_ continuum macos-latest.txt
--------------------------------------------------

Timestamp: 2025-01-23_04-48-18
Reference: PR #2926
File: 0_not continuum macos-latest.txt
--------------------------------------------------

Timestamp: 2025-01-23_04-48-18
Reference: PR #2926
File: 3_ continuum ubuntu-latest.txt
--------------------------------------------------

Timestamp: 2025-01-23_04-48-18
Reference: No PR/branch information found
File: not continuum macos-latest/3_Setup LFS.txt
--------------------------------------------------

Timestamp: 2025-01-23_04-48-18
Reference: No PR/branch information found
File: not continuum ubuntu-latest/3_Setup LFS.txt
--------------------------------------------------

Timestamp: 2025-01-23_04-48-18
Reference: No PR/branch information found
File: continuum macos-latest/3_Setup LFS.txt
--------------------------------------------------

Timestamp: 2025-01-23_04-48-18
Reference: No PR/branch information found
File: continuum ubuntu-latest/3_Setup LFS.txt
--------------------------------------------------

Timestamp: 2025-01-23_14-51-29
Reference: PR #2954
File: 2_not continuum ubuntu-latest.txt
--------------------------------------------------

Timestamp: 2025-01-23_14-51-29
Reference: PR #2954
File: 1_ continuum macos-latest.txt
--------------------------------------------------

Timestamp: 2025-01-23_14-51-29
Reference: PR #2954
File: 0_not continuum macos-latest.txt
--------------------------------------------------

Timestamp: 2025-01-23_14-51-29
Reference: PR #2954
File: 3_ continuum ubuntu-latest.txt
--------------------------------------------------

Timestamp: 2025-01-23_14-51-29
Reference: No PR/branch information found
File: not continuum macos-latest/3_Setup LFS.txt
--------------------------------------------------

Timestamp: 2025-01-23_14-51-29
Reference: No PR/branch information found
File: not continuum ubuntu-latest/3_Setup LFS.txt
--------------------------------------------------

Timestamp: 2025-01-23_14-51-29
Reference: No PR/branch information found
File: continuum macos-latest/3_Setup LFS.txt
--------------------------------------------------

Timestamp: 2025-01-23_14-51-29
Reference: No PR/branch information found
File: continuum ubuntu-latest/3_Setup LFS.txt
--------------------------------------------------

Timestamp: 2025-01-24_14-00-51
Reference: PR #2954
File: 2_not continuum ubuntu-latest.txt
--------------------------------------------------

Timestamp: 2025-01-24_14-00-51
Reference: PR #2954
File: 1_ continuum macos-latest.txt
--------------------------------------------------

Timestamp: 2025-01-24_14-00-51
Reference: PR #2954
File: 0_not continuum macos-latest.txt
--------------------------------------------------

Timestamp: 2025-01-24_14-00-51
Reference: PR #2954
File: 3_ continuum ubuntu-latest.txt
--------------------------------------------------

Timestamp: 2025-01-24_14-00-51
Reference: No PR/branch information found
File: not continuum macos-latest/3_Setup LFS.txt
--------------------------------------------------

Timestamp: 2025-01-24_14-00-51
Reference: No PR/branch information found
File: not continuum ubuntu-latest/3_Setup LFS.txt
--------------------------------------------------

Timestamp: 2025-01-24_14-00-51
Reference: No PR/branch information found
File: continuum macos-latest/3_Setup LFS.txt
--------------------------------------------------

Timestamp: 2025-01-24_14-00-51
Reference: No PR/branch information found
File: continuum ubuntu-latest/3_Setup LFS.txt
--------------------------------------------------

Timestamp: 2025-01-24_14-32-46
Reference: PR #2954
File: 2_not continuum ubuntu-latest.txt
--------------------------------------------------

Timestamp: 2025-01-24_14-32-46
Reference: PR #2954
File: 1_ continuum macos-latest.txt
--------------------------------------------------

Timestamp: 2025-01-24_14-32-46
Reference: PR #2954
File: 0_not continuum macos-latest.txt
--------------------------------------------------

Timestamp: 2025-01-24_14-32-46
Reference: PR #2954
File: 3_ continuum ubuntu-latest.txt
--------------------------------------------------

Timestamp: 2025-01-24_14-32-46
Reference: No PR/branch information found
File: not continuum macos-latest/3_Setup LFS.txt
--------------------------------------------------

Timestamp: 2025-01-24_14-32-46
Reference: No PR/branch information found
File: not continuum ubuntu-latest/3_Setup LFS.txt
--------------------------------------------------

Timestamp: 2025-01-24_14-32-46
Reference: No PR/branch information found
File: continuum macos-latest/3_Setup LFS.txt
--------------------------------------------------

Timestamp: 2025-01-24_14-32-46
Reference: No PR/branch information found
File: continuum ubuntu-latest/3_Setup LFS.txt
--------------------------------------------------

Timestamp: 2025-01-27_08-23-39
Reference: PR #2954
File: 2_not continuum ubuntu-latest.txt
--------------------------------------------------

Timestamp: 2025-01-27_08-23-39
Reference: PR #2954
File: 1_ continuum macos-latest.txt
--------------------------------------------------

Timestamp: 2025-01-27_08-23-39
Reference: PR #2954
File: 0_not continuum macos-latest.txt
--------------------------------------------------

Timestamp: 2025-01-27_08-23-39
Reference: PR #2954
File: 3_ continuum ubuntu-latest.txt
--------------------------------------------------

Timestamp: 2025-01-27_08-23-39
Reference: No PR/branch information found
File: not continuum macos-latest/3_Setup LFS.txt
--------------------------------------------------

Timestamp: 2025-01-27_08-23-39
Reference: No PR/branch information found
File: not continuum ubuntu-latest/3_Setup LFS.txt
--------------------------------------------------

Timestamp: 2025-01-27_08-23-39
Reference: No PR/branch information found
File: continuum macos-latest/3_Setup LFS.txt
--------------------------------------------------

Timestamp: 2025-01-27_08-23-39
Reference: No PR/branch information found
File: continuum ubuntu-latest/3_Setup LFS.txt
--------------------------------------------------

Timestamp: 2025-01-27_10-20-26
Reference: No PR/branch information found
File: 0_test_cache  lfs-cache.txt
--------------------------------------------------

Timestamp: 2025-01-27_10-20-26
Reference: No PR/branch information found
File: test_cache  lfs-cache/4_Test cache availability.txt
--------------------------------------------------

Timestamp: 2025-01-27_10-26-42
Reference: No PR/branch information found
File: 0_test_cache  lfs-cache.txt
--------------------------------------------------

Timestamp: 2025-01-27_10-26-42
Reference: No PR/branch information found
File: test_cache  lfs-cache/5_Test cache availability.txt
--------------------------------------------------

Timestamp: 2025-01-27_10-39-52
Reference: No PR/branch information found
File: 0_test_cache  lfs-cache.txt
--------------------------------------------------

Timestamp: 2025-01-27_10-39-52
Reference: No PR/branch information found
File: test_cache  lfs-cache/5_Test cache availability.txt
--------------------------------------------------

Timestamp: 2025-01-27_10-56-07
Reference: No PR/branch information found
File: 0_test_cache  lfs-cache.txt
--------------------------------------------------

Timestamp: 2025-01-27_10-56-07
Reference: No PR/branch information found
File: test_cache  lfs-cache/5_Test cache availability.txt
--------------------------------------------------

Timestamp: 2025-01-27_11-02-41
Reference: No PR/branch information found
File: 0_test_cache  lfs-cache.txt
--------------------------------------------------

Timestamp: 2025-01-27_11-02-41
Reference: No PR/branch information found
File: test_cache  lfs-cache/5_Test cache availability.txt
--------------------------------------------------

Timestamp: 2025-01-27_11-04-33
Reference: No PR/branch information found
File: 0_test_cache  lfs-cache.txt
--------------------------------------------------

Timestamp: 2025-01-27_11-04-33
Reference: No PR/branch information found
File: test_cache  lfs-cache/5_Test cache availability.txt
--------------------------------------------------

Timestamp: 2025-01-27_11-06-33
Reference: No PR/branch information found
File: 0_test_cache  lfs-cache.txt
--------------------------------------------------

Timestamp: 2025-01-27_11-06-33
Reference: No PR/branch information found
File: test_cache  lfs-cache/5_Test cache availability.txt
--------------------------------------------------

Timestamp: 2025-01-27_11-22-01
Reference: No PR/branch information found
File: 0_test_cache  lfs-cache.txt
--------------------------------------------------

Timestamp: 2025-01-27_11-22-01
Reference: No PR/branch information found
File: test_cache  lfs-cache/5_Test cache availability.txt
--------------------------------------------------

Timestamp: 2025-01-27_11-25-52
Reference: No PR/branch information found
File: 0_test_cache  lfs-cache.txt
--------------------------------------------------

Timestamp: 2025-01-27_11-25-52
Reference: No PR/branch information found
File: test_cache  lfs-cache/5_Test cache availability.txt
--------------------------------------------------

Timestamp: 2025-01-27_11-27-06
Reference: No PR/branch information found
File: 0_test_cache  lfs-cache.txt
--------------------------------------------------

Timestamp: 2025-01-27_11-27-06
Reference: No PR/branch information found
File: test_cache  lfs-cache/5_Test cache availability.txt
--------------------------------------------------

Timestamp: 2025-01-27_15-49-39
Reference: No PR/branch information found
File: 0_test-cache  lfs-cache.txt
--------------------------------------------------

Timestamp: 2025-01-27_15-49-39
Reference: No PR/branch information found
File: test-cache  lfs-cache/4_Test cache availability.txt
--------------------------------------------------

Timestamp: 2025-02-10_15-33-26
Reference: No PR/branch information found
File: 0_test-cache  lfs-cache.txt
--------------------------------------------------

Timestamp: 2025-02-10_15-33-26
Reference: No PR/branch information found
File: test-cache  lfs-cache/4_Test cache availability.txt
--------------------------------------------------

Timestamp: 2025-02-18_13-46-19
Reference: No PR/branch information found
File: 0_test-cache  lfs-cache.txt
--------------------------------------------------

Timestamp: 2025-02-18_13-46-19
Reference: No PR/branch information found
File: test-cache  lfs-cache/4_Test cache availability.txt
--------------------------------------------------

Timestamp: 2025-02-18_14-39-27
Reference: No PR/branch information found
File: 0_test-cache  lfs-cache.txt
--------------------------------------------------

Timestamp: 2025-02-18_14-39-27
Reference: No PR/branch information found
File: test-cache  lfs-cache/4_Test cache availability.txt
--------------------------------------------------

