Enriched Cache Miss Analysis Report
============================================================

Pull Request: #2945
Title: from simulation test for rpacket plot
Author: karthik11135
State: open
Created: 2025-01-12T13:17:45Z
Number of cache misses: 4

Cache Miss Occurrences:
  - 2025-01-12_13-17-49 in 2_not continuum ubuntu-latest.txt
  - 2025-01-12_13-17-49 in 1_ continuum macos-latest.txt
  - 2025-01-12_13-17-49 in 0_not continuum macos-latest.txt
  - 2025-01-12_13-17-49 in 3_ continuum ubuntu-latest.txt
------------------------------------------------------------

Reference: No PR/branch information found
Number of cache misses: 138

Cache Miss Occurrences:
  - 2025-01-12_13-17-49 in not continuum macos-latest/3_Setup LFS.txt
  - 2025-01-12_13-17-49 in not continuum ubuntu-latest/3_Setup LFS.txt
  - 2025-01-12_13-17-49 in continuum macos-latest/3_Setup LFS.txt
  - 2025-01-12_13-17-49 in continuum ubuntu-latest/3_Setup LFS.txt
  - 2025-01-13_17-26-00 in not continuum macos-latest/3_Setup LFS.txt
  - 2025-01-13_17-26-00 in not continuum ubuntu-latest/3_Setup LFS.txt
  - 2025-01-13_17-26-00 in continuum macos-latest/3_Setup LFS.txt
  - 2025-01-13_17-26-00 in continuum ubuntu-latest/3_Setup LFS.txt
  - 2025-01-15_13-58-06 in not continuum macos-latest/3_Setup LFS.txt
  - 2025-01-15_13-58-06 in not continuum ubuntu-latest/3_Setup LFS.txt
  - 2025-01-15_13-58-06 in continuum macos-latest/3_Setup LFS.txt
  - 2025-01-15_13-58-06 in continuum ubuntu-latest/3_Setup LFS.txt
  - 2025-01-17_11-16-36 in not continuum macos-latest/3_Setup LFS.txt
  - 2025-01-17_11-16-36 in not continuum ubuntu-latest/3_Setup LFS.txt
  - 2025-01-17_11-16-36 in continuum macos-latest/3_Setup LFS.txt
  - 2025-01-17_11-16-36 in continuum ubuntu-latest/3_Setup LFS.txt
  - 2025-01-17_11-17-34 in not continuum macos-latest/3_Setup LFS.txt
  - 2025-01-17_11-17-34 in not continuum ubuntu-latest/3_Setup LFS.txt
  - 2025-01-17_11-17-34 in continuum macos-latest/3_Setup LFS.txt
  - 2025-01-17_11-17-34 in continuum ubuntu-latest/3_Setup LFS.txt
  - 2025-01-17_13-15-25 in not continuum macos-latest/3_Setup LFS.txt
  - 2025-01-17_13-15-25 in not continuum ubuntu-latest/3_Setup LFS.txt
  - 2025-01-17_13-15-25 in continuum macos-latest/3_Setup LFS.txt
  - 2025-01-17_13-15-25 in continuum ubuntu-latest/3_Setup LFS.txt
  - 2025-01-17_13-16-19 in not continuum macos-latest/3_Setup LFS.txt
  - 2025-01-17_13-16-19 in not continuum ubuntu-latest/3_Setup LFS.txt
  - 2025-01-17_13-16-19 in continuum macos-latest/3_Setup LFS.txt
  - 2025-01-17_13-16-19 in continuum ubuntu-latest/3_Setup LFS.txt
  - 2025-01-17_13-28-28 in not continuum macos-latest/3_Setup LFS.txt
  - 2025-01-17_13-28-28 in not continuum ubuntu-latest/3_Setup LFS.txt
  - 2025-01-17_13-28-28 in continuum macos-latest/3_Setup LFS.txt
  - 2025-01-17_13-28-28 in continuum ubuntu-latest/3_Setup LFS.txt
  - 2025-01-20_13-41-20 in not continuum macos-latest/3_Setup LFS.txt
  - 2025-01-20_13-41-20 in not continuum ubuntu-latest/3_Setup LFS.txt
  - 2025-01-20_13-41-20 in continuum macos-latest/3_Setup LFS.txt
  - 2025-01-20_13-41-20 in continuum ubuntu-latest/3_Setup LFS.txt
  - 2025-01-20_13-50-28 in not continuum macos-latest/3_Setup LFS.txt
  - 2025-01-20_13-50-28 in not continuum ubuntu-latest/3_Setup LFS.txt
  - 2025-01-20_13-50-28 in continuum macos-latest/3_Setup LFS.txt
  - 2025-01-20_13-50-28 in continuum ubuntu-latest/3_Setup LFS.txt
  - 2025-01-20_14-06-51 in not continuum macos-latest/3_Setup LFS.txt
  - 2025-01-20_14-06-51 in not continuum ubuntu-latest/3_Setup LFS.txt
  - 2025-01-20_14-06-51 in continuum macos-latest/3_Setup LFS.txt
  - 2025-01-20_14-06-51 in continuum ubuntu-latest/3_Setup LFS.txt
  - 2025-01-20_14-40-18 in not continuum macos-latest/3_Setup LFS.txt
  - 2025-01-20_14-40-18 in not continuum ubuntu-latest/3_Setup LFS.txt
  - 2025-01-20_14-40-18 in continuum macos-latest/3_Setup LFS.txt
  - 2025-01-20_14-40-18 in continuum ubuntu-latest/3_Setup LFS.txt
  - 2025-01-20_14-52-42 in not continuum macos-latest/3_Setup LFS.txt
  - 2025-01-20_14-52-42 in not continuum ubuntu-latest/3_Setup LFS.txt
  - 2025-01-20_14-52-42 in continuum macos-latest/3_Setup LFS.txt
  - 2025-01-20_14-52-42 in continuum ubuntu-latest/3_Setup LFS.txt
  - 2025-01-21_10-10-42 in not continuum macos-latest/3_Setup LFS.txt
  - 2025-01-21_10-10-42 in not continuum ubuntu-latest/3_Setup LFS.txt
  - 2025-01-21_10-10-42 in continuum macos-latest/3_Setup LFS.txt
  - 2025-01-21_10-10-42 in continuum ubuntu-latest/3_Setup LFS.txt
  - 2025-01-21_10-33-56 in not continuum macos-latest/3_Setup LFS.txt
  - 2025-01-21_10-33-56 in not continuum ubuntu-latest/3_Setup LFS.txt
  - 2025-01-21_10-33-56 in continuum macos-latest/3_Setup LFS.txt
  - 2025-01-21_10-33-56 in continuum ubuntu-latest/3_Setup LFS.txt
  - 2025-01-21_10-51-03 in not continuum macos-latest/3_Setup LFS.txt
  - 2025-01-21_10-51-03 in not continuum ubuntu-latest/3_Setup LFS.txt
  - 2025-01-21_10-51-03 in continuum macos-latest/3_Setup LFS.txt
  - 2025-01-21_10-51-03 in continuum ubuntu-latest/3_Setup LFS.txt
  - 2025-01-21_10-51-55 in not continuum macos-latest/3_Setup LFS.txt
  - 2025-01-21_10-51-55 in not continuum ubuntu-latest/3_Setup LFS.txt
  - 2025-01-21_10-51-55 in continuum macos-latest/3_Setup LFS.txt
  - 2025-01-21_10-51-55 in continuum ubuntu-latest/3_Setup LFS.txt
  - 2025-01-21_10-57-51 in not continuum macos-latest/4_Setup LFS.txt
  - 2025-01-21_10-57-51 in not continuum ubuntu-latest/4_Setup LFS.txt
  - 2025-01-21_10-57-51 in continuum macos-latest/4_Setup LFS.txt
  - 2025-01-21_10-57-51 in continuum ubuntu-latest/4_Setup LFS.txt
  - 2025-01-21_11-36-56 in not continuum ubuntu-latest/4_Setup LFS.txt
  - 2025-01-21_11-36-56 in continuum ubuntu-latest/4_Setup LFS.txt
  - 2025-01-21_14-04-44 in not continuum macos-latest/4_Setup LFS.txt
  - 2025-01-21_14-04-44 in not continuum ubuntu-latest/4_Setup LFS.txt
  - 2025-01-21_14-04-44 in continuum macos-latest/4_Setup LFS.txt
  - 2025-01-21_14-04-44 in continuum ubuntu-latest/4_Setup LFS.txt
  - 2025-01-21_14-12-29 in not continuum macos-latest/4_Setup LFS.txt
  - 2025-01-21_14-12-29 in not continuum ubuntu-latest/4_Setup LFS.txt
  - 2025-01-21_14-12-29 in continuum macos-latest/4_Setup LFS.txt
  - 2025-01-21_14-12-29 in continuum ubuntu-latest/4_Setup LFS.txt
  - 2025-01-21_14-36-15 in not continuum macos-latest/4_Setup LFS.txt
  - 2025-01-21_14-36-15 in not continuum ubuntu-latest/4_Setup LFS.txt
  - 2025-01-21_14-36-15 in continuum macos-latest/4_Setup LFS.txt
  - 2025-01-21_14-36-15 in continuum ubuntu-latest/4_Setup LFS.txt
  - 2025-01-21_16-55-30 in not continuum macos-latest/3_Setup LFS.txt
  - 2025-01-21_16-55-30 in not continuum ubuntu-latest/3_Setup LFS.txt
  - 2025-01-21_16-55-30 in continuum macos-latest/3_Setup LFS.txt
  - 2025-01-21_16-55-30 in continuum ubuntu-latest/3_Setup LFS.txt
  - 2025-01-23_04-48-18 in not continuum macos-latest/3_Setup LFS.txt
  - 2025-01-23_04-48-18 in not continuum ubuntu-latest/3_Setup LFS.txt
  - 2025-01-23_04-48-18 in continuum macos-latest/3_Setup LFS.txt
  - 2025-01-23_04-48-18 in continuum ubuntu-latest/3_Setup LFS.txt
  - 2025-01-23_14-51-29 in not continuum macos-latest/3_Setup LFS.txt
  - 2025-01-23_14-51-29 in not continuum ubuntu-latest/3_Setup LFS.txt
  - 2025-01-23_14-51-29 in continuum macos-latest/3_Setup LFS.txt
  - 2025-01-23_14-51-29 in continuum ubuntu-latest/3_Setup LFS.txt
  - 2025-01-24_14-00-51 in not continuum macos-latest/3_Setup LFS.txt
  - 2025-01-24_14-00-51 in not continuum ubuntu-latest/3_Setup LFS.txt
  - 2025-01-24_14-00-51 in continuum macos-latest/3_Setup LFS.txt
  - 2025-01-24_14-00-51 in continuum ubuntu-latest/3_Setup LFS.txt
  - 2025-01-24_14-32-46 in not continuum macos-latest/3_Setup LFS.txt
  - 2025-01-24_14-32-46 in not continuum ubuntu-latest/3_Setup LFS.txt
  - 2025-01-24_14-32-46 in continuum macos-latest/3_Setup LFS.txt
  - 2025-01-24_14-32-46 in continuum ubuntu-latest/3_Setup LFS.txt
  - 2025-01-27_08-23-39 in not continuum macos-latest/3_Setup LFS.txt
  - 2025-01-27_08-23-39 in not continuum ubuntu-latest/3_Setup LFS.txt
  - 2025-01-27_08-23-39 in continuum macos-latest/3_Setup LFS.txt
  - 2025-01-27_08-23-39 in continuum ubuntu-latest/3_Setup LFS.txt
  - 2025-01-27_10-20-26 in 0_test_cache  lfs-cache.txt
  - 2025-01-27_10-20-26 in test_cache  lfs-cache/4_Test cache availability.txt
  - 2025-01-27_10-26-42 in 0_test_cache  lfs-cache.txt
  - 2025-01-27_10-26-42 in test_cache  lfs-cache/5_Test cache availability.txt
  - 2025-01-27_10-39-52 in 0_test_cache  lfs-cache.txt
  - 2025-01-27_10-39-52 in test_cache  lfs-cache/5_Test cache availability.txt
  - 2025-01-27_10-56-07 in 0_test_cache  lfs-cache.txt
  - 2025-01-27_10-56-07 in test_cache  lfs-cache/5_Test cache availability.txt
  - 2025-01-27_11-02-41 in 0_test_cache  lfs-cache.txt
  - 2025-01-27_11-02-41 in test_cache  lfs-cache/5_Test cache availability.txt
  - 2025-01-27_11-04-33 in 0_test_cache  lfs-cache.txt
  - 2025-01-27_11-04-33 in test_cache  lfs-cache/5_Test cache availability.txt
  - 2025-01-27_11-06-33 in 0_test_cache  lfs-cache.txt
  - 2025-01-27_11-06-33 in test_cache  lfs-cache/5_Test cache availability.txt
  - 2025-01-27_11-22-01 in 0_test_cache  lfs-cache.txt
  - 2025-01-27_11-22-01 in test_cache  lfs-cache/5_Test cache availability.txt
  - 2025-01-27_11-25-52 in 0_test_cache  lfs-cache.txt
  - 2025-01-27_11-25-52 in test_cache  lfs-cache/5_Test cache availability.txt
  - 2025-01-27_11-27-06 in 0_test_cache  lfs-cache.txt
  - 2025-01-27_11-27-06 in test_cache  lfs-cache/5_Test cache availability.txt
  - 2025-01-27_15-49-39 in 0_test-cache  lfs-cache.txt
  - 2025-01-27_15-49-39 in test-cache  lfs-cache/4_Test cache availability.txt
  - 2025-02-10_15-33-26 in 0_test-cache  lfs-cache.txt
  - 2025-02-10_15-33-26 in test-cache  lfs-cache/4_Test cache availability.txt
  - 2025-02-18_13-46-19 in 0_test-cache  lfs-cache.txt
  - 2025-02-18_13-46-19 in test-cache  lfs-cache/4_Test cache availability.txt
  - 2025-02-18_14-39-27 in 0_test-cache  lfs-cache.txt
  - 2025-02-18_14-39-27 in test-cache  lfs-cache/4_Test cache availability.txt
------------------------------------------------------------

Pull Request: #2944
Title: tests for composition
Author: karthik11135
State: open
Created: 2025-01-12T13:06:17Z
Number of cache misses: 4

Cache Miss Occurrences:
  - 2025-01-13_17-26-00 in 2_not continuum ubuntu-latest.txt
  - 2025-01-13_17-26-00 in 1_ continuum macos-latest.txt
  - 2025-01-13_17-26-00 in 0_not continuum macos-latest.txt
  - 2025-01-13_17-26-00 in 3_ continuum ubuntu-latest.txt
------------------------------------------------------------

Pull Request: #2935
Title: Numpy v2 Upgrade PR 2
Author: atharva-2001
State: closed
Created: 2025-01-10T13:09:59Z
Number of cache misses: 8

Cache Miss Occurrences:
  - 2025-01-15_13-58-06 in 2_not continuum ubuntu-latest.txt
  - 2025-01-15_13-58-06 in 1_ continuum macos-latest.txt
  - 2025-01-15_13-58-06 in 0_not continuum macos-latest.txt
  - 2025-01-15_13-58-06 in 3_ continuum ubuntu-latest.txt
  - 2025-01-17_11-16-36 in 2_not continuum ubuntu-latest.txt
  - 2025-01-17_11-16-36 in 1_ continuum macos-latest.txt
  - 2025-01-17_11-16-36 in 0_not continuum macos-latest.txt
  - 2025-01-17_11-16-36 in 3_ continuum ubuntu-latest.txt
------------------------------------------------------------

Pull Request: #2934
Title: Numpy v2 upgrade PR 1
Author: atharva-2001
State: closed
Created: 2025-01-10T11:36:53Z
Number of cache misses: 4

Cache Miss Occurrences:
  - 2025-01-17_11-17-34 in 2_not continuum ubuntu-latest.txt
  - 2025-01-17_11-17-34 in 1_ continuum macos-latest.txt
  - 2025-01-17_11-17-34 in 0_not continuum macos-latest.txt
  - 2025-01-17_11-17-34 in 3_ continuum ubuntu-latest.txt
------------------------------------------------------------

Pull Request: #2872
Title: Logger Widget Panel
Author: atharva-2001
State: open
Created: 2024-11-11T09:07:27Z
Number of cache misses: 66

Cache Miss Occurrences:
  - 2025-01-17_13-15-25 in 2_not continuum ubuntu-latest.txt
  - 2025-01-17_13-15-25 in 1_ continuum macos-latest.txt
  - 2025-01-17_13-15-25 in 0_not continuum macos-latest.txt
  - 2025-01-17_13-15-25 in 3_ continuum ubuntu-latest.txt
  - 2025-01-17_13-16-19 in 2_not continuum ubuntu-latest.txt
  - 2025-01-17_13-16-19 in 1_ continuum macos-latest.txt
  - 2025-01-17_13-16-19 in 0_not continuum macos-latest.txt
  - 2025-01-17_13-16-19 in 3_ continuum ubuntu-latest.txt
  - 2025-01-17_13-28-28 in 2_not continuum ubuntu-latest.txt
  - 2025-01-17_13-28-28 in 1_ continuum macos-latest.txt
  - 2025-01-17_13-28-28 in 0_not continuum macos-latest.txt
  - 2025-01-17_13-28-28 in 3_ continuum ubuntu-latest.txt
  - 2025-01-20_13-41-20 in 2_not continuum ubuntu-latest.txt
  - 2025-01-20_13-41-20 in 1_ continuum macos-latest.txt
  - 2025-01-20_13-41-20 in 0_not continuum macos-latest.txt
  - 2025-01-20_13-41-20 in 3_ continuum ubuntu-latest.txt
  - 2025-01-20_13-50-28 in 2_not continuum ubuntu-latest.txt
  - 2025-01-20_13-50-28 in 1_ continuum macos-latest.txt
  - 2025-01-20_13-50-28 in 0_not continuum macos-latest.txt
  - 2025-01-20_13-50-28 in 3_ continuum ubuntu-latest.txt
  - 2025-01-20_14-06-51 in 2_not continuum ubuntu-latest.txt
  - 2025-01-20_14-06-51 in 1_ continuum macos-latest.txt
  - 2025-01-20_14-06-51 in 0_not continuum macos-latest.txt
  - 2025-01-20_14-06-51 in 3_ continuum ubuntu-latest.txt
  - 2025-01-20_14-40-18 in 2_not continuum ubuntu-latest.txt
  - 2025-01-20_14-40-18 in 1_ continuum macos-latest.txt
  - 2025-01-20_14-40-18 in 0_not continuum macos-latest.txt
  - 2025-01-20_14-40-18 in 3_ continuum ubuntu-latest.txt
  - 2025-01-20_14-52-42 in 2_not continuum ubuntu-latest.txt
  - 2025-01-20_14-52-42 in 1_ continuum macos-latest.txt
  - 2025-01-20_14-52-42 in 0_not continuum macos-latest.txt
  - 2025-01-20_14-52-42 in 3_ continuum ubuntu-latest.txt
  - 2025-01-21_10-10-42 in 2_not continuum ubuntu-latest.txt
  - 2025-01-21_10-10-42 in 1_ continuum macos-latest.txt
  - 2025-01-21_10-10-42 in 0_not continuum macos-latest.txt
  - 2025-01-21_10-10-42 in 3_ continuum ubuntu-latest.txt
  - 2025-01-21_10-33-56 in 2_not continuum ubuntu-latest.txt
  - 2025-01-21_10-33-56 in 1_ continuum macos-latest.txt
  - 2025-01-21_10-33-56 in 0_not continuum macos-latest.txt
  - 2025-01-21_10-33-56 in 3_ continuum ubuntu-latest.txt
  - 2025-01-21_10-51-03 in 2_not continuum ubuntu-latest.txt
  - 2025-01-21_10-51-03 in 1_ continuum macos-latest.txt
  - 2025-01-21_10-51-03 in 0_not continuum macos-latest.txt
  - 2025-01-21_10-51-03 in 3_ continuum ubuntu-latest.txt
  - 2025-01-21_10-51-55 in 2_not continuum ubuntu-latest.txt
  - 2025-01-21_10-51-55 in 1_ continuum macos-latest.txt
  - 2025-01-21_10-51-55 in 0_not continuum macos-latest.txt
  - 2025-01-21_10-51-55 in 3_ continuum ubuntu-latest.txt
  - 2025-01-21_10-57-51 in 2_not continuum ubuntu-latest.txt
  - 2025-01-21_10-57-51 in 1_ continuum macos-latest.txt
  - 2025-01-21_10-57-51 in 0_not continuum macos-latest.txt
  - 2025-01-21_10-57-51 in 3_ continuum ubuntu-latest.txt
  - 2025-01-21_11-36-56 in 2_not continuum ubuntu-latest.txt
  - 2025-01-21_11-36-56 in 3_ continuum ubuntu-latest.txt
  - 2025-01-21_14-04-44 in 2_not continuum ubuntu-latest.txt
  - 2025-01-21_14-04-44 in 1_ continuum macos-latest.txt
  - 2025-01-21_14-04-44 in 0_not continuum macos-latest.txt
  - 2025-01-21_14-04-44 in 3_ continuum ubuntu-latest.txt
  - 2025-01-21_14-12-29 in 2_not continuum ubuntu-latest.txt
  - 2025-01-21_14-12-29 in 1_ continuum macos-latest.txt
  - 2025-01-21_14-12-29 in 0_not continuum macos-latest.txt
  - 2025-01-21_14-12-29 in 3_ continuum ubuntu-latest.txt
  - 2025-01-21_14-36-15 in 2_not continuum ubuntu-latest.txt
  - 2025-01-21_14-36-15 in 1_ continuum macos-latest.txt
  - 2025-01-21_14-36-15 in 0_not continuum macos-latest.txt
  - 2025-01-21_14-36-15 in 3_ continuum ubuntu-latest.txt
------------------------------------------------------------

Pull Request: #2921
Title: config: remove configwritermixin class
Author: karthik11135
State: open
Created: 2025-01-03T12:23:06Z
Number of cache misses: 4

Cache Miss Occurrences:
  - 2025-01-21_16-55-30 in 2_not continuum ubuntu-latest.txt
  - 2025-01-21_16-55-30 in 1_ continuum macos-latest.txt
  - 2025-01-21_16-55-30 in 0_not continuum macos-latest.txt
  - 2025-01-21_16-55-30 in 3_ continuum ubuntu-latest.txt
------------------------------------------------------------

Pull Request: #2926
Title: tests: config validator is now tested properly
Author: karthik11135
State: open
Created: 2025-01-06T18:51:44Z
Number of cache misses: 4

Cache Miss Occurrences:
  - 2025-01-23_04-48-18 in 2_not continuum ubuntu-latest.txt
  - 2025-01-23_04-48-18 in 1_ continuum macos-latest.txt
  - 2025-01-23_04-48-18 in 0_not continuum macos-latest.txt
  - 2025-01-23_04-48-18 in 3_ continuum ubuntu-latest.txt
------------------------------------------------------------

Pull Request: #2954
Title: LFS Fixes
Author: atharva-2001
State: closed
Created: 2025-01-23T14:51:24Z
Number of cache misses: 16

Cache Miss Occurrences:
  - 2025-01-23_14-51-29 in 2_not continuum ubuntu-latest.txt
  - 2025-01-23_14-51-29 in 1_ continuum macos-latest.txt
  - 2025-01-23_14-51-29 in 0_not continuum macos-latest.txt
  - 2025-01-23_14-51-29 in 3_ continuum ubuntu-latest.txt
  - 2025-01-24_14-00-51 in 2_not continuum ubuntu-latest.txt
  - 2025-01-24_14-00-51 in 1_ continuum macos-latest.txt
  - 2025-01-24_14-00-51 in 0_not continuum macos-latest.txt
  - 2025-01-24_14-00-51 in 3_ continuum ubuntu-latest.txt
  - 2025-01-24_14-32-46 in 2_not continuum ubuntu-latest.txt
  - 2025-01-24_14-32-46 in 1_ continuum macos-latest.txt
  - 2025-01-24_14-32-46 in 0_not continuum macos-latest.txt
  - 2025-01-24_14-32-46 in 3_ continuum ubuntu-latest.txt
  - 2025-01-27_08-23-39 in 2_not continuum ubuntu-latest.txt
  - 2025-01-27_08-23-39 in 1_ continuum macos-latest.txt
  - 2025-01-27_08-23-39 in 0_not continuum macos-latest.txt
  - 2025-01-27_08-23-39 in 3_ continuum ubuntu-latest.txt
------------------------------------------------------------

